# JRE version: Java(TM) SE Runtime Environment (8.0_261-b12) (build 1.8.0_261-b12)
# Java VM: Java HotSpot(TM) 64-Bit Server VM (25.261-b12 mixed mode windows-amd64 compressed oops)
Heap:
 PSYoungGen      total 397824K, used 134779K [0x000000076b980000, 0x0000000785b80000, 0x00000007c0000000)
  eden space 380928K, 35% used [0x000000076b980000,0x0000000773c74780,0x0000000782d80000)
  from space 16896K, 4% used [0x0000000782e00000,0x0000000782eaa510,0x0000000783e80000)
  to   space 23552K, 0% used [0x0000000784480000,0x0000000784480000,0x0000000785b80000)
 ParOldGen       total 535552K, used 299081K [0x00000006c2c00000, 0x00000006e3700000, 0x000000076b980000)
  object space 535552K, 55% used [0x00000006c2c00000,0x00000006d50127b0,0x00000006e3700000)
 Metaspace       used 13856K, capacity 14462K, committed 14592K, reserved 1062912K
  class space    used 1810K, capacity 1995K, committed 2048K, reserved 1048576K
GC Heap History (10 events):
Event: 18.536 GC heap before
{Heap before GC invocations=15 (full 4):
 PSYoungGen      total 347136K, used 340578K [0x000000076b980000, 0x0000000784f00000, 0x00000007c0000000)
  eden space 333312K, 98% used [0x000000076b980000,0x000000077f89b4e8,0x000000077ff00000)
  from space 13824K, 99% used [0x0000000784180000,0x0000000784efd690,0x0000000784f00000)
  to   space 16896K, 0% used [0x0000000782e00000,0x0000000782e00000,0x0000000783e80000)
 ParOldGen       total 535552K, used 284528K [0x00000006c2c00000, 0x00000006e3700000, 0x000000076b980000)
  object space 535552K, 53% used [0x00000006c2c00000,0x00000006d41dc380,0x00000006e3700000)
 Metaspace       used 13792K, capacity 14334K, committed 14592K, reserved 1062912K
  class space    used 1809K, capacity 1995K, committed 2048K, reserved 1048576K
Event: 18.543 GC heap after
Heap after GC invocations=15 (full 4):
 PSYoungGen      total 350208K, used 13890K [0x000000076b980000, 0x0000000784f00000, 0x00000007c0000000)
  eden space 333312K, 0% used [0x000000076b980000,0x000000076b980000,0x000000077ff00000)
  from space 16896K, 82% used [0x0000000782e00000,0x0000000783b909f0,0x0000000783e80000)
  to   space 13824K, 0% used [0x0000000784180000,0x0000000784180000,0x0000000784f00000)
 ParOldGen       total 535552K, used 288126K [0x00000006c2c00000, 0x00000006e3700000, 0x000000076b980000)
  object space 535552K, 53% used [0x00000006c2c00000,0x00000006d455fbb0,0x00000006e3700000)
 Metaspace       used 13792K, capacity 14334K, committed 14592K, reserved 1062912K
  class space    used 1809K, capacity 1995K, committed 2048K, reserved 1048576K
}
Event: 19.202 GC heap before
{Heap before GC invocations=16 (full 4):
 PSYoungGen      total 350208K, used 334284K [0x000000076b980000, 0x0000000784f00000, 0x00000007c0000000)
  eden space 333312K, 96% used [0x000000076b980000,0x000000077f262650,0x000000077ff00000)
  from space 16896K, 82% used [0x0000000782e00000,0x0000000783b909f0,0x0000000783e80000)
  to   space 13824K, 0% used [0x0000000784180000,0x0000000784180000,0x0000000784f00000)
 ParOldGen       total 535552K, used 288126K [0x00000006c2c00000, 0x00000006e3700000, 0x000000076b980000)
  object space 535552K, 53% used [0x00000006c2c00000,0x00000006d455fbb0,0x00000006e3700000)
 Metaspace       used 13815K, capacity 14398K, committed 14592K, reserved 1062912K
  class space    used 1810K, capacity 1995K, committed 2048K, reserved 1048576K
Event: 19.205 GC heap after
Heap after GC invocations=16 (full 4):
 PSYoungGen      total 347136K, used 13819K [0x000000076b980000, 0x0000000784f00000, 0x00000007c0000000)
  eden space 333312K, 0% used [0x000000076b980000,0x000000076b980000,0x000000077ff00000)
  from space 13824K, 99% used [0x0000000784180000,0x0000000784efefd0,0x0000000784f00000)
  to   space 16896K, 0% used [0x0000000782e00000,0x0000000782e00000,0x0000000783e80000)
 ParOldGen       total 535552K, used 291673K [0x00000006c2c00000, 0x00000006e3700000, 0x000000076b980000)
  object space 535552K, 54% used [0x00000006c2c00000,0x00000006d48d67f0,0x00000006e3700000)
 Metaspace       used 13815K, capacity 14398K, committed 14592K, reserved 1062912K
  class space    used 1810K, capacity 1995K, committed 2048K, reserved 1048576K
}
Event: 19.536 GC heap before
{Heap before GC invocations=17 (full 4):
 PSYoungGen      total 347136K, used 337998K [0x000000076b980000, 0x0000000784f00000, 0x00000007c0000000)
  eden space 333312K, 97% used [0x000000076b980000,0x000000077f6148e0,0x000000077ff00000)
  from space 13824K, 99% used [0x0000000784180000,0x0000000784efefd0,0x0000000784f00000)
  to   space 16896K, 0% used [0x0000000782e00000,0x0000000782e00000,0x0000000783e80000)
 ParOldGen       total 535552K, used 291673K [0x00000006c2c00000, 0x00000006e3700000, 0x000000076b980000)
  object space 535552K, 54% used [0x00000006c2c00000,0x00000006d48d67f0,0x00000006e3700000)
 Metaspace       used 13818K, capacity 14398K, committed 14592K, reserved 1062912K
  class space    used 1810K, capacity 1995K, committed 2048K, reserved 1048576K
Event: 19.540 GC heap after
Heap after GC invocations=17 (full 4):
 PSYoungGen      total 350208K, used 13903K [0x000000076b980000, 0x0000000784f00000, 0x00000007c0000000)
  eden space 333312K, 0% used [0x000000076b980000,0x000000076b980000,0x000000077ff00000)
  from space 16896K, 82% used [0x0000000782e00000,0x0000000783b93d50,0x0000000783e80000)
  to   space 13824K, 0% used [0x0000000784180000,0x0000000784180000,0x0000000784f00000)
 ParOldGen       total 535552K, used 295278K [0x00000006c2c00000, 0x00000006e3700000, 0x000000076b980000)
  object space 535552K, 55% used [0x00000006c2c00000,0x00000006d4c5b9f0,0x00000006e3700000)
 Metaspace       used 13818K, capacity 14398K, committed 14592K, reserved 1062912K
  class space    used 1810K, capacity 1995K, committed 2048K, reserved 1048576K
}
Event: 19.888 GC heap before
{Heap before GC invocations=18 (full 4):
 PSYoungGen      total 350208K, used 338037K [0x000000076b980000, 0x0000000784f00000, 0x00000007c0000000)
  eden space 333312K, 97% used [0x000000076b980000,0x000000077f609720,0x000000077ff00000)
  from space 16896K, 82% used [0x0000000782e00000,0x0000000783b93d50,0x0000000783e80000)
  to   space 13824K, 0% used [0x0000000784180000,0x0000000784180000,0x0000000784f00000)
 ParOldGen       total 535552K, used 295278K [0x00000006c2c00000, 0x00000006e3700000, 0x000000076b980000)
  object space 535552K, 55% used [0x00000006c2c00000,0x00000006d4c5b9f0,0x00000006e3700000)
 Metaspace       used 13821K, capacity 14398K, committed 14592K, reserved 1062912K
  class space    used 1810K, capacity 1995K, committed 2048K, reserved 1048576K
Event: 19.891 GC heap after
Heap after GC invocations=18 (full 4):
 PSYoungGen      total 347136K, used 13813K [0x000000076b980000, 0x0000000784f00000, 0x00000007c0000000)
  eden space 333312K, 0% used [0x000000076b980000,0x000000076b980000,0x000000077ff00000)
  from space 13824K, 99% used [0x0000000784180000,0x0000000784efd4d0,0x0000000784f00000)
  to   space 16896K, 0% used [0x0000000782e00000,0x0000000782e00000,0x0000000783e80000)
 ParOldGen       total 535552K, used 298845K [0x00000006c2c00000, 0x00000006e3700000, 0x000000076b980000)
  object space 535552K, 55% used [0x00000006c2c00000,0x00000006d4fd7750,0x00000006e3700000)
 Metaspace       used 13821K, capacity 14398K, committed 14592K, reserved 1062912K
  class space    used 1810K, capacity 1995K, committed 2048K, reserved 1048576K
}
Event: 20.380 GC heap before
{Heap before GC invocations=19 (full 4):
 PSYoungGen      total 347136K, used 345574K [0x000000076b980000, 0x0000000784f00000, 0x00000007c0000000)
  eden space 333312K, 99% used [0x000000076b980000,0x000000077fd7c728,0x000000077ff00000)
  from space 13824K, 99% used [0x0000000784180000,0x0000000784efd4d0,0x0000000784f00000)
  to   space 16896K, 0% used [0x0000000782e00000,0x0000000782e00000,0x0000000783e80000)
 ParOldGen       total 535552K, used 298845K [0x00000006c2c00000, 0x00000006e3700000, 0x000000076b980000)
  object space 535552K, 55% used [0x00000006c2c00000,0x00000006d4fd7750,0x00000006e3700000)
 Metaspace       used 13852K, capacity 14462K, committed 14592K, reserved 1062912K
  class space    used 1810K, capacity 1995K, committed 2048K, reserved 1048576K
Event: 20.380 GC heap after
Heap after GC invocations=19 (full 4):
 PSYoungGen      total 397824K, used 681K [0x000000076b980000, 0x0000000785b80000, 0x00000007c0000000)
  eden space 380928K, 0% used [0x000000076b980000,0x000000076b980000,0x0000000782d80000)
  from space 16896K, 4% used [0x0000000782e00000,0x0000000782eaa510,0x0000000783e80000)
  to   space 23552K, 0% used [0x0000000784480000,0x0000000784480000,0x0000000785b80000)
 ParOldGen       total 535552K, used 299081K [0x00000006c2c00000, 0x00000006e3700000, 0x000000076b980000)
  object space 535552K, 55% used [0x00000006c2c00000,0x00000006d50127b0,0x00000006e3700000)
 Metaspace       used 13852K, capacity 14462K, committed 14592K, reserved 1062912K
  class space    used 1810K, capacity 1995K, committed 2048K, reserved 1048576K
}

