# JRE version: Java(TM) SE Runtime Environment (8.0_261-b12) (build 1.8.0_261-b12)
# Java VM: Java HotSpot(TM) 64-Bit Server VM (25.261-b12 mixed mode windows-amd64 compressed oops)
Heap:
 PSYoungGen      total 258560K, used 67093K [0x000000076b980000, 0x000000077c000000, 0x00000007c0000000)
  eden space 251392K, 25% used [0x000000076b980000,0x000000076f7c0a28,0x000000077af00000)
  from space 7168K, 46% used [0x000000077b900000,0x000000077bc44a90,0x000000077c000000)
  to   space 8704K, 0% used [0x000000077af00000,0x000000077af00000,0x000000077b780000)
 ParOldGen       total 278528K, used 196363K [0x00000006c2c00000, 0x00000006d3c00000, 0x000000076b980000)
  object space 278528K, 70% used [0x00000006c2c00000,0x00000006cebc2f40,0x00000006d3c00000)
 Metaspace       used 14934K, capacity 15510K, committed 15616K, reserved 1062912K
  class space    used 2032K, capacity 2207K, committed 2304K, reserved 1048576K
GC Heap History (10 events):
Event: 1.587 GC heap before
{Heap before GC invocations=3 (full 0):
 PSYoungGen      total 75776K, used 52710K [0x000000076b980000, 0x0000000774d80000, 0x00000007c0000000)
  eden space 65024K, 72% used [0x000000076b980000,0x000000076e7c8b30,0x000000076f900000)
  from space 10752K, 49% used [0x0000000770380000,0x00000007708b0fa0,0x0000000770e00000)
  to   space 10752K, 0% used [0x000000076f900000,0x000000076f900000,0x0000000770380000)
 ParOldGen       total 173568K, used 45024K [0x00000006c2c00000, 0x00000006cd580000, 0x000000076b980000)
  object space 173568K, 25% used [0x00000006c2c00000,0x00000006c57f8020,0x00000006cd580000)
 Metaspace       used 9298K, capacity 9568K, committed 9856K, reserved 1058816K
  class space    used 1201K, capacity 1305K, committed 1408K, reserved 1048576K
Event: 1.599 GC heap after
Heap after GC invocations=3 (full 0):
 PSYoungGen      total 75776K, used 5283K [0x000000076b980000, 0x0000000774d80000, 0x00000007c0000000)
  eden space 65024K, 0% used [0x000000076b980000,0x000000076b980000,0x000000076f900000)
  from space 10752K, 49% used [0x000000076f900000,0x000000076fe28fa0,0x0000000770380000)
  to   space 10752K, 0% used [0x0000000774300000,0x0000000774300000,0x0000000774d80000)
 ParOldGen       total 173568K, used 90032K [0x00000006c2c00000, 0x00000006cd580000, 0x000000076b980000)
  object space 173568K, 51% used [0x00000006c2c00000,0x00000006c83ec040,0x00000006cd580000)
 Metaspace       used 9298K, capacity 9568K, committed 9856K, reserved 1058816K
  class space    used 1201K, capacity 1305K, committed 1408K, reserved 1048576K
}
Event: 1.613 GC heap before
{Heap before GC invocations=4 (full 0):
 PSYoungGen      total 75776K, used 51880K [0x000000076b980000, 0x0000000774d80000, 0x00000007c0000000)
  eden space 65024K, 71% used [0x000000076b980000,0x000000076e701120,0x000000076f900000)
  from space 10752K, 49% used [0x000000076f900000,0x000000076fe28fa0,0x0000000770380000)
  to   space 10752K, 0% used [0x0000000774300000,0x0000000774300000,0x0000000774d80000)
 ParOldGen       total 173568K, used 90032K [0x00000006c2c00000, 0x00000006cd580000, 0x000000076b980000)
  object space 173568K, 51% used [0x00000006c2c00000,0x00000006c83ec040,0x00000006cd580000)
 Metaspace       used 9298K, capacity 9568K, committed 9856K, reserved 1058816K
  class space    used 1201K, capacity 1305K, committed 1408K, reserved 1048576K
Event: 1.625 GC heap after
Heap after GC invocations=4 (full 0):
 PSYoungGen      total 140800K, used 5235K [0x000000076b980000, 0x0000000774d80000, 0x00000007c0000000)
  eden space 130048K, 0% used [0x000000076b980000,0x000000076b980000,0x0000000773880000)
  from space 10752K, 48% used [0x0000000774300000,0x000000077481cfb0,0x0000000774d80000)
  to   space 10752K, 0% used [0x0000000773880000,0x0000000773880000,0x0000000774300000)
 ParOldGen       total 173568K, used 135032K [0x00000006c2c00000, 0x00000006cd580000, 0x000000076b980000)
  object space 173568K, 77% used [0x00000006c2c00000,0x00000006cafde060,0x00000006cd580000)
 Metaspace       used 9298K, capacity 9568K, committed 9856K, reserved 1058816K
  class space    used 1201K, capacity 1305K, committed 1408K, reserved 1048576K
}
Event: 1.625 GC heap before
{Heap before GC invocations=5 (full 1):
 PSYoungGen      total 140800K, used 5235K [0x000000076b980000, 0x0000000774d80000, 0x00000007c0000000)
  eden space 130048K, 0% used [0x000000076b980000,0x000000076b980000,0x0000000773880000)
  from space 10752K, 48% used [0x0000000774300000,0x000000077481cfb0,0x0000000774d80000)
  to   space 10752K, 0% used [0x0000000773880000,0x0000000773880000,0x0000000774300000)
 ParOldGen       total 173568K, used 135032K [0x00000006c2c00000, 0x00000006cd580000, 0x000000076b980000)
  object space 173568K, 77% used [0x00000006c2c00000,0x00000006cafde060,0x00000006cd580000)
 Metaspace       used 9298K, capacity 9568K, committed 9856K, reserved 1058816K
  class space    used 1201K, capacity 1305K, committed 1408K, reserved 1048576K
Event: 1.645 GC heap after
Heap after GC invocations=5 (full 1):
 PSYoungGen      total 140800K, used 0K [0x000000076b980000, 0x0000000774d80000, 0x00000007c0000000)
  eden space 130048K, 0% used [0x000000076b980000,0x000000076b980000,0x0000000773880000)
  from space 10752K, 0% used [0x0000000774300000,0x0000000774300000,0x0000000774d80000)
  to   space 10752K, 0% used [0x0000000773880000,0x0000000773880000,0x0000000774300000)
 ParOldGen       total 278528K, used 140088K [0x00000006c2c00000, 0x00000006d3c00000, 0x000000076b980000)
  object space 278528K, 50% used [0x00000006c2c00000,0x00000006cb4ce2f0,0x00000006d3c00000)
 Metaspace       used 9298K, capacity 9568K, committed 9856K, reserved 1058816K
  class space    used 1201K, capacity 1305K, committed 1408K, reserved 1048576K
}
Event: 2.726 GC heap before
{Heap before GC invocations=6 (full 1):
 PSYoungGen      total 140800K, used 130048K [0x000000076b980000, 0x0000000774d80000, 0x00000007c0000000)
  eden space 130048K, 100% used [0x000000076b980000,0x0000000773880000,0x0000000773880000)
  from space 10752K, 0% used [0x0000000774300000,0x0000000774300000,0x0000000774d80000)
  to   space 10752K, 0% used [0x0000000773880000,0x0000000773880000,0x0000000774300000)
 ParOldGen       total 278528K, used 140088K [0x00000006c2c00000, 0x00000006d3c00000, 0x000000076b980000)
  object space 278528K, 50% used [0x00000006c2c00000,0x00000006cb4ce2f0,0x00000006d3c00000)
 Metaspace       used 14184K, capacity 14746K, committed 14976K, reserved 1062912K
  class space    used 1987K, capacity 2133K, committed 2176K, reserved 1048576K
Event: 2.741 GC heap after
Heap after GC invocations=6 (full 1):
 PSYoungGen      total 140800K, used 8462K [0x000000076b980000, 0x000000077c100000, 0x00000007c0000000)
  eden space 130048K, 0% used [0x000000076b980000,0x000000076b980000,0x0000000773880000)
  from space 10752K, 78% used [0x0000000773880000,0x00000007740c3aa0,0x0000000774300000)
  to   space 8192K, 0% used [0x000000077b900000,0x000000077b900000,0x000000077c100000)
 ParOldGen       total 278528K, used 168224K [0x00000006c2c00000, 0x00000006d3c00000, 0x000000076b980000)
  object space 278528K, 60% used [0x00000006c2c00000,0x00000006cd048310,0x00000006d3c00000)
 Metaspace       used 14184K, capacity 14746K, committed 14976K, reserved 1062912K
  class space    used 1987K, capacity 2133K, committed 2176K, reserved 1048576K
}
Event: 3.415 GC heap before
{Heap before GC invocations=7 (full 1):
 PSYoungGen      total 140800K, used 138510K [0x000000076b980000, 0x000000077c100000, 0x00000007c0000000)
  eden space 130048K, 100% used [0x000000076b980000,0x0000000773880000,0x0000000773880000)
  from space 10752K, 78% used [0x0000000773880000,0x00000007740c3aa0,0x0000000774300000)
  to   space 8192K, 0% used [0x000000077b900000,0x000000077b900000,0x000000077c100000)
 ParOldGen       total 278528K, used 168224K [0x00000006c2c00000, 0x00000006d3c00000, 0x000000076b980000)
  object space 278528K, 60% used [0x00000006c2c00000,0x00000006cd048310,0x00000006d3c00000)
 Metaspace       used 14604K, capacity 15238K, committed 15360K, reserved 1062912K
  class space    used 2031K, capacity 2207K, committed 2304K, reserved 1048576K
Event: 3.426 GC heap after
Heap after GC invocations=7 (full 1):
 PSYoungGen      total 258560K, used 3346K [0x000000076b980000, 0x000000077c000000, 0x00000007c0000000)
  eden space 251392K, 0% used [0x000000076b980000,0x000000076b980000,0x000000077af00000)
  from space 7168K, 46% used [0x000000077b900000,0x000000077bc44a90,0x000000077c000000)
  to   space 8704K, 0% used [0x000000077af00000,0x000000077af00000,0x000000077b780000)
 ParOldGen       total 278528K, used 196363K [0x00000006c2c00000, 0x00000006d3c00000, 0x000000076b980000)
  object space 278528K, 70% used [0x00000006c2c00000,0x00000006cebc2f40,0x00000006d3c00000)
 Metaspace       used 14604K, capacity 15238K, committed 15360K, reserved 1062912K
  class space    used 2031K, capacity 2207K, committed 2304K, reserved 1048576K
}

