# JRE version: Java(TM) SE Runtime Environment (8.0_261-b12) (build 1.8.0_261-b12)
# Java VM: Java HotSpot(TM) 64-Bit Server VM (25.261-b12 mixed mode windows-amd64 compressed oops)
Heap:
 PSYoungGen      total 258560K, used 18549K [0x000000076b980000, 0x000000077c000000, 0x00000007c0000000)
  eden space 251392K, 5% used [0x000000076b980000,0x000000076c8055c8,0x000000077af00000)
  from space 7168K, 51% used [0x000000077b900000,0x000000077bc98010,0x000000077c000000)
  to   space 8704K, 0% used [0x000000077af00000,0x000000077af00000,0x000000077b780000)
 ParOldGen       total 278528K, used 185107K [0x00000006c2c00000, 0x00000006d3c00000, 0x000000076b980000)
  object space 278528K, 66% used [0x00000006c2c00000,0x00000006ce0c4f80,0x00000006d3c00000)
 Metaspace       used 14706K, capacity 15304K, committed 15616K, reserved 1062912K
  class space    used 2034K, capacity 2206K, committed 2304K, reserved 1048576K
GC Heap History (10 events):
Event: 1.644 GC heap before
{Heap before GC invocations=3 (full 0):
 PSYoungGen      total 75776K, used 52742K [0x000000076b980000, 0x0000000774d80000, 0x00000007c0000000)
  eden space 65024K, 72% used [0x000000076b980000,0x000000076e7c8ae0,0x000000076f900000)
  from space 10752K, 49% used [0x0000000770380000,0x00000007708b8fa0,0x0000000770e00000)
  to   space 10752K, 0% used [0x000000076f900000,0x000000076f900000,0x0000000770380000)
 ParOldGen       total 173568K, used 45024K [0x00000006c2c00000, 0x00000006cd580000, 0x000000076b980000)
  object space 173568K, 25% used [0x00000006c2c00000,0x00000006c57f8020,0x00000006cd580000)
 Metaspace       used 9298K, capacity 9568K, committed 9856K, reserved 1058816K
  class space    used 1200K, capacity 1305K, committed 1408K, reserved 1048576K
Event: 1.659 GC heap after
Heap after GC invocations=3 (full 0):
 PSYoungGen      total 75776K, used 5283K [0x000000076b980000, 0x0000000774d80000, 0x00000007c0000000)
  eden space 65024K, 0% used [0x000000076b980000,0x000000076b980000,0x000000076f900000)
  from space 10752K, 49% used [0x000000076f900000,0x000000076fe28fa0,0x0000000770380000)
  to   space 10752K, 0% used [0x0000000774300000,0x0000000774300000,0x0000000774d80000)
 ParOldGen       total 173568K, used 90024K [0x00000006c2c00000, 0x00000006cd580000, 0x000000076b980000)
  object space 173568K, 51% used [0x00000006c2c00000,0x00000006c83ea040,0x00000006cd580000)
 Metaspace       used 9298K, capacity 9568K, committed 9856K, reserved 1058816K
  class space    used 1200K, capacity 1305K, committed 1408K, reserved 1048576K
}
Event: 1.676 GC heap before
{Heap before GC invocations=4 (full 0):
 PSYoungGen      total 75776K, used 51880K [0x000000076b980000, 0x0000000774d80000, 0x00000007c0000000)
  eden space 65024K, 71% used [0x000000076b980000,0x000000076e701108,0x000000076f900000)
  from space 10752K, 49% used [0x000000076f900000,0x000000076fe28fa0,0x0000000770380000)
  to   space 10752K, 0% used [0x0000000774300000,0x0000000774300000,0x0000000774d80000)
 ParOldGen       total 173568K, used 90024K [0x00000006c2c00000, 0x00000006cd580000, 0x000000076b980000)
  object space 173568K, 51% used [0x00000006c2c00000,0x00000006c83ea040,0x00000006cd580000)
 Metaspace       used 9298K, capacity 9568K, committed 9856K, reserved 1058816K
  class space    used 1200K, capacity 1305K, committed 1408K, reserved 1048576K
Event: 1.688 GC heap after
Heap after GC invocations=4 (full 0):
 PSYoungGen      total 140800K, used 5315K [0x000000076b980000, 0x0000000774d80000, 0x00000007c0000000)
  eden space 130048K, 0% used [0x000000076b980000,0x000000076b980000,0x0000000773880000)
  from space 10752K, 49% used [0x0000000774300000,0x0000000774830fa0,0x0000000774d80000)
  to   space 10752K, 0% used [0x0000000773880000,0x0000000773880000,0x0000000774300000)
 ParOldGen       total 173568K, used 135032K [0x00000006c2c00000, 0x00000006cd580000, 0x000000076b980000)
  object space 173568K, 77% used [0x00000006c2c00000,0x00000006cafde060,0x00000006cd580000)
 Metaspace       used 9298K, capacity 9568K, committed 9856K, reserved 1058816K
  class space    used 1200K, capacity 1305K, committed 1408K, reserved 1048576K
}
Event: 1.688 GC heap before
{Heap before GC invocations=5 (full 1):
 PSYoungGen      total 140800K, used 5315K [0x000000076b980000, 0x0000000774d80000, 0x00000007c0000000)
  eden space 130048K, 0% used [0x000000076b980000,0x000000076b980000,0x0000000773880000)
  from space 10752K, 49% used [0x0000000774300000,0x0000000774830fa0,0x0000000774d80000)
  to   space 10752K, 0% used [0x0000000773880000,0x0000000773880000,0x0000000774300000)
 ParOldGen       total 173568K, used 135032K [0x00000006c2c00000, 0x00000006cd580000, 0x000000076b980000)
  object space 173568K, 77% used [0x00000006c2c00000,0x00000006cafde060,0x00000006cd580000)
 Metaspace       used 9298K, capacity 9568K, committed 9856K, reserved 1058816K
  class space    used 1200K, capacity 1305K, committed 1408K, reserved 1048576K
Event: 1.711 GC heap after
Heap after GC invocations=5 (full 1):
 PSYoungGen      total 140800K, used 0K [0x000000076b980000, 0x0000000774d80000, 0x00000007c0000000)
  eden space 130048K, 0% used [0x000000076b980000,0x000000076b980000,0x0000000773880000)
  from space 10752K, 0% used [0x0000000774300000,0x0000000774300000,0x0000000774d80000)
  to   space 10752K, 0% used [0x0000000773880000,0x0000000773880000,0x0000000774300000)
 ParOldGen       total 278528K, used 140088K [0x00000006c2c00000, 0x00000006d3c00000, 0x000000076b980000)
  object space 278528K, 50% used [0x00000006c2c00000,0x00000006cb4ce350,0x00000006d3c00000)
 Metaspace       used 9298K, capacity 9568K, committed 9856K, reserved 1058816K
  class space    used 1200K, capacity 1305K, committed 1408K, reserved 1048576K
}
Event: 2.831 GC heap before
{Heap before GC invocations=6 (full 1):
 PSYoungGen      total 140800K, used 130048K [0x000000076b980000, 0x0000000774d80000, 0x00000007c0000000)
  eden space 130048K, 100% used [0x000000076b980000,0x0000000773880000,0x0000000773880000)
  from space 10752K, 0% used [0x0000000774300000,0x0000000774300000,0x0000000774d80000)
  to   space 10752K, 0% used [0x0000000773880000,0x0000000773880000,0x0000000774300000)
 ParOldGen       total 278528K, used 140088K [0x00000006c2c00000, 0x00000006d3c00000, 0x000000076b980000)
  object space 278528K, 50% used [0x00000006c2c00000,0x00000006cb4ce350,0x00000006d3c00000)
 Metaspace       used 14263K, capacity 14810K, committed 14976K, reserved 1062912K
  class space    used 1995K, capacity 2133K, committed 2176K, reserved 1048576K
Event: 2.844 GC heap after
Heap after GC invocations=6 (full 1):
 PSYoungGen      total 140800K, used 8494K [0x000000076b980000, 0x000000077c100000, 0x00000007c0000000)
  eden space 130048K, 0% used [0x000000076b980000,0x000000076b980000,0x0000000773880000)
  from space 10752K, 79% used [0x0000000773880000,0x00000007740cbaa0,0x0000000774300000)
  to   space 8192K, 0% used [0x000000077b900000,0x000000077b900000,0x000000077c100000)
 ParOldGen       total 278528K, used 168224K [0x00000006c2c00000, 0x00000006d3c00000, 0x000000076b980000)
  object space 278528K, 60% used [0x00000006c2c00000,0x00000006cd048370,0x00000006d3c00000)
 Metaspace       used 14263K, capacity 14810K, committed 14976K, reserved 1062912K
  class space    used 1995K, capacity 2133K, committed 2176K, reserved 1048576K
}
Event: 3.337 GC heap before
{Heap before GC invocations=7 (full 1):
 PSYoungGen      total 140800K, used 138542K [0x000000076b980000, 0x000000077c100000, 0x00000007c0000000)
  eden space 130048K, 100% used [0x000000076b980000,0x0000000773880000,0x0000000773880000)
  from space 10752K, 79% used [0x0000000773880000,0x00000007740cbaa0,0x0000000774300000)
  to   space 8192K, 0% used [0x000000077b900000,0x000000077b900000,0x000000077c100000)
 ParOldGen       total 278528K, used 168224K [0x00000006c2c00000, 0x00000006d3c00000, 0x000000076b980000)
  object space 278528K, 60% used [0x00000006c2c00000,0x00000006cd048370,0x00000006d3c00000)
 Metaspace       used 14699K, capacity 15304K, committed 15616K, reserved 1062912K
  class space    used 2034K, capacity 2206K, committed 2304K, reserved 1048576K
Event: 3.350 GC heap after
Heap after GC invocations=7 (full 1):
 PSYoungGen      total 258560K, used 3680K [0x000000076b980000, 0x000000077c000000, 0x00000007c0000000)
  eden space 251392K, 0% used [0x000000076b980000,0x000000076b980000,0x000000077af00000)
  from space 7168K, 51% used [0x000000077b900000,0x000000077bc98010,0x000000077c000000)
  to   space 8704K, 0% used [0x000000077af00000,0x000000077af00000,0x000000077b780000)
 ParOldGen       total 278528K, used 185107K [0x00000006c2c00000, 0x00000006d3c00000, 0x000000076b980000)
  object space 278528K, 66% used [0x00000006c2c00000,0x00000006ce0c4f80,0x00000006d3c00000)
 Metaspace       used 14699K, capacity 15304K, committed 15616K, reserved 1062912K
  class space    used 2034K, capacity 2206K, committed 2304K, reserved 1048576K
}

