# JRE version: Java(TM) SE Runtime Environment (8.0_261-b12) (build 1.8.0_261-b12)
# Java VM: Java HotSpot(TM) 64-Bit Server VM (25.261-b12 mixed mode windows-amd64 compressed oops)
Heap:
 PSYoungGen      total 140800K, used 78254K [0x000000076b980000, 0x0000000774d80000, 0x00000007c0000000)
  eden space 130048K, 60% used [0x000000076b980000,0x00000007705eba60,0x0000000773880000)
  from space 10752K, 0% used [0x0000000774300000,0x0000000774300000,0x0000000774d80000)
  to   space 10752K, 0% used [0x0000000773880000,0x0000000773880000,0x0000000774300000)
 ParOldGen       total 292864K, used 157811K [0x00000006c2c00000, 0x00000006d4a00000, 0x000000076b980000)
  object space 292864K, 53% used [0x00000006c2c00000,0x00000006cc61cd78,0x00000006d4a00000)
 Metaspace       used 10700K, capacity 11044K, committed 11392K, reserved 1067008K
  class space    used 1492K, capacity 1603K, committed 1664K, reserved 1048576K
GC Heap History (10 events):
Event: 0.647 GC heap before
{Heap before GC invocations=1 (full 0):
 PSYoungGen      total 75776K, used 44086K [0x000000076b980000, 0x0000000770e00000, 0x00000007c0000000)
  eden space 65024K, 67% used [0x000000076b980000,0x000000076e48d898,0x000000076f900000)
  from space 10752K, 0% used [0x0000000770380000,0x0000000770380000,0x0000000770e00000)
  to   space 10752K, 0% used [0x000000076f900000,0x000000076f900000,0x0000000770380000)
 ParOldGen       total 173568K, used 0K [0x00000006c2c00000, 0x00000006cd580000, 0x000000076b980000)
  object space 173568K, 0% used [0x00000006c2c00000,0x00000006c2c00000,0x00000006cd580000)
 Metaspace       used 7744K, capacity 8262K, committed 8320K, reserved 1056768K
  class space    used 1020K, capacity 1136K, committed 1152K, reserved 1048576K
Event: 0.653 GC heap after
Heap after GC invocations=1 (full 0):
 PSYoungGen      total 75776K, used 10614K [0x000000076b980000, 0x0000000770e00000, 0x00000007c0000000)
  eden space 65024K, 0% used [0x000000076b980000,0x000000076b980000,0x000000076f900000)
  from space 10752K, 98% used [0x000000076f900000,0x000000077035db90,0x0000000770380000)
  to   space 10752K, 0% used [0x0000000770380000,0x0000000770380000,0x0000000770e00000)
 ParOldGen       total 173568K, used 12516K [0x00000006c2c00000, 0x00000006cd580000, 0x000000076b980000)
  object space 173568K, 7% used [0x00000006c2c00000,0x00000006c3839050,0x00000006cd580000)
 Metaspace       used 7744K, capacity 8262K, committed 8320K, reserved 1056768K
  class space    used 1020K, capacity 1136K, committed 1152K, reserved 1048576K
}
Event: 0.673 GC heap before
{Heap before GC invocations=2 (full 0):
 PSYoungGen      total 75776K, used 57971K [0x000000076b980000, 0x0000000770e00000, 0x00000007c0000000)
  eden space 65024K, 72% used [0x000000076b980000,0x000000076e7bf268,0x000000076f900000)
  from space 10752K, 98% used [0x000000076f900000,0x000000077035db90,0x0000000770380000)
  to   space 10752K, 0% used [0x0000000770380000,0x0000000770380000,0x0000000770e00000)
 ParOldGen       total 173568K, used 12516K [0x00000006c2c00000, 0x00000006cd580000, 0x000000076b980000)
  object space 173568K, 7% used [0x00000006c2c00000,0x00000006c3839050,0x00000006cd580000)
 Metaspace       used 7751K, capacity 8262K, committed 8320K, reserved 1056768K
  class space    used 1020K, capacity 1136K, committed 1152K, reserved 1048576K
Event: 0.689 GC heap after
Heap after GC invocations=2 (full 0):
 PSYoungGen      total 75776K, used 10486K [0x000000076b980000, 0x0000000774d80000, 0x00000007c0000000)
  eden space 65024K, 0% used [0x000000076b980000,0x000000076b980000,0x000000076f900000)
  from space 10752K, 97% used [0x0000000770380000,0x0000000770dbd940,0x0000000770e00000)
  to   space 10752K, 0% used [0x000000076f900000,0x000000076f900000,0x0000000770380000)
 ParOldGen       total 173568K, used 57524K [0x00000006c2c00000, 0x00000006cd580000, 0x000000076b980000)
  object space 173568K, 33% used [0x00000006c2c00000,0x00000006c642d070,0x00000006cd580000)
 Metaspace       used 7751K, capacity 8262K, committed 8320K, reserved 1056768K
  class space    used 1020K, capacity 1136K, committed 1152K, reserved 1048576K
}
Event: 0.708 GC heap before
{Heap before GC invocations=3 (full 0):
 PSYoungGen      total 75776K, used 57255K [0x000000076b980000, 0x0000000774d80000, 0x00000007c0000000)
  eden space 65024K, 71% used [0x000000076b980000,0x000000076e72c638,0x000000076f900000)
  from space 10752K, 97% used [0x0000000770380000,0x0000000770dbd940,0x0000000770e00000)
  to   space 10752K, 0% used [0x000000076f900000,0x000000076f900000,0x0000000770380000)
 ParOldGen       total 173568K, used 57524K [0x00000006c2c00000, 0x00000006cd580000, 0x000000076b980000)
  object space 173568K, 33% used [0x00000006c2c00000,0x00000006c642d070,0x00000006cd580000)
 Metaspace       used 7751K, capacity 8262K, committed 8320K, reserved 1056768K
  class space    used 1020K, capacity 1136K, committed 1152K, reserved 1048576K
Event: 0.726 GC heap after
Heap after GC invocations=3 (full 0):
 PSYoungGen      total 75776K, used 10436K [0x000000076b980000, 0x0000000774d80000, 0x00000007c0000000)
  eden space 65024K, 0% used [0x000000076b980000,0x000000076b980000,0x000000076f900000)
  from space 10752K, 97% used [0x000000076f900000,0x0000000770331318,0x0000000770380000)
  to   space 10752K, 0% used [0x0000000774300000,0x0000000774300000,0x0000000774d80000)
 ParOldGen       total 173568K, used 102524K [0x00000006c2c00000, 0x00000006cd580000, 0x000000076b980000)
  object space 173568K, 59% used [0x00000006c2c00000,0x00000006c901f090,0x00000006cd580000)
 Metaspace       used 7751K, capacity 8262K, committed 8320K, reserved 1056768K
  class space    used 1020K, capacity 1136K, committed 1152K, reserved 1048576K
}
Event: 0.745 GC heap before
{Heap before GC invocations=4 (full 0):
 PSYoungGen      total 75776K, used 57250K [0x000000076b980000, 0x0000000774d80000, 0x00000007c0000000)
  eden space 65024K, 71% used [0x000000076b980000,0x000000076e7376d0,0x000000076f900000)
  from space 10752K, 97% used [0x000000076f900000,0x0000000770331318,0x0000000770380000)
  to   space 10752K, 0% used [0x0000000774300000,0x0000000774300000,0x0000000774d80000)
 ParOldGen       total 173568K, used 102524K [0x00000006c2c00000, 0x00000006cd580000, 0x000000076b980000)
  object space 173568K, 59% used [0x00000006c2c00000,0x00000006c901f090,0x00000006cd580000)
 Metaspace       used 7752K, capacity 8262K, committed 8320K, reserved 1056768K
  class space    used 1020K, capacity 1136K, committed 1152K, reserved 1048576K
Event: 0.761 GC heap after
Heap after GC invocations=4 (full 0):
 PSYoungGen      total 140800K, used 10521K [0x000000076b980000, 0x0000000774d80000, 0x00000007c0000000)
  eden space 130048K, 0% used [0x000000076b980000,0x000000076b980000,0x0000000773880000)
  from space 10752K, 97% used [0x0000000774300000,0x0000000774d46760,0x0000000774d80000)
  to   space 10752K, 0% used [0x0000000773880000,0x0000000773880000,0x0000000774300000)
 ParOldGen       total 173568K, used 147532K [0x00000006c2c00000, 0x00000006cd580000, 0x000000076b980000)
  object space 173568K, 84% used [0x00000006c2c00000,0x00000006cbc130b0,0x00000006cd580000)
 Metaspace       used 7752K, capacity 8262K, committed 8320K, reserved 1056768K
  class space    used 1020K, capacity 1136K, committed 1152K, reserved 1048576K
}
Event: 0.761 GC heap before
{Heap before GC invocations=5 (full 1):
 PSYoungGen      total 140800K, used 10521K [0x000000076b980000, 0x0000000774d80000, 0x00000007c0000000)
  eden space 130048K, 0% used [0x000000076b980000,0x000000076b980000,0x0000000773880000)
  from space 10752K, 97% used [0x0000000774300000,0x0000000774d46760,0x0000000774d80000)
  to   space 10752K, 0% used [0x0000000773880000,0x0000000773880000,0x0000000774300000)
 ParOldGen       total 173568K, used 147532K [0x00000006c2c00000, 0x00000006cd580000, 0x000000076b980000)
  object space 173568K, 84% used [0x00000006c2c00000,0x00000006cbc130b0,0x00000006cd580000)
 Metaspace       used 7752K, capacity 8262K, committed 8320K, reserved 1056768K
  class space    used 1020K, capacity 1136K, committed 1152K, reserved 1048576K
Event: 0.791 GC heap after
Heap after GC invocations=5 (full 1):
 PSYoungGen      total 140800K, used 0K [0x000000076b980000, 0x0000000774d80000, 0x00000007c0000000)
  eden space 130048K, 0% used [0x000000076b980000,0x000000076b980000,0x0000000773880000)
  from space 10752K, 0% used [0x0000000774300000,0x0000000774300000,0x0000000774d80000)
  to   space 10752K, 0% used [0x0000000773880000,0x0000000773880000,0x0000000774300000)
 ParOldGen       total 292864K, used 157811K [0x00000006c2c00000, 0x00000006d4a00000, 0x000000076b980000)
  object space 292864K, 53% used [0x00000006c2c00000,0x00000006cc61cd78,0x00000006d4a00000)
 Metaspace       used 7752K, capacity 8262K, committed 8320K, reserved 1056768K
  class space    used 1020K, capacity 1136K, committed 1152K, reserved 1048576K
}

