# JRE version: Java(TM) SE Runtime Environment (8.0_261-b12) (build 1.8.0_261-b12)
# Java VM: Java HotSpot(TM) 64-Bit Server VM (25.261-b12 mixed mode windows-amd64 compressed oops)
Heap:
 PSYoungGen      total 369152K, used 31105K [0x000000076b980000, 0x0000000783b80000, 0x00000007c0000000)
  eden space 350720K, 3% used [0x000000076b980000,0x000000076c66a410,0x0000000781000000)
  from space 18432K, 97% used [0x0000000781780000,0x00000007828f6220,0x0000000782980000)
  to   space 14336K, 0% used [0x0000000782d80000,0x0000000782d80000,0x0000000783b80000)
 ParOldGen       total 624640K, used 418070K [0x00000006c2c00000, 0x00000006e8e00000, 0x000000076b980000)
  object space 624640K, 66% used [0x00000006c2c00000,0x00000006dc445950,0x00000006e8e00000)
 Metaspace       used 13224K, capacity 13784K, committed 14080K, reserved 1060864K
  class space    used 1803K, capacity 1962K, committed 2048K, reserved 1048576K
GC Heap History (10 events):
Event: 1.339 GC heap before
{Heap before GC invocations=7 (full 2):
 PSYoungGen      total 140800K, used 2506K [0x000000076b980000, 0x000000077c000000, 0x00000007c0000000)
  eden space 130048K, 0% used [0x000000076b980000,0x000000076b980000,0x0000000773880000)
  from space 10752K, 23% used [0x0000000773880000,0x0000000773af28d0,0x0000000774300000)
  to   space 13312K, 0% used [0x000000077b300000,0x000000077b300000,0x000000077c000000)
 ParOldGen       total 293888K, used 270319K [0x00000006c2c00000, 0x00000006d4b00000, 0x000000076b980000)
  object space 293888K, 91% used [0x00000006c2c00000,0x00000006d33fbd10,0x00000006d4b00000)
 Metaspace       used 10473K, capacity 10882K, committed 11136K, reserved 1058816K
  class space    used 1465K, capacity 1571K, committed 1664K, reserved 1048576K
Event: 1.377 GC heap after
Heap after GC invocations=7 (full 2):
 PSYoungGen      total 140800K, used 0K [0x000000076b980000, 0x000000077c000000, 0x00000007c0000000)
  eden space 130048K, 0% used [0x000000076b980000,0x000000076b980000,0x0000000773880000)
  from space 10752K, 0% used [0x0000000773880000,0x0000000773880000,0x0000000774300000)
  to   space 13312K, 0% used [0x000000077b300000,0x000000077b300000,0x000000077c000000)
 ParOldGen       total 465920K, used 271354K [0x00000006c2c00000, 0x00000006df300000, 0x000000076b980000)
  object space 465920K, 58% used [0x00000006c2c00000,0x00000006d34feb40,0x00000006df300000)
 Metaspace       used 10473K, capacity 10882K, committed 11136K, reserved 1058816K
  class space    used 1465K, capacity 1571K, committed 1664K, reserved 1048576K
}
Event: 1.418 GC heap before
{Heap before GC invocations=8 (full 2):
 PSYoungGen      total 140800K, used 116194K [0x000000076b980000, 0x000000077c000000, 0x00000007c0000000)
  eden space 130048K, 89% used [0x000000076b980000,0x0000000772af8998,0x0000000773880000)
  from space 10752K, 0% used [0x0000000773880000,0x0000000773880000,0x0000000774300000)
  to   space 13312K, 0% used [0x000000077b300000,0x000000077b300000,0x000000077c000000)
 ParOldGen       total 465920K, used 271354K [0x00000006c2c00000, 0x00000006df300000, 0x000000076b980000)
  object space 465920K, 58% used [0x00000006c2c00000,0x00000006d34feb40,0x00000006df300000)
 Metaspace       used 10473K, capacity 10882K, committed 11136K, reserved 1058816K
  class space    used 1465K, capacity 1571K, committed 1664K, reserved 1048576K
Event: 1.444 GC heap after
Heap after GC invocations=8 (full 2):
 PSYoungGen      total 249344K, used 923K [0x000000076b980000, 0x000000077be00000, 0x00000007c0000000)
  eden space 238080K, 0% used [0x000000076b980000,0x000000076b980000,0x000000077a200000)
  from space 11264K, 8% used [0x000000077b300000,0x000000077b3e6e58,0x000000077be00000)
  to   space 14336K, 0% used [0x000000077a200000,0x000000077a200000,0x000000077b000000)
 ParOldGen       total 465920K, used 383854K [0x00000006c2c00000, 0x00000006df300000, 0x000000076b980000)
  object space 465920K, 82% used [0x00000006c2c00000,0x00000006da2dbb90,0x00000006df300000)
 Metaspace       used 10473K, capacity 10882K, committed 11136K, reserved 1058816K
  class space    used 1465K, capacity 1571K, committed 1664K, reserved 1048576K
}
Event: 1.444 GC heap before
{Heap before GC invocations=9 (full 3):
 PSYoungGen      total 249344K, used 923K [0x000000076b980000, 0x000000077be00000, 0x00000007c0000000)
  eden space 238080K, 0% used [0x000000076b980000,0x000000076b980000,0x000000077a200000)
  from space 11264K, 8% used [0x000000077b300000,0x000000077b3e6e58,0x000000077be00000)
  to   space 14336K, 0% used [0x000000077a200000,0x000000077a200000,0x000000077b000000)
 ParOldGen       total 465920K, used 383854K [0x00000006c2c00000, 0x00000006df300000, 0x000000076b980000)
  object space 465920K, 82% used [0x00000006c2c00000,0x00000006da2dbb90,0x00000006df300000)
 Metaspace       used 10473K, capacity 10882K, committed 11136K, reserved 1058816K
  class space    used 1465K, capacity 1571K, committed 1664K, reserved 1048576K
Event: 1.495 GC heap after
Heap after GC invocations=9 (full 3):
 PSYoungGen      total 249344K, used 0K [0x000000076b980000, 0x000000077be00000, 0x00000007c0000000)
  eden space 238080K, 0% used [0x000000076b980000,0x000000076b980000,0x000000077a200000)
  from space 11264K, 0% used [0x000000077b300000,0x000000077b300000,0x000000077be00000)
  to   space 14336K, 0% used [0x000000077a200000,0x000000077a200000,0x000000077b000000)
 ParOldGen       total 624640K, used 383813K [0x00000006c2c00000, 0x00000006e8e00000, 0x000000076b980000)
  object space 624640K, 61% used [0x00000006c2c00000,0x00000006da2d16f0,0x00000006e8e00000)
 Metaspace       used 10473K, capacity 10882K, committed 11136K, reserved 1058816K
  class space    used 1465K, capacity 1571K, committed 1664K, reserved 1048576K
}
Event: 3.386 GC heap before
{Heap before GC invocations=10 (full 3):
 PSYoungGen      total 249344K, used 229798K [0x000000076b980000, 0x000000077be00000, 0x00000007c0000000)
  eden space 238080K, 96% used [0x000000076b980000,0x00000007799e99c0,0x000000077a200000)
  from space 11264K, 0% used [0x000000077b300000,0x000000077b300000,0x000000077be00000)
  to   space 14336K, 0% used [0x000000077a200000,0x000000077a200000,0x000000077b000000)
 ParOldGen       total 624640K, used 383813K [0x00000006c2c00000, 0x00000006e8e00000, 0x000000076b980000)
  object space 624640K, 61% used [0x00000006c2c00000,0x00000006da2d16f0,0x00000006e8e00000)
 Metaspace       used 12919K, capacity 13462K, committed 13568K, reserved 1060864K
  class space    used 1792K, capacity 1961K, committed 2048K, reserved 1048576K
Event: 3.402 GC heap after
Heap after GC invocations=10 (full 3):
 PSYoungGen      total 252416K, used 14153K [0x000000076b980000, 0x0000000783e00000, 0x00000007c0000000)
  eden space 238080K, 0% used [0x000000076b980000,0x000000076b980000,0x000000077a200000)
  from space 14336K, 98% used [0x000000077a200000,0x000000077afd2410,0x000000077b000000)
  to   space 16896K, 0% used [0x0000000782d80000,0x0000000782d80000,0x0000000783e00000)
 ParOldGen       total 624640K, used 414748K [0x00000006c2c00000, 0x00000006e8e00000, 0x000000076b980000)
  object space 624640K, 66% used [0x00000006c2c00000,0x00000006dc107040,0x00000006e8e00000)
 Metaspace       used 12919K, capacity 13462K, committed 13568K, reserved 1060864K
  class space    used 1792K, capacity 1961K, committed 2048K, reserved 1048576K
}
Event: 3.660 GC heap before
{Heap before GC invocations=11 (full 3):
 PSYoungGen      total 252416K, used 246427K [0x000000076b980000, 0x0000000783e00000, 0x00000007c0000000)
  eden space 238080K, 97% used [0x000000076b980000,0x0000000779c54a28,0x000000077a200000)
  from space 14336K, 98% used [0x000000077a200000,0x000000077afd2410,0x000000077b000000)
  to   space 16896K, 0% used [0x0000000782d80000,0x0000000782d80000,0x0000000783e00000)
 ParOldGen       total 624640K, used 414748K [0x00000006c2c00000, 0x00000006e8e00000, 0x000000076b980000)
  object space 624640K, 66% used [0x00000006c2c00000,0x00000006dc107040,0x00000006e8e00000)
 Metaspace       used 13064K, capacity 13592K, committed 13824K, reserved 1060864K
  class space    used 1802K, capacity 1962K, committed 2048K, reserved 1048576K
Event: 3.671 GC heap after
Heap after GC invocations=11 (full 3):
 PSYoungGen      total 365056K, used 14299K [0x000000076b980000, 0x0000000783b80000, 0x00000007c0000000)
  eden space 350720K, 0% used [0x000000076b980000,0x000000076b980000,0x0000000781000000)
  from space 14336K, 99% used [0x0000000782d80000,0x0000000783b76e90,0x0000000783b80000)
  to   space 18432K, 0% used [0x0000000781780000,0x0000000781780000,0x0000000782980000)
 ParOldGen       total 624640K, used 418062K [0x00000006c2c00000, 0x00000006e8e00000, 0x000000076b980000)
  object space 624640K, 66% used [0x00000006c2c00000,0x00000006dc443950,0x00000006e8e00000)
 Metaspace       used 13064K, capacity 13592K, committed 13824K, reserved 1060864K
  class space    used 1802K, capacity 1962K, committed 2048K, reserved 1048576K
}

