# JRE version: Java(TM) SE Runtime Environment (8.0_261-b12) (build 1.8.0_261-b12)
# Java VM: Java HotSpot(TM) 64-Bit Server VM (25.261-b12 mixed mode windows-amd64 compressed oops)
Heap:
 PSYoungGen      total 254976K, used 188927K [0x000000076b980000, 0x000000077c700000, 0x00000007c0000000)
  eden space 243200K, 77% used [0x000000076b980000,0x00000007771ffd30,0x000000077a700000)
  from space 11776K, 0% used [0x000000077b480000,0x000000077b480000,0x000000077c000000)
  to   space 13824K, 0% used [0x000000077a700000,0x000000077a700000,0x000000077b480000)
 ParOldGen       total 402432K, used 184838K [0x00000006c2c00000, 0x00000006db500000, 0x000000076b980000)
  object space 402432K, 45% used [0x00000006c2c00000,0x00000006ce0819e8,0x00000006db500000)
 Metaspace       used 13407K, capacity 13942K, committed 14080K, reserved 1060864K
  class space    used 1829K, capacity 1995K, committed 2048K, reserved 1048576K
GC Heap History (10 events):
Event: 0.656 GC heap before
{Heap before GC invocations=5 (full 1):
 PSYoungGen      total 140800K, used 10473K [0x000000076b980000, 0x0000000774d80000, 0x00000007c0000000)
  eden space 130048K, 0% used [0x000000076b980000,0x000000076b980000,0x0000000773880000)
  from space 10752K, 97% used [0x0000000774300000,0x0000000774d3a750,0x0000000774d80000)
  to   space 10752K, 0% used [0x0000000773880000,0x0000000773880000,0x0000000774300000)
 ParOldGen       total 173568K, used 147524K [0x00000006c2c00000, 0x00000006cd580000, 0x000000076b980000)
  object space 173568K, 84% used [0x00000006c2c00000,0x00000006cbc110b0,0x00000006cd580000)
 Metaspace       used 7752K, capacity 8262K, committed 8320K, reserved 1056768K
  class space    used 1023K, capacity 1136K, committed 1152K, reserved 1048576K
Event: 0.681 GC heap after
Heap after GC invocations=5 (full 1):
 PSYoungGen      total 140800K, used 0K [0x000000076b980000, 0x0000000774d80000, 0x00000007c0000000)
  eden space 130048K, 0% used [0x000000076b980000,0x000000076b980000,0x0000000773880000)
  from space 10752K, 0% used [0x0000000774300000,0x0000000774300000,0x0000000774d80000)
  to   space 10752K, 0% used [0x0000000773880000,0x0000000773880000,0x0000000774300000)
 ParOldGen       total 292352K, used 157811K [0x00000006c2c00000, 0x00000006d4980000, 0x000000076b980000)
  object space 292352K, 53% used [0x00000006c2c00000,0x00000006cc61ccd0,0x00000006d4980000)
 Metaspace       used 7752K, capacity 8262K, committed 8320K, reserved 1056768K
  class space    used 1023K, capacity 1136K, committed 1152K, reserved 1048576K
}
Event: 1.683 GC heap before
{Heap before GC invocations=6 (full 1):
 PSYoungGen      total 140800K, used 110093K [0x000000076b980000, 0x0000000774d80000, 0x00000007c0000000)
  eden space 130048K, 84% used [0x000000076b980000,0x0000000772503460,0x0000000773880000)
  from space 10752K, 0% used [0x0000000774300000,0x0000000774300000,0x0000000774d80000)
  to   space 10752K, 0% used [0x0000000773880000,0x0000000773880000,0x0000000774300000)
 ParOldGen       total 292352K, used 157811K [0x00000006c2c00000, 0x00000006d4980000, 0x000000076b980000)
  object space 292352K, 53% used [0x00000006c2c00000,0x00000006cc61ccd0,0x00000006d4980000)
 Metaspace       used 12740K, capacity 13276K, committed 13568K, reserved 1060864K
  class space    used 1788K, capacity 1924K, committed 2048K, reserved 1048576K
Event: 1.702 GC heap after
Heap after GC invocations=6 (full 1):
 PSYoungGen      total 140800K, used 8139K [0x000000076b980000, 0x000000077c000000, 0x00000007c0000000)
  eden space 130048K, 0% used [0x000000076b980000,0x000000076b980000,0x0000000773880000)
  from space 10752K, 75% used [0x0000000773880000,0x0000000774072fd8,0x0000000774300000)
  to   space 11776K, 0% used [0x000000077b480000,0x000000077b480000,0x000000077c000000)
 ParOldGen       total 292352K, used 247819K [0x00000006c2c00000, 0x00000006d4980000, 0x000000076b980000)
  object space 292352K, 84% used [0x00000006c2c00000,0x00000006d1e02d10,0x00000006d4980000)
 Metaspace       used 12740K, capacity 13276K, committed 13568K, reserved 1060864K
  class space    used 1788K, capacity 1924K, committed 2048K, reserved 1048576K
}
Event: 1.702 GC heap before
{Heap before GC invocations=7 (full 2):
 PSYoungGen      total 140800K, used 8139K [0x000000076b980000, 0x000000077c000000, 0x00000007c0000000)
  eden space 130048K, 0% used [0x000000076b980000,0x000000076b980000,0x0000000773880000)
  from space 10752K, 75% used [0x0000000773880000,0x0000000774072fd8,0x0000000774300000)
  to   space 11776K, 0% used [0x000000077b480000,0x000000077b480000,0x000000077c000000)
 ParOldGen       total 292352K, used 247819K [0x00000006c2c00000, 0x00000006d4980000, 0x000000076b980000)
  object space 292352K, 84% used [0x00000006c2c00000,0x00000006d1e02d10,0x00000006d4980000)
 Metaspace       used 12740K, capacity 13276K, committed 13568K, reserved 1060864K
  class space    used 1788K, capacity 1924K, committed 2048K, reserved 1048576K
Event: 1.721 GC heap after
Heap after GC invocations=7 (full 2):
 PSYoungGen      total 140800K, used 0K [0x000000076b980000, 0x000000077c000000, 0x00000007c0000000)
  eden space 130048K, 0% used [0x000000076b980000,0x000000076b980000,0x0000000773880000)
  from space 10752K, 0% used [0x0000000773880000,0x0000000773880000,0x0000000774300000)
  to   space 11776K, 0% used [0x000000077b480000,0x000000077b480000,0x000000077c000000)
 ParOldGen       total 244736K, used 72413K [0x00000006c2c00000, 0x00000006d1b00000, 0x000000076b980000)
  object space 244736K, 29% used [0x00000006c2c00000,0x00000006c72b7528,0x00000006d1b00000)
 Metaspace       used 12740K, capacity 13276K, committed 13568K, reserved 1060864K
  class space    used 1788K, capacity 1924K, committed 2048K, reserved 1048576K
}
Event: 1.758 GC heap before
{Heap before GC invocations=8 (full 2):
 PSYoungGen      total 140800K, used 116154K [0x000000076b980000, 0x000000077c000000, 0x00000007c0000000)
  eden space 130048K, 89% used [0x000000076b980000,0x0000000772aeeb00,0x0000000773880000)
  from space 10752K, 0% used [0x0000000773880000,0x0000000773880000,0x0000000774300000)
  to   space 11776K, 0% used [0x000000077b480000,0x000000077b480000,0x000000077c000000)
 ParOldGen       total 244736K, used 72413K [0x00000006c2c00000, 0x00000006d1b00000, 0x000000076b980000)
  object space 244736K, 29% used [0x00000006c2c00000,0x00000006c72b7528,0x00000006d1b00000)
 Metaspace       used 12741K, capacity 13276K, committed 13568K, reserved 1060864K
  class space    used 1788K, capacity 1924K, committed 2048K, reserved 1048576K
Event: 1.785 GC heap after
Heap after GC invocations=8 (full 2):
 PSYoungGen      total 254976K, used 922K [0x000000076b980000, 0x000000077c700000, 0x00000007c0000000)
  eden space 243200K, 0% used [0x000000076b980000,0x000000076b980000,0x000000077a700000)
  from space 11776K, 7% used [0x000000077b480000,0x000000077b566ae0,0x000000077c000000)
  to   space 13824K, 0% used [0x000000077a700000,0x000000077a700000,0x000000077b480000)
 ParOldGen       total 244736K, used 184913K [0x00000006c2c00000, 0x00000006d1b00000, 0x000000076b980000)
  object space 244736K, 75% used [0x00000006c2c00000,0x00000006ce094578,0x00000006d1b00000)
 Metaspace       used 12741K, capacity 13276K, committed 13568K, reserved 1060864K
  class space    used 1788K, capacity 1924K, committed 2048K, reserved 1048576K
}
Event: 1.785 GC heap before
{Heap before GC invocations=9 (full 3):
 PSYoungGen      total 254976K, used 922K [0x000000076b980000, 0x000000077c700000, 0x00000007c0000000)
  eden space 243200K, 0% used [0x000000076b980000,0x000000076b980000,0x000000077a700000)
  from space 11776K, 7% used [0x000000077b480000,0x000000077b566ae0,0x000000077c000000)
  to   space 13824K, 0% used [0x000000077a700000,0x000000077a700000,0x000000077b480000)
 ParOldGen       total 244736K, used 184913K [0x00000006c2c00000, 0x00000006d1b00000, 0x000000076b980000)
  object space 244736K, 75% used [0x00000006c2c00000,0x00000006ce094578,0x00000006d1b00000)
 Metaspace       used 12741K, capacity 13276K, committed 13568K, reserved 1060864K
  class space    used 1788K, capacity 1924K, committed 2048K, reserved 1048576K
Event: 1.834 GC heap after
Heap after GC invocations=9 (full 3):
 PSYoungGen      total 254976K, used 0K [0x000000076b980000, 0x000000077c700000, 0x00000007c0000000)
  eden space 243200K, 0% used [0x000000076b980000,0x000000076b980000,0x000000077a700000)
  from space 11776K, 0% used [0x000000077b480000,0x000000077b480000,0x000000077c000000)
  to   space 13824K, 0% used [0x000000077a700000,0x000000077a700000,0x000000077b480000)
 ParOldGen       total 402432K, used 184838K [0x00000006c2c00000, 0x00000006db500000, 0x000000076b980000)
  object space 402432K, 45% used [0x00000006c2c00000,0x00000006ce0819e8,0x00000006db500000)
 Metaspace       used 12741K, capacity 13276K, committed 13568K, reserved 1060864K
  class space    used 1788K, capacity 1924K, committed 2048K, reserved 1048576K
}

