# JRE version: Java(TM) SE Runtime Environment (8.0_261-b12) (build 1.8.0_261-b12)
# Java VM: Java HotSpot(TM) 64-Bit Server VM (25.261-b12 mixed mode windows-amd64 compressed oops)
Heap:
 PSYoungGen      total 245760K, used 55758K [0x000000076b980000, 0x000000077cc80000, 0x00000007c0000000)
  eden space 235008K, 23% used [0x000000076b980000,0x000000076eff39d0,0x0000000779f00000)
  from space 10752K, 0% used [0x000000077b780000,0x000000077b780000,0x000000077c200000)
  to   space 10752K, 0% used [0x000000077c200000,0x000000077c200000,0x000000077cc80000)
 ParOldGen       total 323072K, used 245263K [0x00000006c2c00000, 0x00000006d6780000, 0x000000076b980000)
  object space 323072K, 75% used [0x00000006c2c00000,0x00000006d1b83c00,0x00000006d6780000)
 Metaspace       used 13289K, capacity 13878K, committed 14080K, reserved 1060864K
  class space    used 1830K, capacity 1995K, committed 2048K, reserved 1048576K
GC Heap History (10 events):
Event: 0.879 GC heap before
{Heap before GC invocations=4 (full 1):
 PSYoungGen      total 140800K, used 10442K [0x000000076b980000, 0x000000077cc80000, 0x00000007c0000000)
  eden space 130048K, 0% used [0x000000076b980000,0x000000076b980000,0x0000000773880000)
  from space 10752K, 97% used [0x0000000773880000,0x00000007742b2ac8,0x0000000774300000)
  to   space 10752K, 0% used [0x000000077c200000,0x000000077c200000,0x000000077cc80000)
 ParOldGen       total 173568K, used 170024K [0x00000006c2c00000, 0x00000006cd580000, 0x000000076b980000)
  object space 173568K, 97% used [0x00000006c2c00000,0x00000006cd20a0c0,0x00000006cd580000)
 Metaspace       used 7755K, capacity 8262K, committed 8320K, reserved 1056768K
  class space    used 1020K, capacity 1136K, committed 1152K, reserved 1048576K
Event: 1.118 GC heap after
Heap after GC invocations=4 (full 1):
 PSYoungGen      total 140800K, used 7260K [0x000000076b980000, 0x000000077cc80000, 0x00000007c0000000)
  eden space 130048K, 0% used [0x000000076b980000,0x000000076b980000,0x0000000773880000)
  from space 10752K, 67% used [0x0000000773880000,0x0000000773f97188,0x0000000774300000)
  to   space 10752K, 0% used [0x000000077c200000,0x000000077c200000,0x000000077cc80000)
 ParOldGen       total 376832K, used 173051K [0x00000006c2c00000, 0x00000006d9c00000, 0x000000076b980000)
  object space 376832K, 45% used [0x00000006c2c00000,0x00000006cd4fef60,0x00000006d9c00000)
 Metaspace       used 7755K, capacity 8262K, committed 8320K, reserved 1056768K
  class space    used 1020K, capacity 1136K, committed 1152K, reserved 1048576K
}
Event: 2.394 GC heap before
{Heap before GC invocations=5 (full 1):
 PSYoungGen      total 140800K, used 118366K [0x000000076b980000, 0x000000077cc80000, 0x00000007c0000000)
  eden space 130048K, 85% used [0x000000076b980000,0x0000000772600720,0x0000000773880000)
  from space 10752K, 67% used [0x0000000773880000,0x0000000773f97188,0x0000000774300000)
  to   space 10752K, 0% used [0x000000077c200000,0x000000077c200000,0x000000077cc80000)
 ParOldGen       total 376832K, used 173051K [0x00000006c2c00000, 0x00000006d9c00000, 0x000000076b980000)
  object space 376832K, 45% used [0x00000006c2c00000,0x00000006cd4fef60,0x00000006d9c00000)
 Metaspace       used 12741K, capacity 13280K, committed 13568K, reserved 1060864K
  class space    used 1781K, capacity 1924K, committed 2048K, reserved 1048576K
Event: 2.428 GC heap after
Heap after GC invocations=5 (full 1):
 PSYoungGen      total 245760K, used 10434K [0x000000076b980000, 0x000000077cc80000, 0x00000007c0000000)
  eden space 235008K, 0% used [0x000000076b980000,0x000000076b980000,0x0000000779f00000)
  from space 10752K, 97% used [0x000000077c200000,0x000000077cc30bc0,0x000000077cc80000)
  to   space 10752K, 0% used [0x000000077b780000,0x000000077b780000,0x000000077c200000)
 ParOldGen       total 376832K, used 268059K [0x00000006c2c00000, 0x00000006d9c00000, 0x000000076b980000)
  object space 376832K, 71% used [0x00000006c2c00000,0x00000006d31c6fc0,0x00000006d9c00000)
 Metaspace       used 12741K, capacity 13280K, committed 13568K, reserved 1060864K
  class space    used 1781K, capacity 1924K, committed 2048K, reserved 1048576K
}
Event: 2.428 GC heap before
{Heap before GC invocations=6 (full 2):
 PSYoungGen      total 245760K, used 10434K [0x000000076b980000, 0x000000077cc80000, 0x00000007c0000000)
  eden space 235008K, 0% used [0x000000076b980000,0x000000076b980000,0x0000000779f00000)
  from space 10752K, 97% used [0x000000077c200000,0x000000077cc30bc0,0x000000077cc80000)
  to   space 10752K, 0% used [0x000000077b780000,0x000000077b780000,0x000000077c200000)
 ParOldGen       total 376832K, used 268059K [0x00000006c2c00000, 0x00000006d9c00000, 0x000000076b980000)
  object space 376832K, 71% used [0x00000006c2c00000,0x00000006d31c6fc0,0x00000006d9c00000)
 Metaspace       used 12741K, capacity 13280K, committed 13568K, reserved 1060864K
  class space    used 1781K, capacity 1924K, committed 2048K, reserved 1048576K
Event: 2.450 GC heap after
Heap after GC invocations=6 (full 2):
 PSYoungGen      total 245760K, used 0K [0x000000076b980000, 0x000000077cc80000, 0x00000007c0000000)
  eden space 235008K, 0% used [0x000000076b980000,0x000000076b980000,0x0000000779f00000)
  from space 10752K, 0% used [0x000000077c200000,0x000000077c200000,0x000000077cc80000)
  to   space 10752K, 0% used [0x000000077b780000,0x000000077b780000,0x000000077c200000)
 ParOldGen       total 323072K, used 94912K [0x00000006c2c00000, 0x00000006d6780000, 0x000000076b980000)
  object space 323072K, 29% used [0x00000006c2c00000,0x00000006c88b0150,0x00000006d6780000)
 Metaspace       used 12741K, capacity 13280K, committed 13568K, reserved 1060864K
  class space    used 1781K, capacity 1924K, committed 2048K, reserved 1048576K
}
Event: 2.956 GC heap before
{Heap before GC invocations=7 (full 2):
 PSYoungGen      total 245760K, used 224421K [0x000000076b980000, 0x000000077cc80000, 0x00000007c0000000)
  eden space 235008K, 95% used [0x000000076b980000,0x00000007794a97c0,0x0000000779f00000)
  from space 10752K, 0% used [0x000000077c200000,0x000000077c200000,0x000000077cc80000)
  to   space 10752K, 0% used [0x000000077b780000,0x000000077b780000,0x000000077c200000)
 ParOldGen       total 323072K, used 94912K [0x00000006c2c00000, 0x00000006d6780000, 0x000000076b980000)
  object space 323072K, 29% used [0x00000006c2c00000,0x00000006c88b0150,0x00000006d6780000)
 Metaspace       used 12842K, capacity 13380K, committed 13568K, reserved 1060864K
  class space    used 1805K, capacity 1960K, committed 2048K, reserved 1048576K
Event: 2.979 GC heap after
Heap after GC invocations=7 (full 2):
 PSYoungGen      total 245760K, used 3722K [0x000000076b980000, 0x000000077cc80000, 0x00000007c0000000)
  eden space 235008K, 0% used [0x000000076b980000,0x000000076b980000,0x0000000779f00000)
  from space 10752K, 34% used [0x000000077b780000,0x000000077bb22910,0x000000077c200000)
  to   space 10752K, 0% used [0x000000077c200000,0x000000077c200000,0x000000077cc80000)
 ParOldGen       total 323072K, used 243145K [0x00000006c2c00000, 0x00000006d6780000, 0x000000076b980000)
  object space 323072K, 75% used [0x00000006c2c00000,0x00000006d19725c0,0x00000006d6780000)
 Metaspace       used 12842K, capacity 13380K, committed 13568K, reserved 1060864K
  class space    used 1805K, capacity 1960K, committed 2048K, reserved 1048576K
}
Event: 2.979 GC heap before
{Heap before GC invocations=8 (full 3):
 PSYoungGen      total 245760K, used 3722K [0x000000076b980000, 0x000000077cc80000, 0x00000007c0000000)
  eden space 235008K, 0% used [0x000000076b980000,0x000000076b980000,0x0000000779f00000)
  from space 10752K, 34% used [0x000000077b780000,0x000000077bb22910,0x000000077c200000)
  to   space 10752K, 0% used [0x000000077c200000,0x000000077c200000,0x000000077cc80000)
 ParOldGen       total 323072K, used 243145K [0x00000006c2c00000, 0x00000006d6780000, 0x000000076b980000)
  object space 323072K, 75% used [0x00000006c2c00000,0x00000006d19725c0,0x00000006d6780000)
 Metaspace       used 12842K, capacity 13380K, committed 13568K, reserved 1060864K
  class space    used 1805K, capacity 1960K, committed 2048K, reserved 1048576K
Event: 3.035 GC heap after
Heap after GC invocations=8 (full 3):
 PSYoungGen      total 245760K, used 0K [0x000000076b980000, 0x000000077cc80000, 0x00000007c0000000)
  eden space 235008K, 0% used [0x000000076b980000,0x000000076b980000,0x0000000779f00000)
  from space 10752K, 0% used [0x000000077b780000,0x000000077b780000,0x000000077c200000)
  to   space 10752K, 0% used [0x000000077c200000,0x000000077c200000,0x000000077cc80000)
 ParOldGen       total 323072K, used 245263K [0x00000006c2c00000, 0x00000006d6780000, 0x000000076b980000)
  object space 323072K, 75% used [0x00000006c2c00000,0x00000006d1b83c00,0x00000006d6780000)
 Metaspace       used 12842K, capacity 13380K, committed 13568K, reserved 1060864K
  class space    used 1805K, capacity 1960K, committed 2048K, reserved 1048576K
}

