# JRE version: Java(TM) SE Runtime Environment (8.0_261-b12) (build 1.8.0_261-b12)
# Java VM: Java HotSpot(TM) 64-Bit Server VM (25.261-b12 mixed mode windows-amd64 compressed oops)
Heap:
 PSYoungGen      total 140800K, used 57565K [0x000000076b980000, 0x0000000774d80000, 0x00000007c0000000)
  eden space 130048K, 44% used [0x000000076b980000,0x000000076f1b7400,0x0000000773880000)
  from space 10752K, 0% used [0x0000000774300000,0x0000000774300000,0x0000000774d80000)
  to   space 10752K, 0% used [0x0000000773880000,0x0000000773880000,0x0000000774300000)
 ParOldGen       total 245248K, used 227823K [0x00000006c2c00000, 0x00000006d1b80000, 0x000000076b980000)
  object space 245248K, 92% used [0x00000006c2c00000,0x00000006d0a7bc18,0x00000006d1b80000)
 Metaspace       used 13271K, capacity 13812K, committed 14080K, reserved 1060864K
  class space    used 1815K, capacity 1994K, committed 2048K, reserved 1048576K
GC Heap History (10 events):
Event: 5.354 GC heap before
{Heap before GC invocations=7 (full 2):
 PSYoungGen      total 140800K, used 8171K [0x000000076b980000, 0x0000000774d80000, 0x00000007c0000000)
  eden space 130048K, 0% used [0x000000076b980000,0x000000076b980000,0x0000000773880000)
  from space 10752K, 76% used [0x0000000773880000,0x000000077407afd8,0x0000000774300000)
  to   space 10752K, 0% used [0x0000000774300000,0x0000000774300000,0x0000000774d80000)
 ParOldGen       total 293376K, used 247819K [0x00000006c2c00000, 0x00000006d4a80000, 0x000000076b980000)
  object space 293376K, 84% used [0x00000006c2c00000,0x00000006d1e02f08,0x00000006d4a80000)
 Metaspace       used 12935K, capacity 13480K, committed 13824K, reserved 1060864K
  class space    used 1783K, capacity 1924K, committed 2048K, reserved 1048576K
Event: 5.372 GC heap after
Heap after GC invocations=7 (full 2):
 PSYoungGen      total 140800K, used 0K [0x000000076b980000, 0x0000000774d80000, 0x00000007c0000000)
  eden space 130048K, 0% used [0x000000076b980000,0x000000076b980000,0x0000000773880000)
  from space 10752K, 0% used [0x0000000773880000,0x0000000773880000,0x0000000774300000)
  to   space 10752K, 0% used [0x0000000774300000,0x0000000774300000,0x0000000774d80000)
 ParOldGen       total 245248K, used 72420K [0x00000006c2c00000, 0x00000006d1b80000, 0x000000076b980000)
  object space 245248K, 29% used [0x00000006c2c00000,0x00000006c72b9208,0x00000006d1b80000)
 Metaspace       used 12935K, capacity 13480K, committed 13824K, reserved 1060864K
  class space    used 1783K, capacity 1924K, committed 2048K, reserved 1048576K
}
Event: 5.409 GC heap before
{Heap before GC invocations=8 (full 2):
 PSYoungGen      total 140800K, used 116145K [0x000000076b980000, 0x0000000774d80000, 0x00000007c0000000)
  eden space 130048K, 89% used [0x000000076b980000,0x0000000772aec4e0,0x0000000773880000)
  from space 10752K, 0% used [0x0000000773880000,0x0000000773880000,0x0000000774300000)
  to   space 10752K, 0% used [0x0000000774300000,0x0000000774300000,0x0000000774d80000)
 ParOldGen       total 245248K, used 72420K [0x00000006c2c00000, 0x00000006d1b80000, 0x000000076b980000)
  object space 245248K, 29% used [0x00000006c2c00000,0x00000006c72b9208,0x00000006d1b80000)
 Metaspace       used 12935K, capacity 13480K, committed 13824K, reserved 1060864K
  class space    used 1783K, capacity 1924K, committed 2048K, reserved 1048576K
Event: 5.425 GC heap after
Heap after GC invocations=8 (full 2):
 PSYoungGen      total 140800K, used 890K [0x000000076b980000, 0x0000000774d80000, 0x00000007c0000000)
  eden space 130048K, 0% used [0x000000076b980000,0x000000076b980000,0x0000000773880000)
  from space 10752K, 8% used [0x0000000774300000,0x00000007743deae0,0x0000000774d80000)
  to   space 10752K, 0% used [0x0000000773880000,0x0000000773880000,0x0000000774300000)
 ParOldGen       total 245248K, used 184920K [0x00000006c2c00000, 0x00000006d1b80000, 0x000000076b980000)
  object space 245248K, 75% used [0x00000006c2c00000,0x00000006ce096258,0x00000006d1b80000)
 Metaspace       used 12935K, capacity 13480K, committed 13824K, reserved 1060864K
  class space    used 1783K, capacity 1924K, committed 2048K, reserved 1048576K
}
Event: 5.425 GC heap before
{Heap before GC invocations=9 (full 3):
 PSYoungGen      total 140800K, used 890K [0x000000076b980000, 0x0000000774d80000, 0x00000007c0000000)
  eden space 130048K, 0% used [0x000000076b980000,0x000000076b980000,0x0000000773880000)
  from space 10752K, 8% used [0x0000000774300000,0x00000007743deae0,0x0000000774d80000)
  to   space 10752K, 0% used [0x0000000773880000,0x0000000773880000,0x0000000774300000)
 ParOldGen       total 245248K, used 184920K [0x00000006c2c00000, 0x00000006d1b80000, 0x000000076b980000)
  object space 245248K, 75% used [0x00000006c2c00000,0x00000006ce096258,0x00000006d1b80000)
 Metaspace       used 12935K, capacity 13480K, committed 13824K, reserved 1060864K
  class space    used 1783K, capacity 1924K, committed 2048K, reserved 1048576K
Event: 5.458 GC heap after
Heap after GC invocations=9 (full 3):
 PSYoungGen      total 140800K, used 0K [0x000000076b980000, 0x0000000774d80000, 0x00000007c0000000)
  eden space 130048K, 0% used [0x000000076b980000,0x000000076b980000,0x0000000773880000)
  from space 10752K, 0% used [0x0000000774300000,0x0000000774300000,0x0000000774d80000)
  to   space 10752K, 0% used [0x0000000773880000,0x0000000773880000,0x0000000774300000)
 ParOldGen       total 245248K, used 184845K [0x00000006c2c00000, 0x00000006d1b80000, 0x000000076b980000)
  object space 245248K, 75% used [0x00000006c2c00000,0x00000006ce0837d0,0x00000006d1b80000)
 Metaspace       used 12935K, capacity 13480K, committed 13824K, reserved 1060864K
  class space    used 1783K, capacity 1924K, committed 2048K, reserved 1048576K
}
Event: 5.885 GC heap before
{Heap before GC invocations=10 (full 4):
 PSYoungGen      total 140800K, used 129135K [0x000000076b980000, 0x0000000774d80000, 0x00000007c0000000)
  eden space 130048K, 99% used [0x000000076b980000,0x000000077379bca0,0x0000000773880000)
  from space 10752K, 0% used [0x0000000774300000,0x0000000774300000,0x0000000774d80000)
  to   space 10752K, 0% used [0x0000000773880000,0x0000000773880000,0x0000000774300000)
 ParOldGen       total 245248K, used 184845K [0x00000006c2c00000, 0x00000006d1b80000, 0x000000076b980000)
  object space 245248K, 75% used [0x00000006c2c00000,0x00000006ce0837d0,0x00000006d1b80000)
 Metaspace       used 13019K, capacity 13580K, committed 13824K, reserved 1060864K
  class space    used 1805K, capacity 1960K, committed 2048K, reserved 1048576K
Event: 5.926 GC heap after
Heap after GC invocations=10 (full 4):
 PSYoungGen      total 140800K, used 0K [0x000000076b980000, 0x0000000774d80000, 0x00000007c0000000)
  eden space 130048K, 0% used [0x000000076b980000,0x000000076b980000,0x0000000773880000)
  from space 10752K, 0% used [0x0000000774300000,0x0000000774300000,0x0000000774d80000)
  to   space 10752K, 0% used [0x0000000773880000,0x0000000773880000,0x0000000774300000)
 ParOldGen       total 245248K, used 241972K [0x00000006c2c00000, 0x00000006d1b80000, 0x000000076b980000)
  object space 245248K, 98% used [0x00000006c2c00000,0x00000006d184d310,0x00000006d1b80000)
 Metaspace       used 13019K, capacity 13580K, committed 13824K, reserved 1060864K
  class space    used 1805K, capacity 1960K, committed 2048K, reserved 1048576K
}
Event: 6.073 GC heap before
{Heap before GC invocations=11 (full 5):
 PSYoungGen      total 140800K, used 119329K [0x000000076b980000, 0x0000000774d80000, 0x00000007c0000000)
  eden space 130048K, 91% used [0x000000076b980000,0x0000000772e08720,0x0000000773880000)
  from space 10752K, 0% used [0x0000000774300000,0x0000000774300000,0x0000000774d80000)
  to   space 10752K, 0% used [0x0000000773880000,0x0000000773880000,0x0000000774300000)
 ParOldGen       total 245248K, used 241972K [0x00000006c2c00000, 0x00000006d1b80000, 0x000000076b980000)
  object space 245248K, 98% used [0x00000006c2c00000,0x00000006d184d310,0x00000006d1b80000)
 Metaspace       used 13049K, capacity 13586K, committed 13824K, reserved 1060864K
  class space    used 1808K, capacity 1961K, committed 2048K, reserved 1048576K
Event: 6.116 GC heap after
Heap after GC invocations=11 (full 5):
 PSYoungGen      total 140800K, used 0K [0x000000076b980000, 0x0000000774d80000, 0x00000007c0000000)
  eden space 130048K, 0% used [0x000000076b980000,0x000000076b980000,0x0000000773880000)
  from space 10752K, 0% used [0x0000000774300000,0x0000000774300000,0x0000000774d80000)
  to   space 10752K, 0% used [0x0000000773880000,0x0000000773880000,0x0000000774300000)
 ParOldGen       total 245248K, used 227823K [0x00000006c2c00000, 0x00000006d1b80000, 0x000000076b980000)
  object space 245248K, 92% used [0x00000006c2c00000,0x00000006d0a7bc18,0x00000006d1b80000)
 Metaspace       used 13049K, capacity 13586K, committed 13824K, reserved 1060864K
  class space    used 1808K, capacity 1961K, committed 2048K, reserved 1048576K
}

