# JRE version: Java(TM) SE Runtime Environment (8.0_261-b12) (build 1.8.0_261-b12)
# Java VM: Java HotSpot(TM) 64-Bit Server VM (25.261-b12 mixed mode windows-amd64 compressed oops)
Heap:
 PSYoungGen      total 523264K, used 76825K [0x000000076b980000, 0x0000000791000000, 0x00000007c0000000)
  eden space 443392K, 13% used [0x000000076b980000,0x000000076f395978,0x0000000786a80000)
  from space 79872K, 21% used [0x0000000786a80000,0x0000000787b70d30,0x000000078b880000)
  to   space 85504K, 0% used [0x000000078b880000,0x000000078b880000,0x0000000790c00000)
 ParOldGen       total 523264K, used 245305K [0x00000006c2c00000, 0x00000006e2b00000, 0x000000076b980000)
  object space 523264K, 46% used [0x00000006c2c00000,0x00000006d1b8e540,0x00000006e2b00000)
 Metaspace       used 13379K, capacity 13928K, committed 14080K, reserved 1060864K
  class space    used 1831K, capacity 2006K, committed 2048K, reserved 1048576K
GC Heap History (10 events):
Event: 2.782 GC heap before
{Heap before GC invocations=6 (full 2):
 PSYoungGen      total 247808K, used 10730K [0x000000076b980000, 0x000000077cc80000, 0x00000007c0000000)
  eden space 237056K, 0% used [0x000000076b980000,0x000000076b980000,0x000000077a100000)
  from space 10752K, 99% used [0x000000077c200000,0x000000077cc7aba0,0x000000077cc80000)
  to   space 10752K, 0% used [0x000000077b780000,0x000000077b780000,0x000000077c200000)
 ParOldGen       total 376832K, used 267686K [0x00000006c2c00000, 0x00000006d9c00000, 0x000000076b980000)
  object space 376832K, 71% used [0x00000006c2c00000,0x00000006d3169b98,0x00000006d9c00000)
 Metaspace       used 12765K, capacity 13308K, committed 13568K, reserved 1060864K
  class space    used 1788K, capacity 1934K, committed 2048K, reserved 1048576K
Event: 2.810 GC heap after
Heap after GC invocations=6 (full 2):
 PSYoungGen      total 247808K, used 0K [0x000000076b980000, 0x000000077cc80000, 0x00000007c0000000)
  eden space 237056K, 0% used [0x000000076b980000,0x000000076b980000,0x000000077a100000)
  from space 10752K, 0% used [0x000000077c200000,0x000000077c200000,0x000000077cc80000)
  to   space 10752K, 0% used [0x000000077b780000,0x000000077b780000,0x000000077c200000)
 ParOldGen       total 320512K, used 94929K [0x00000006c2c00000, 0x00000006d6500000, 0x000000076b980000)
  object space 320512K, 29% used [0x00000006c2c00000,0x00000006c88b4768,0x00000006d6500000)
 Metaspace       used 12765K, capacity 13308K, committed 13568K, reserved 1060864K
  class space    used 1788K, capacity 1934K, committed 2048K, reserved 1048576K
}
Event: 3.334 GC heap before
{Heap before GC invocations=7 (full 2):
 PSYoungGen      total 247808K, used 224628K [0x000000076b980000, 0x000000077cc80000, 0x00000007c0000000)
  eden space 237056K, 94% used [0x000000076b980000,0x00000007794dd078,0x000000077a100000)
  from space 10752K, 0% used [0x000000077c200000,0x000000077c200000,0x000000077cc80000)
  to   space 10752K, 0% used [0x000000077b780000,0x000000077b780000,0x000000077c200000)
 ParOldGen       total 320512K, used 94929K [0x00000006c2c00000, 0x00000006d6500000, 0x000000076b980000)
  object space 320512K, 29% used [0x00000006c2c00000,0x00000006c88b4768,0x00000006d6500000)
 Metaspace       used 12853K, capacity 13440K, committed 13568K, reserved 1060864K
  class space    used 1811K, capacity 2002K, committed 2048K, reserved 1048576K
Event: 3.370 GC heap after
Heap after GC invocations=7 (full 2):
 PSYoungGen      total 270848K, used 3751K [0x000000076b980000, 0x0000000790c00000, 0x00000007c0000000)
  eden space 260096K, 0% used [0x000000076b980000,0x000000076b980000,0x000000077b780000)
  from space 10752K, 34% used [0x000000077b780000,0x000000077bb29d60,0x000000077c200000)
  to   space 85504K, 0% used [0x000000078b880000,0x000000078b880000,0x0000000790c00000)
 ParOldGen       total 320512K, used 243162K [0x00000006c2c00000, 0x00000006d6500000, 0x000000076b980000)
  object space 320512K, 75% used [0x00000006c2c00000,0x00000006d1976bd8,0x00000006d6500000)
 Metaspace       used 12853K, capacity 13440K, committed 13568K, reserved 1060864K
  class space    used 1811K, capacity 2002K, committed 2048K, reserved 1048576K
}
Event: 3.370 GC heap before
{Heap before GC invocations=8 (full 3):
 PSYoungGen      total 270848K, used 3751K [0x000000076b980000, 0x0000000790c00000, 0x00000007c0000000)
  eden space 260096K, 0% used [0x000000076b980000,0x000000076b980000,0x000000077b780000)
  from space 10752K, 34% used [0x000000077b780000,0x000000077bb29d60,0x000000077c200000)
  to   space 85504K, 0% used [0x000000078b880000,0x000000078b880000,0x0000000790c00000)
 ParOldGen       total 320512K, used 243162K [0x00000006c2c00000, 0x00000006d6500000, 0x000000076b980000)
  object space 320512K, 75% used [0x00000006c2c00000,0x00000006d1976bd8,0x00000006d6500000)
 Metaspace       used 12853K, capacity 13440K, committed 13568K, reserved 1060864K
  class space    used 1811K, capacity 2002K, committed 2048K, reserved 1048576K
Event: 3.599 GC heap after
Heap after GC invocations=8 (full 3):
 PSYoungGen      total 270848K, used 0K [0x000000076b980000, 0x0000000790c00000, 0x00000007c0000000)
  eden space 260096K, 0% used [0x000000076b980000,0x000000076b980000,0x000000077b780000)
  from space 10752K, 0% used [0x000000077b780000,0x000000077b780000,0x000000077c200000)
  to   space 85504K, 0% used [0x000000078b880000,0x000000078b880000,0x0000000790c00000)
 ParOldGen       total 523264K, used 245289K [0x00000006c2c00000, 0x00000006e2b00000, 0x000000076b980000)
  object space 523264K, 46% used [0x00000006c2c00000,0x00000006d1b8a540,0x00000006e2b00000)
 Metaspace       used 12853K, capacity 13440K, committed 13568K, reserved 1060864K
  class space    used 1811K, capacity 2002K, committed 2048K, reserved 1048576K
}
Event: 3.882 GC heap before
{Heap before GC invocations=9 (full 3):
 PSYoungGen      total 270848K, used 256910K [0x000000076b980000, 0x0000000790c00000, 0x00000007c0000000)
  eden space 260096K, 98% used [0x000000076b980000,0x000000077b463828,0x000000077b780000)
  from space 10752K, 0% used [0x000000077b780000,0x000000077b780000,0x000000077c200000)
  to   space 85504K, 0% used [0x000000078b880000,0x000000078b880000,0x0000000790c00000)
 ParOldGen       total 523264K, used 245289K [0x00000006c2c00000, 0x00000006e2b00000, 0x000000076b980000)
  object space 523264K, 46% used [0x00000006c2c00000,0x00000006d1b8a540,0x00000006e2b00000)
 Metaspace       used 12888K, capacity 13510K, committed 13568K, reserved 1060864K
  class space    used 1816K, capacity 2003K, committed 2048K, reserved 1048576K
Event: 3.893 GC heap after
Heap after GC invocations=9 (full 3):
 PSYoungGen      total 528896K, used 13577K [0x000000076b980000, 0x0000000791000000, 0x00000007c0000000)
  eden space 443392K, 0% used [0x000000076b980000,0x000000076b980000,0x0000000786a80000)
  from space 85504K, 15% used [0x000000078b880000,0x000000078c5c2410,0x0000000790c00000)
  to   space 79872K, 0% used [0x0000000786a80000,0x0000000786a80000,0x000000078b880000)
 ParOldGen       total 523264K, used 245297K [0x00000006c2c00000, 0x00000006e2b00000, 0x000000076b980000)
  object space 523264K, 46% used [0x00000006c2c00000,0x00000006d1b8c540,0x00000006e2b00000)
 Metaspace       used 12888K, capacity 13510K, committed 13568K, reserved 1060864K
  class space    used 1816K, capacity 2003K, committed 2048K, reserved 1048576K
}
Event: 6.499 GC heap before
{Heap before GC invocations=10 (full 3):
 PSYoungGen      total 528896K, used 444312K [0x000000076b980000, 0x0000000791000000, 0x00000007c0000000)
  eden space 443392K, 97% used [0x000000076b980000,0x0000000785e23e78,0x0000000786a80000)
  from space 85504K, 15% used [0x000000078b880000,0x000000078c5c2410,0x0000000790c00000)
  to   space 79872K, 0% used [0x0000000786a80000,0x0000000786a80000,0x000000078b880000)
 ParOldGen       total 523264K, used 245297K [0x00000006c2c00000, 0x00000006e2b00000, 0x000000076b980000)
  object space 523264K, 46% used [0x00000006c2c00000,0x00000006d1b8c540,0x00000006e2b00000)
 Metaspace       used 13377K, capacity 13928K, committed 14080K, reserved 1060864K
  class space    used 1831K, capacity 2006K, committed 2048K, reserved 1048576K
Event: 6.510 GC heap after
Heap after GC invocations=10 (full 3):
 PSYoungGen      total 523264K, used 17347K [0x000000076b980000, 0x0000000791000000, 0x00000007c0000000)
  eden space 443392K, 0% used [0x000000076b980000,0x000000076b980000,0x0000000786a80000)
  from space 79872K, 21% used [0x0000000786a80000,0x0000000787b70d30,0x000000078b880000)
  to   space 85504K, 0% used [0x000000078b880000,0x000000078b880000,0x0000000790c00000)
 ParOldGen       total 523264K, used 245305K [0x00000006c2c00000, 0x00000006e2b00000, 0x000000076b980000)
  object space 523264K, 46% used [0x00000006c2c00000,0x00000006d1b8e540,0x00000006e2b00000)
 Metaspace       used 13377K, capacity 13928K, committed 14080K, reserved 1060864K
  class space    used 1831K, capacity 2006K, committed 2048K, reserved 1048576K
}

