# JRE version: Java(TM) SE Runtime Environment (8.0_261-b12) (build 1.8.0_261-b12)
# Java VM: Java HotSpot(TM) 64-Bit Server VM (25.261-b12 mixed mode windows-amd64 compressed oops)
Heap:
 PSYoungGen      total 390656K, used 118621K [0x000000076b980000, 0x0000000785500000, 0x00000007c0000000)
  eden space 376832K, 27% used [0x000000076b980000,0x0000000771fddca0,0x0000000782980000)
  from space 13824K, 99% used [0x0000000784780000,0x00000007854f9860,0x0000000785500000)
  to   space 17408K, 0% used [0x0000000783300000,0x0000000783300000,0x0000000784400000)
 ParOldGen       total 398336K, used 246460K [0x00000006c2c00000, 0x00000006db100000, 0x000000076b980000)
  object space 398336K, 61% used [0x00000006c2c00000,0x00000006d1caf080,0x00000006db100000)
 Metaspace       used 13397K, capacity 13948K, committed 14080K, reserved 1060864K
  class space    used 1828K, capacity 1996K, committed 2048K, reserved 1048576K
GC Heap History (10 events):
Event: 3.109 GC heap before
{Heap before GC invocations=7 (full 2):
 PSYoungGen      total 140800K, used 8126K [0x000000076b980000, 0x000000077c480000, 0x00000007c0000000)
  eden space 130048K, 0% used [0x000000076b980000,0x000000076b980000,0x0000000773880000)
  from space 10752K, 75% used [0x0000000773880000,0x000000077406fa58,0x0000000774300000)
  to   space 11776K, 0% used [0x000000077b900000,0x000000077b900000,0x000000077c480000)
 ParOldGen       total 290304K, used 247819K [0x00000006c2c00000, 0x00000006d4780000, 0x000000076b980000)
  object space 290304K, 85% used [0x00000006c2c00000,0x00000006d1e02d10,0x00000006d4780000)
 Metaspace       used 12784K, capacity 13280K, committed 13568K, reserved 1060864K
  class space    used 1784K, capacity 1924K, committed 2048K, reserved 1048576K
Event: 3.137 GC heap after
Heap after GC invocations=7 (full 2):
 PSYoungGen      total 140800K, used 0K [0x000000076b980000, 0x000000077c480000, 0x00000007c0000000)
  eden space 130048K, 0% used [0x000000076b980000,0x000000076b980000,0x0000000773880000)
  from space 10752K, 0% used [0x0000000773880000,0x0000000773880000,0x0000000774300000)
  to   space 11776K, 0% used [0x000000077b900000,0x000000077b900000,0x000000077c480000)
 ParOldGen       total 241152K, used 72413K [0x00000006c2c00000, 0x00000006d1780000, 0x000000076b980000)
  object space 241152K, 30% used [0x00000006c2c00000,0x00000006c72b77d8,0x00000006d1780000)
 Metaspace       used 12784K, capacity 13280K, committed 13568K, reserved 1060864K
  class space    used 1784K, capacity 1924K, committed 2048K, reserved 1048576K
}
Event: 3.183 GC heap before
{Heap before GC invocations=8 (full 2):
 PSYoungGen      total 140800K, used 116175K [0x000000076b980000, 0x000000077c480000, 0x00000007c0000000)
  eden space 130048K, 89% used [0x000000076b980000,0x0000000772af3c40,0x0000000773880000)
  from space 10752K, 0% used [0x0000000773880000,0x0000000773880000,0x0000000774300000)
  to   space 11776K, 0% used [0x000000077b900000,0x000000077b900000,0x000000077c480000)
 ParOldGen       total 241152K, used 72413K [0x00000006c2c00000, 0x00000006d1780000, 0x000000076b980000)
  object space 241152K, 30% used [0x00000006c2c00000,0x00000006c72b77d8,0x00000006d1780000)
 Metaspace       used 12784K, capacity 13280K, committed 13568K, reserved 1060864K
  class space    used 1784K, capacity 1924K, committed 2048K, reserved 1048576K
Event: 3.206 GC heap after
Heap after GC invocations=8 (full 2):
 PSYoungGen      total 260096K, used 890K [0x000000076b980000, 0x000000077c900000, 0x00000007c0000000)
  eden space 248320K, 0% used [0x000000076b980000,0x000000076b980000,0x000000077ac00000)
  from space 11776K, 7% used [0x000000077b900000,0x000000077b9deae0,0x000000077c480000)
  to   space 13312K, 0% used [0x000000077ac00000,0x000000077ac00000,0x000000077b900000)
 ParOldGen       total 241152K, used 184914K [0x00000006c2c00000, 0x00000006d1780000, 0x000000076b980000)
  object space 241152K, 76% used [0x00000006c2c00000,0x00000006ce094828,0x00000006d1780000)
 Metaspace       used 12784K, capacity 13280K, committed 13568K, reserved 1060864K
  class space    used 1784K, capacity 1924K, committed 2048K, reserved 1048576K
}
Event: 3.206 GC heap before
{Heap before GC invocations=9 (full 3):
 PSYoungGen      total 260096K, used 890K [0x000000076b980000, 0x000000077c900000, 0x00000007c0000000)
  eden space 248320K, 0% used [0x000000076b980000,0x000000076b980000,0x000000077ac00000)
  from space 11776K, 7% used [0x000000077b900000,0x000000077b9deae0,0x000000077c480000)
  to   space 13312K, 0% used [0x000000077ac00000,0x000000077ac00000,0x000000077b900000)
 ParOldGen       total 241152K, used 184914K [0x00000006c2c00000, 0x00000006d1780000, 0x000000076b980000)
  object space 241152K, 76% used [0x00000006c2c00000,0x00000006ce094828,0x00000006d1780000)
 Metaspace       used 12784K, capacity 13280K, committed 13568K, reserved 1060864K
  class space    used 1784K, capacity 1924K, committed 2048K, reserved 1048576K
Event: 3.248 GC heap after
Heap after GC invocations=9 (full 3):
 PSYoungGen      total 260096K, used 0K [0x000000076b980000, 0x000000077c900000, 0x00000007c0000000)
  eden space 248320K, 0% used [0x000000076b980000,0x000000076b980000,0x000000077ac00000)
  from space 11776K, 0% used [0x000000077b900000,0x000000077b900000,0x000000077c480000)
  to   space 13312K, 0% used [0x000000077ac00000,0x000000077ac00000,0x000000077b900000)
 ParOldGen       total 398336K, used 184839K [0x00000006c2c00000, 0x00000006db100000, 0x000000076b980000)
  object space 398336K, 46% used [0x00000006c2c00000,0x00000006ce081da0,0x00000006db100000)
 Metaspace       used 12784K, capacity 13280K, committed 13568K, reserved 1060864K
  class space    used 1784K, capacity 1924K, committed 2048K, reserved 1048576K
}
Event: 3.842 GC heap before
{Heap before GC invocations=10 (full 3):
 PSYoungGen      total 260096K, used 244208K [0x000000076b980000, 0x000000077c900000, 0x00000007c0000000)
  eden space 248320K, 98% used [0x000000076b980000,0x000000077a7fc138,0x000000077ac00000)
  from space 11776K, 0% used [0x000000077b900000,0x000000077b900000,0x000000077c480000)
  to   space 13312K, 0% used [0x000000077ac00000,0x000000077ac00000,0x000000077b900000)
 ParOldGen       total 398336K, used 184839K [0x00000006c2c00000, 0x00000006db100000, 0x000000076b980000)
  object space 398336K, 46% used [0x00000006c2c00000,0x00000006ce081da0,0x00000006db100000)
 Metaspace       used 12904K, capacity 13482K, committed 13568K, reserved 1060864K
  class space    used 1813K, capacity 1993K, committed 2048K, reserved 1048576K
Event: 3.853 GC heap after
Heap after GC invocations=10 (full 3):
 PSYoungGen      total 261632K, used 3847K [0x000000076b980000, 0x0000000785500000, 0x00000007c0000000)
  eden space 248320K, 0% used [0x000000076b980000,0x000000076b980000,0x000000077ac00000)
  from space 13312K, 28% used [0x000000077ac00000,0x000000077afc1d60,0x000000077b900000)
  to   space 13824K, 0% used [0x0000000784780000,0x0000000784780000,0x0000000785500000)
 ParOldGen       total 398336K, used 243072K [0x00000006c2c00000, 0x00000006db100000, 0x000000076b980000)
  object space 398336K, 61% used [0x00000006c2c00000,0x00000006d19601d0,0x00000006db100000)
 Metaspace       used 12904K, capacity 13482K, committed 13568K, reserved 1060864K
  class space    used 1813K, capacity 1993K, committed 2048K, reserved 1048576K
}
Event: 5.016 GC heap before
{Heap before GC invocations=11 (full 3):
 PSYoungGen      total 261632K, used 243976K [0x000000076b980000, 0x0000000785500000, 0x00000007c0000000)
  eden space 248320K, 96% used [0x000000076b980000,0x000000077a400658,0x000000077ac00000)
  from space 13312K, 28% used [0x000000077ac00000,0x000000077afc1d60,0x000000077b900000)
  to   space 13824K, 0% used [0x0000000784780000,0x0000000784780000,0x0000000785500000)
 ParOldGen       total 398336K, used 243072K [0x00000006c2c00000, 0x00000006db100000, 0x000000076b980000)
  object space 398336K, 61% used [0x00000006c2c00000,0x00000006d19601d0,0x00000006db100000)
 Metaspace       used 13364K, capacity 13884K, committed 14080K, reserved 1060864K
  class space    used 1828K, capacity 1996K, committed 2048K, reserved 1048576K
Event: 5.029 GC heap after
Heap after GC invocations=11 (full 3):
 PSYoungGen      total 390656K, used 13798K [0x000000076b980000, 0x0000000785500000, 0x00000007c0000000)
  eden space 376832K, 0% used [0x000000076b980000,0x000000076b980000,0x0000000782980000)
  from space 13824K, 99% used [0x0000000784780000,0x00000007854f9860,0x0000000785500000)
  to   space 17408K, 0% used [0x0000000783300000,0x0000000783300000,0x0000000784400000)
 ParOldGen       total 398336K, used 246460K [0x00000006c2c00000, 0x00000006db100000, 0x000000076b980000)
  object space 398336K, 61% used [0x00000006c2c00000,0x00000006d1caf080,0x00000006db100000)
 Metaspace       used 13364K, capacity 13884K, committed 14080K, reserved 1060864K
  class space    used 1828K, capacity 1996K, committed 2048K, reserved 1048576K
}

