# JRE version: Java(TM) SE Runtime Environment (8.0_261-b12) (build 1.8.0_261-b12)
# Java VM: Java HotSpot(TM) 64-Bit Server VM (25.261-b12 mixed mode windows-amd64 compressed oops)
Heap:
 PSYoungGen      total 256000K, used 153328K [0x000000076b980000, 0x0000000782c00000, 0x00000007c0000000)
  eden space 242176K, 57% used [0x000000076b980000,0x00000007741c2860,0x000000077a600000)
  from space 13824K, 99% used [0x000000077a600000,0x000000077b379860,0x000000077b380000)
  to   space 36864K, 0% used [0x0000000780800000,0x0000000780800000,0x0000000782c00000)
 ParOldGen       total 403456K, used 246645K [0x00000006c2c00000, 0x00000006db600000, 0x000000076b980000)
  object space 403456K, 61% used [0x00000006c2c00000,0x00000006d1cdd5b0,0x00000006db600000)
 Metaspace       used 13842K, capacity 14424K, committed 14592K, reserved 1062912K
  class space    used 1834K, capacity 2006K, committed 2048K, reserved 1048576K
GC Heap History (10 events):
Event: 1.917 GC heap before
{Heap before GC invocations=8 (full 2):
 PSYoungGen      total 140800K, used 116155K [0x000000076b980000, 0x000000077bf00000, 0x00000007c0000000)
  eden space 130048K, 89% used [0x000000076b980000,0x0000000772aeeca0,0x0000000773880000)
  from space 10752K, 0% used [0x0000000773880000,0x0000000773880000,0x0000000774300000)
  to   space 11776K, 0% used [0x000000077b380000,0x000000077b380000,0x000000077bf00000)
 ParOldGen       total 245248K, used 72431K [0x00000006c2c00000, 0x00000006d1b80000, 0x000000076b980000)
  object space 245248K, 29% used [0x00000006c2c00000,0x00000006c72bbfe8,0x00000006d1b80000)
 Metaspace       used 12795K, capacity 13372K, committed 13568K, reserved 1060864K
  class space    used 1791K, capacity 1934K, committed 2048K, reserved 1048576K
Event: 1.936 GC heap after
Heap after GC invocations=8 (full 2):
 PSYoungGen      total 253952K, used 890K [0x000000076b980000, 0x000000077c700000, 0x00000007c0000000)
  eden space 242176K, 0% used [0x000000076b980000,0x000000076b980000,0x000000077a600000)
  from space 11776K, 7% used [0x000000077b380000,0x000000077b45eae0,0x000000077bf00000)
  to   space 13824K, 0% used [0x000000077a600000,0x000000077a600000,0x000000077b380000)
 ParOldGen       total 245248K, used 184932K [0x00000006c2c00000, 0x00000006d1b80000, 0x000000076b980000)
  object space 245248K, 75% used [0x00000006c2c00000,0x00000006ce099038,0x00000006d1b80000)
 Metaspace       used 12795K, capacity 13372K, committed 13568K, reserved 1060864K
  class space    used 1791K, capacity 1934K, committed 2048K, reserved 1048576K
}
Event: 1.936 GC heap before
{Heap before GC invocations=9 (full 3):
 PSYoungGen      total 253952K, used 890K [0x000000076b980000, 0x000000077c700000, 0x00000007c0000000)
  eden space 242176K, 0% used [0x000000076b980000,0x000000076b980000,0x000000077a600000)
  from space 11776K, 7% used [0x000000077b380000,0x000000077b45eae0,0x000000077bf00000)
  to   space 13824K, 0% used [0x000000077a600000,0x000000077a600000,0x000000077b380000)
 ParOldGen       total 245248K, used 184932K [0x00000006c2c00000, 0x00000006d1b80000, 0x000000076b980000)
  object space 245248K, 75% used [0x00000006c2c00000,0x00000006ce099038,0x00000006d1b80000)
 Metaspace       used 12795K, capacity 13372K, committed 13568K, reserved 1060864K
  class space    used 1791K, capacity 1934K, committed 2048K, reserved 1048576K
Event: 1.972 GC heap after
Heap after GC invocations=9 (full 3):
 PSYoungGen      total 253952K, used 0K [0x000000076b980000, 0x000000077c700000, 0x00000007c0000000)
  eden space 242176K, 0% used [0x000000076b980000,0x000000076b980000,0x000000077a600000)
  from space 11776K, 0% used [0x000000077b380000,0x000000077b380000,0x000000077bf00000)
  to   space 13824K, 0% used [0x000000077a600000,0x000000077a600000,0x000000077b380000)
 ParOldGen       total 403456K, used 184857K [0x00000006c2c00000, 0x00000006db600000, 0x000000076b980000)
  object space 403456K, 45% used [0x00000006c2c00000,0x00000006ce0865b0,0x00000006db600000)
 Metaspace       used 12795K, capacity 13372K, committed 13568K, reserved 1060864K
  class space    used 1791K, capacity 1934K, committed 2048K, reserved 1048576K
}
Event: 4.939 GC heap before
{Heap before GC invocations=10 (full 3):
 PSYoungGen      total 253952K, used 235312K [0x000000076b980000, 0x000000077c700000, 0x00000007c0000000)
  eden space 242176K, 97% used [0x000000076b980000,0x0000000779f4c288,0x000000077a600000)
  from space 11776K, 0% used [0x000000077b380000,0x000000077b380000,0x000000077bf00000)
  to   space 13824K, 0% used [0x000000077a600000,0x000000077a600000,0x000000077b380000)
 ParOldGen       total 403456K, used 184857K [0x00000006c2c00000, 0x00000006db600000, 0x000000076b980000)
  object space 403456K, 45% used [0x00000006c2c00000,0x00000006ce0865b0,0x00000006db600000)
 Metaspace       used 13684K, capacity 14232K, committed 14336K, reserved 1060864K
  class space    used 1833K, capacity 2006K, committed 2048K, reserved 1048576K
Event: 4.950 GC heap after
Heap after GC invocations=10 (full 3):
 PSYoungGen      total 256000K, used 13798K [0x000000076b980000, 0x000000077c700000, 0x00000007c0000000)
  eden space 242176K, 0% used [0x000000076b980000,0x000000076b980000,0x000000077a600000)
  from space 13824K, 99% used [0x000000077a600000,0x000000077b379860,0x000000077b380000)
  to   space 11776K, 0% used [0x000000077b380000,0x000000077b380000,0x000000077bf00000)
 ParOldGen       total 403456K, used 233187K [0x00000006c2c00000, 0x00000006db600000, 0x000000076b980000)
  object space 403456K, 57% used [0x00000006c2c00000,0x00000006d0fb8ee0,0x00000006db600000)
 Metaspace       used 13684K, capacity 14232K, committed 14336K, reserved 1060864K
  class space    used 1833K, capacity 2006K, committed 2048K, reserved 1048576K
}
Event: 7.248 GC heap before
{Heap before GC invocations=11 (full 3):
 PSYoungGen      total 256000K, used 249367K [0x000000076b980000, 0x000000077c700000, 0x00000007c0000000)
  eden space 242176K, 97% used [0x000000076b980000,0x0000000779f8c4c8,0x000000077a600000)
  from space 13824K, 99% used [0x000000077a600000,0x000000077b379860,0x000000077b380000)
  to   space 11776K, 0% used [0x000000077b380000,0x000000077b380000,0x000000077bf00000)
 ParOldGen       total 403456K, used 233187K [0x00000006c2c00000, 0x00000006db600000, 0x000000076b980000)
  object space 403456K, 57% used [0x00000006c2c00000,0x00000006d0fb8ee0,0x00000006db600000)
 Metaspace       used 13799K, capacity 14296K, committed 14592K, reserved 1062912K
  class space    used 1833K, capacity 2006K, committed 2048K, reserved 1048576K
Event: 7.252 GC heap after
Heap after GC invocations=11 (full 3):
 PSYoungGen      total 253952K, used 4071K [0x000000076b980000, 0x000000077c700000, 0x00000007c0000000)
  eden space 242176K, 0% used [0x000000076b980000,0x000000076b980000,0x000000077a600000)
  from space 11776K, 34% used [0x000000077b380000,0x000000077b779d60,0x000000077bf00000)
  to   space 13824K, 0% used [0x000000077a600000,0x000000077a600000,0x000000077b380000)
 ParOldGen       total 403456K, used 246420K [0x00000006c2c00000, 0x00000006db600000, 0x000000076b980000)
  object space 403456K, 61% used [0x00000006c2c00000,0x00000006d1ca52f0,0x00000006db600000)
 Metaspace       used 13799K, capacity 14296K, committed 14592K, reserved 1062912K
  class space    used 1833K, capacity 2006K, committed 2048K, reserved 1048576K
}
Event: 14.904 GC heap before
{Heap before GC invocations=12 (full 3):
 PSYoungGen      total 253952K, used 243681K [0x000000076b980000, 0x000000077c700000, 0x00000007c0000000)
  eden space 242176K, 98% used [0x000000076b980000,0x000000077a37ea80,0x000000077a600000)
  from space 11776K, 34% used [0x000000077b380000,0x000000077b779d60,0x000000077bf00000)
  to   space 13824K, 0% used [0x000000077a600000,0x000000077a600000,0x000000077b380000)
 ParOldGen       total 403456K, used 246420K [0x00000006c2c00000, 0x00000006db600000, 0x000000076b980000)
  object space 403456K, 61% used [0x00000006c2c00000,0x00000006d1ca52f0,0x00000006db600000)
 Metaspace       used 13837K, capacity 14424K, committed 14592K, reserved 1062912K
  class space    used 1834K, capacity 2006K, committed 2048K, reserved 1048576K
Event: 14.908 GC heap after
Heap after GC invocations=12 (full 3):
 PSYoungGen      total 256000K, used 13798K [0x000000076b980000, 0x0000000782c00000, 0x00000007c0000000)
  eden space 242176K, 0% used [0x000000076b980000,0x000000076b980000,0x000000077a600000)
  from space 13824K, 99% used [0x000000077a600000,0x000000077b379860,0x000000077b380000)
  to   space 36864K, 0% used [0x0000000780800000,0x0000000780800000,0x0000000782c00000)
 ParOldGen       total 403456K, used 246645K [0x00000006c2c00000, 0x00000006db600000, 0x000000076b980000)
  object space 403456K, 61% used [0x00000006c2c00000,0x00000006d1cdd5b0,0x00000006db600000)
 Metaspace       used 13837K, capacity 14424K, committed 14592K, reserved 1062912K
  class space    used 1834K, capacity 2006K, committed 2048K, reserved 1048576K
}

