# JRE version: Java(TM) SE Runtime Environment (8.0_261-b12) (build 1.8.0_261-b12)
# Java VM: Java HotSpot(TM) 64-Bit Server VM (25.261-b12 mixed mode windows-amd64 compressed oops)
Heap:
 PSYoungGen      total 269824K, used 69596K [0x000000076b980000, 0x0000000786800000, 0x00000007c0000000)
  eden space 259072K, 26% used [0x000000076b980000,0x000000076fd771d0,0x000000077b680000)
  from space 10752K, 0% used [0x000000077b680000,0x000000077b680000,0x000000077c100000)
  to   space 12800K, 0% used [0x0000000785b80000,0x0000000785b80000,0x0000000786800000)
 ParOldGen       total 520192K, used 227971K [0x00000006c2c00000, 0x00000006e2800000, 0x000000076b980000)
  object space 520192K, 43% used [0x00000006c2c00000,0x00000006d0aa0c00,0x00000006e2800000)
 Metaspace       used 13583K, capacity 14134K, committed 14336K, reserved 1060864K
  class space    used 1825K, capacity 1995K, committed 2048K, reserved 1048576K
GC Heap History (10 events):
Event: 1.372 GC heap before
{Heap before GC invocations=5 (full 1):
 PSYoungGen      total 140800K, used 133992K [0x000000076b980000, 0x000000077cc80000, 0x00000007c0000000)
  eden space 130048K, 97% used [0x000000076b980000,0x00000007735b4100,0x0000000773880000)
  from space 10752K, 63% used [0x0000000773880000,0x0000000773f25fe0,0x0000000774300000)
  to   space 10752K, 0% used [0x000000077c200000,0x000000077c200000,0x000000077cc80000)
 ParOldGen       total 377856K, used 173504K [0x00000006c2c00000, 0x00000006d9d00000, 0x000000076b980000)
  object space 377856K, 45% used [0x00000006c2c00000,0x00000006cd570240,0x00000006d9d00000)
 Metaspace       used 10478K, capacity 10878K, committed 11136K, reserved 1058816K
  class space    used 1467K, capacity 1571K, committed 1664K, reserved 1048576K
Event: 1.405 GC heap after
Heap after GC invocations=5 (full 1):
 PSYoungGen      total 244736K, used 9381K [0x000000076b980000, 0x000000077cb80000, 0x00000007c0000000)
  eden space 235008K, 0% used [0x000000076b980000,0x000000076b980000,0x0000000779f00000)
  from space 9728K, 96% used [0x000000077c200000,0x000000077cb29698,0x000000077cb80000)
  to   space 10752K, 0% used [0x000000077b680000,0x000000077b680000,0x000000077c100000)
 ParOldGen       total 377856K, used 286012K [0x00000006c2c00000, 0x00000006d9d00000, 0x000000076b980000)
  object space 377856K, 75% used [0x00000006c2c00000,0x00000006d434f290,0x00000006d9d00000)
 Metaspace       used 10478K, capacity 10878K, committed 11136K, reserved 1058816K
  class space    used 1467K, capacity 1571K, committed 1664K, reserved 1048576K
}
Event: 1.405 GC heap before
{Heap before GC invocations=6 (full 2):
 PSYoungGen      total 244736K, used 9381K [0x000000076b980000, 0x000000077cb80000, 0x00000007c0000000)
  eden space 235008K, 0% used [0x000000076b980000,0x000000076b980000,0x0000000779f00000)
  from space 9728K, 96% used [0x000000077c200000,0x000000077cb29698,0x000000077cb80000)
  to   space 10752K, 0% used [0x000000077b680000,0x000000077b680000,0x000000077c100000)
 ParOldGen       total 377856K, used 286012K [0x00000006c2c00000, 0x00000006d9d00000, 0x000000076b980000)
  object space 377856K, 75% used [0x00000006c2c00000,0x00000006d434f290,0x00000006d9d00000)
 Metaspace       used 10478K, capacity 10878K, committed 11136K, reserved 1058816K
  class space    used 1467K, capacity 1571K, committed 1664K, reserved 1048576K
Event: 1.447 GC heap after
Heap after GC invocations=6 (full 2):
 PSYoungGen      total 244736K, used 0K [0x000000076b980000, 0x000000077cb80000, 0x00000007c0000000)
  eden space 235008K, 0% used [0x000000076b980000,0x000000076b980000,0x0000000779f00000)
  from space 9728K, 0% used [0x000000077c200000,0x000000077c200000,0x000000077cb80000)
  to   space 10752K, 0% used [0x000000077b680000,0x000000077b680000,0x000000077c100000)
 ParOldGen       total 541184K, used 293855K [0x00000006c2c00000, 0x00000006e3c80000, 0x000000076b980000)
  object space 541184K, 54% used [0x00000006c2c00000,0x00000006d4af7de8,0x00000006e3c80000)
 Metaspace       used 10478K, capacity 10878K, committed 11136K, reserved 1058816K
  class space    used 1467K, capacity 1571K, committed 1664K, reserved 1048576K
}
Event: 1.910 GC heap before
{Heap before GC invocations=7 (full 2):
 PSYoungGen      total 244736K, used 233278K [0x000000076b980000, 0x000000077cb80000, 0x00000007c0000000)
  eden space 235008K, 99% used [0x000000076b980000,0x0000000779d4f9d0,0x0000000779f00000)
  from space 9728K, 0% used [0x000000077c200000,0x000000077c200000,0x000000077cb80000)
  to   space 10752K, 0% used [0x000000077b680000,0x000000077b680000,0x000000077c100000)
 ParOldGen       total 541184K, used 293855K [0x00000006c2c00000, 0x00000006e3c80000, 0x000000076b980000)
  object space 541184K, 54% used [0x00000006c2c00000,0x00000006d4af7de8,0x00000006e3c80000)
 Metaspace       used 10559K, capacity 10914K, committed 11136K, reserved 1058816K
  class space    used 1488K, capacity 1607K, committed 1664K, reserved 1048576K
Event: 2.122 GC heap after
Heap after GC invocations=7 (full 2):
 PSYoungGen      total 269824K, used 3754K [0x000000076b980000, 0x0000000786800000, 0x00000007c0000000)
  eden space 259072K, 0% used [0x000000076b980000,0x000000076b980000,0x000000077b680000)
  from space 10752K, 34% used [0x000000077b680000,0x000000077ba2a910,0x000000077c100000)
  to   space 12800K, 0% used [0x0000000785b80000,0x0000000785b80000,0x0000000786800000)
 ParOldGen       total 541184K, used 419588K [0x00000006c2c00000, 0x00000006e3c80000, 0x000000076b980000)
  object space 541184K, 77% used [0x00000006c2c00000,0x00000006dc5c1248,0x00000006e3c80000)
 Metaspace       used 10559K, capacity 10914K, committed 11136K, reserved 1058816K
  class space    used 1488K, capacity 1607K, committed 1664K, reserved 1048576K
}
Event: 2.122 GC heap before
{Heap before GC invocations=8 (full 3):
 PSYoungGen      total 269824K, used 3754K [0x000000076b980000, 0x0000000786800000, 0x00000007c0000000)
  eden space 259072K, 0% used [0x000000076b980000,0x000000076b980000,0x000000077b680000)
  from space 10752K, 34% used [0x000000077b680000,0x000000077ba2a910,0x000000077c100000)
  to   space 12800K, 0% used [0x0000000785b80000,0x0000000785b80000,0x0000000786800000)
 ParOldGen       total 541184K, used 419588K [0x00000006c2c00000, 0x00000006e3c80000, 0x000000076b980000)
  object space 541184K, 77% used [0x00000006c2c00000,0x00000006dc5c1248,0x00000006e3c80000)
 Metaspace       used 10559K, capacity 10914K, committed 11136K, reserved 1058816K
  class space    used 1488K, capacity 1607K, committed 1664K, reserved 1048576K
Event: 2.157 GC heap after
Heap after GC invocations=8 (full 3):
 PSYoungGen      total 269824K, used 0K [0x000000076b980000, 0x0000000786800000, 0x00000007c0000000)
  eden space 259072K, 0% used [0x000000076b980000,0x000000076b980000,0x000000077b680000)
  from space 10752K, 0% used [0x000000077b680000,0x000000077b680000,0x000000077c100000)
  to   space 12800K, 0% used [0x0000000785b80000,0x0000000785b80000,0x0000000786800000)
 ParOldGen       total 541184K, used 421720K [0x00000006c2c00000, 0x00000006e3c80000, 0x000000076b980000)
  object space 541184K, 77% used [0x00000006c2c00000,0x00000006dc7d6230,0x00000006e3c80000)
 Metaspace       used 10559K, capacity 10914K, committed 11136K, reserved 1058816K
  class space    used 1488K, capacity 1607K, committed 1664K, reserved 1048576K
}
Event: 35.482 GC heap before
{Heap before GC invocations=9 (full 4):
 PSYoungGen      total 269824K, used 249117K [0x000000076b980000, 0x0000000786800000, 0x00000007c0000000)
  eden space 259072K, 96% used [0x000000076b980000,0x000000077acc77f0,0x000000077b680000)
  from space 10752K, 0% used [0x000000077b680000,0x000000077b680000,0x000000077c100000)
  to   space 12800K, 0% used [0x0000000785b80000,0x0000000785b80000,0x0000000786800000)
 ParOldGen       total 541184K, used 421720K [0x00000006c2c00000, 0x00000006e3c80000, 0x000000076b980000)
  object space 541184K, 77% used [0x00000006c2c00000,0x00000006dc7d6230,0x00000006e3c80000)
 Metaspace       used 13581K, capacity 14134K, committed 14336K, reserved 1060864K
  class space    used 1825K, capacity 1995K, committed 2048K, reserved 1048576K
Event: 35.528 GC heap after
Heap after GC invocations=9 (full 4):
 PSYoungGen      total 269824K, used 0K [0x000000076b980000, 0x0000000786800000, 0x00000007c0000000)
  eden space 259072K, 0% used [0x000000076b980000,0x000000076b980000,0x000000077b680000)
  from space 10752K, 0% used [0x000000077b680000,0x000000077b680000,0x000000077c100000)
  to   space 12800K, 0% used [0x0000000785b80000,0x0000000785b80000,0x0000000786800000)
 ParOldGen       total 520192K, used 227971K [0x00000006c2c00000, 0x00000006e2800000, 0x000000076b980000)
  object space 520192K, 43% used [0x00000006c2c00000,0x00000006d0aa0c00,0x00000006e2800000)
 Metaspace       used 13581K, capacity 14134K, committed 14336K, reserved 1060864K
  class space    used 1825K, capacity 1995K, committed 2048K, reserved 1048576K
}

