# JRE version: Java(TM) SE Runtime Environment (8.0_261-b12) (build 1.8.0_261-b12)
# Java VM: Java HotSpot(TM) 64-Bit Server VM (25.261-b12 mixed mode windows-amd64 compressed oops)
Heap:
 PSYoungGen      total 140800K, used 84494K [0x000000076b980000, 0x000000077c480000, 0x00000007c0000000)
  eden space 130048K, 64% used [0x000000076b980000,0x0000000770c03ac8,0x0000000773880000)
  from space 10752K, 0% used [0x0000000773880000,0x0000000773880000,0x0000000774300000)
  to   space 13312K, 0% used [0x000000077b780000,0x000000077b780000,0x000000077c480000)
 ParOldGen       total 361472K, used 228770K [0x00000006c2c00000, 0x00000006d8d00000, 0x000000076b980000)
  object space 361472K, 63% used [0x00000006c2c00000,0x00000006d0b689c8,0x00000006d8d00000)
 Metaspace       used 13673K, capacity 14202K, committed 14336K, reserved 1060864K
  class space    used 1817K, capacity 1993K, committed 2048K, reserved 1048576K
GC Heap History (10 events):
Event: 2.298 GC heap before
{Heap before GC invocations=9 (full 4):
 PSYoungGen      total 140800K, used 130048K [0x000000076b980000, 0x000000077c480000, 0x00000007c0000000)
  eden space 130048K, 100% used [0x000000076b980000,0x0000000773880000,0x0000000773880000)
  from space 10752K, 0% used [0x0000000773880000,0x0000000773880000,0x0000000774300000)
  to   space 13312K, 0% used [0x000000077b780000,0x000000077b780000,0x000000077c480000)
 ParOldGen       total 314368K, used 294211K [0x00000006c2c00000, 0x00000006d5f00000, 0x000000076b980000)
  object space 314368K, 93% used [0x00000006c2c00000,0x00000006d4b50da0,0x00000006d5f00000)
 Metaspace       used 10556K, capacity 10886K, committed 11136K, reserved 1058816K
  class space    used 1485K, capacity 1575K, committed 1664K, reserved 1048576K
Event: 2.343 GC heap after
Heap after GC invocations=9 (full 4):
 PSYoungGen      total 140800K, used 112604K [0x000000076b980000, 0x000000077c480000, 0x00000007c0000000)
  eden space 130048K, 86% used [0x000000076b980000,0x0000000772777078,0x0000000773880000)
  from space 10752K, 0% used [0x0000000773880000,0x0000000773880000,0x0000000774300000)
  to   space 13312K, 0% used [0x000000077b780000,0x000000077b780000,0x000000077c480000)
 ParOldGen       total 314368K, used 292572K [0x00000006c2c00000, 0x00000006d5f00000, 0x000000076b980000)
  object space 314368K, 93% used [0x00000006c2c00000,0x00000006d49b72b0,0x00000006d5f00000)
 Metaspace       used 10556K, capacity 10886K, committed 11136K, reserved 1058816K
  class space    used 1485K, capacity 1575K, committed 1664K, reserved 1048576K
}
Event: 2.345 GC heap before
{Heap before GC invocations=10 (full 5):
 PSYoungGen      total 140800K, used 127759K [0x000000076b980000, 0x000000077c480000, 0x00000007c0000000)
  eden space 130048K, 98% used [0x000000076b980000,0x0000000773643c98,0x0000000773880000)
  from space 10752K, 0% used [0x0000000773880000,0x0000000773880000,0x0000000774300000)
  to   space 13312K, 0% used [0x000000077b780000,0x000000077b780000,0x000000077c480000)
 ParOldGen       total 314368K, used 292572K [0x00000006c2c00000, 0x00000006d5f00000, 0x000000076b980000)
  object space 314368K, 93% used [0x00000006c2c00000,0x00000006d49b72b0,0x00000006d5f00000)
 Metaspace       used 10557K, capacity 10886K, committed 11136K, reserved 1058816K
  class space    used 1485K, capacity 1575K, committed 1664K, reserved 1048576K
Event: 2.356 GC heap after
Heap after GC invocations=10 (full 5):
 PSYoungGen      total 140800K, used 125836K [0x000000076b980000, 0x000000077c480000, 0x00000007c0000000)
  eden space 130048K, 96% used [0x000000076b980000,0x0000000773463288,0x0000000773880000)
  from space 10752K, 0% used [0x0000000773880000,0x0000000773880000,0x0000000774300000)
  to   space 13312K, 0% used [0x000000077b780000,0x000000077b780000,0x000000077c480000)
 ParOldGen       total 314368K, used 292572K [0x00000006c2c00000, 0x00000006d5f00000, 0x000000076b980000)
  object space 314368K, 93% used [0x00000006c2c00000,0x00000006d49b7018,0x00000006d5f00000)
 Metaspace       used 10557K, capacity 10886K, committed 11136K, reserved 1058816K
  class space    used 1485K, capacity 1575K, committed 1664K, reserved 1048576K
}
Event: 2.367 GC heap before
{Heap before GC invocations=11 (full 6):
 PSYoungGen      total 140800K, used 130048K [0x000000076b980000, 0x000000077c480000, 0x00000007c0000000)
  eden space 130048K, 100% used [0x000000076b980000,0x0000000773880000,0x0000000773880000)
  from space 10752K, 0% used [0x0000000773880000,0x0000000773880000,0x0000000774300000)
  to   space 13312K, 0% used [0x000000077b780000,0x000000077b780000,0x000000077c480000)
 ParOldGen       total 314368K, used 292572K [0x00000006c2c00000, 0x00000006d5f00000, 0x000000076b980000)
  object space 314368K, 93% used [0x00000006c2c00000,0x00000006d49b7018,0x00000006d5f00000)
 Metaspace       used 10557K, capacity 10886K, committed 11136K, reserved 1058816K
  class space    used 1485K, capacity 1575K, committed 1664K, reserved 1048576K
Event: 2.380 GC heap after
Heap after GC invocations=11 (full 6):
 PSYoungGen      total 140800K, used 129142K [0x000000076b980000, 0x000000077c480000, 0x00000007c0000000)
  eden space 130048K, 99% used [0x000000076b980000,0x000000077379db98,0x0000000773880000)
  from space 10752K, 0% used [0x0000000773880000,0x0000000773880000,0x0000000774300000)
  to   space 13312K, 0% used [0x000000077b780000,0x000000077b780000,0x000000077c480000)
 ParOldGen       total 314368K, used 292572K [0x00000006c2c00000, 0x00000006d5f00000, 0x000000076b980000)
  object space 314368K, 93% used [0x00000006c2c00000,0x00000006d49b7018,0x00000006d5f00000)
 Metaspace       used 10557K, capacity 10886K, committed 11136K, reserved 1058816K
  class space    used 1485K, capacity 1575K, committed 1664K, reserved 1048576K
}
Event: 2.474 GC heap before
{Heap before GC invocations=12 (full 7):
 PSYoungGen      total 140800K, used 130048K [0x000000076b980000, 0x000000077c480000, 0x00000007c0000000)
  eden space 130048K, 100% used [0x000000076b980000,0x0000000773880000,0x0000000773880000)
  from space 10752K, 0% used [0x0000000773880000,0x0000000773880000,0x0000000774300000)
  to   space 13312K, 0% used [0x000000077b780000,0x000000077b780000,0x000000077c480000)
 ParOldGen       total 361472K, used 358697K [0x00000006c2c00000, 0x00000006d8d00000, 0x000000076b980000)
  object space 361472K, 99% used [0x00000006c2c00000,0x00000006d8a4a498,0x00000006d8d00000)
 Metaspace       used 10558K, capacity 10886K, committed 11136K, reserved 1058816K
  class space    used 1485K, capacity 1575K, committed 1664K, reserved 1048576K
Event: 2.500 GC heap after
Heap after GC invocations=12 (full 7):
 PSYoungGen      total 140800K, used 80863K [0x000000076b980000, 0x000000077c480000, 0x00000007c0000000)
  eden space 130048K, 62% used [0x000000076b980000,0x0000000770877cd0,0x0000000773880000)
  from space 10752K, 0% used [0x0000000773880000,0x0000000773880000,0x0000000774300000)
  to   space 13312K, 0% used [0x000000077b780000,0x000000077b780000,0x000000077c480000)
 ParOldGen       total 361472K, used 340878K [0x00000006c2c00000, 0x00000006d8d00000, 0x000000076b980000)
  object space 361472K, 94% used [0x00000006c2c00000,0x00000006d78e3a38,0x00000006d8d00000)
 Metaspace       used 10558K, capacity 10886K, committed 11136K, reserved 1058816K
  class space    used 1485K, capacity 1575K, committed 1664K, reserved 1048576K
}
Event: 16.542 GC heap before
{Heap before GC invocations=13 (full 8):
 PSYoungGen      total 140800K, used 130048K [0x000000076b980000, 0x000000077c480000, 0x00000007c0000000)
  eden space 130048K, 100% used [0x000000076b980000,0x0000000773880000,0x0000000773880000)
  from space 10752K, 0% used [0x0000000773880000,0x0000000773880000,0x0000000774300000)
  to   space 13312K, 0% used [0x000000077b780000,0x000000077b780000,0x000000077c480000)
 ParOldGen       total 361472K, used 340878K [0x00000006c2c00000, 0x00000006d8d00000, 0x000000076b980000)
  object space 361472K, 94% used [0x00000006c2c00000,0x00000006d78e3a38,0x00000006d8d00000)
 Metaspace       used 12974K, capacity 13486K, committed 13824K, reserved 1060864K
  class space    used 1800K, capacity 1955K, committed 2048K, reserved 1048576K
Event: 16.589 GC heap after
Heap after GC invocations=13 (full 8):
 PSYoungGen      total 140800K, used 0K [0x000000076b980000, 0x000000077c480000, 0x00000007c0000000)
  eden space 130048K, 0% used [0x000000076b980000,0x000000076b980000,0x0000000773880000)
  from space 10752K, 0% used [0x0000000773880000,0x0000000773880000,0x0000000774300000)
  to   space 13312K, 0% used [0x000000077b780000,0x000000077b780000,0x000000077c480000)
 ParOldGen       total 361472K, used 228770K [0x00000006c2c00000, 0x00000006d8d00000, 0x000000076b980000)
  object space 361472K, 63% used [0x00000006c2c00000,0x00000006d0b689c8,0x00000006d8d00000)
 Metaspace       used 12974K, capacity 13486K, committed 13824K, reserved 1060864K
  class space    used 1800K, capacity 1955K, committed 2048K, reserved 1048576K
}

