# JRE version: Java(TM) SE Runtime Environment (8.0_261-b12) (build 1.8.0_261-b12)
# Java VM: Java HotSpot(TM) 64-Bit Server VM (25.261-b12 mixed mode windows-amd64 compressed oops)
Heap:
 PSYoungGen      total 275456K, used 7798K [0x000000076b980000, 0x000000077f800000, 0x00000007c0000000)
  eden space 229376K, 2% used [0x000000076b980000,0x000000076bf6cb88,0x0000000779980000)
  from space 46080K, 3% used [0x0000000779980000,0x0000000779b30fe0,0x000000077c680000)
  to   space 45568K, 0% used [0x000000077cb80000,0x000000077cb80000,0x000000077f800000)
 ParOldGen       total 491008K, used 229206K [0x00000006c2c00000, 0x00000006e0b80000, 0x000000076b980000)
  object space 491008K, 46% used [0x00000006c2c00000,0x00000006d0bd5958,0x00000006e0b80000)
 Metaspace       used 14011K, capacity 14544K, committed 14848K, reserved 1062912K
  class space    used 1827K, capacity 1996K, committed 2048K, reserved 1048576K
GC Heap History (10 events):
Event: 22.558 GC heap before
{Heap before GC invocations=30 (full 5):
 PSYoungGen      total 254976K, used 228017K [0x000000076b980000, 0x000000077db80000, 0x00000007c0000000)
  eden space 218112K, 97% used [0x000000076b980000,0x0000000778a0e4a0,0x0000000778e80000)
  from space 36864K, 39% used [0x000000077b780000,0x000000077c59e340,0x000000077db80000)
  to   space 39424K, 0% used [0x0000000778e80000,0x0000000778e80000,0x000000077b500000)
 ParOldGen       total 491008K, used 229190K [0x00000006c2c00000, 0x00000006e0b80000, 0x000000076b980000)
  object space 491008K, 46% used [0x00000006c2c00000,0x00000006d0bd1958,0x00000006e0b80000)
 Metaspace       used 13981K, capacity 14544K, committed 14848K, reserved 1062912K
  class space    used 1826K, capacity 1996K, committed 2048K, reserved 1048576K
Event: 22.561 GC heap after
Heap after GC invocations=30 (full 5):
 PSYoungGen      total 257536K, used 27764K [0x000000076b980000, 0x000000077e880000, 0x00000007c0000000)
  eden space 218112K, 0% used [0x000000076b980000,0x000000076b980000,0x0000000778e80000)
  from space 39424K, 70% used [0x0000000778e80000,0x000000077a99d3f0,0x000000077b500000)
  to   space 42496K, 0% used [0x000000077bf00000,0x000000077bf00000,0x000000077e880000)
 ParOldGen       total 491008K, used 229198K [0x00000006c2c00000, 0x00000006e0b80000, 0x000000076b980000)
  object space 491008K, 46% used [0x00000006c2c00000,0x00000006d0bd3958,0x00000006e0b80000)
 Metaspace       used 13981K, capacity 14544K, committed 14848K, reserved 1062912K
  class space    used 1826K, capacity 1996K, committed 2048K, reserved 1048576K
}
Event: 23.760 GC heap before
{Heap before GC invocations=31 (full 5):
 PSYoungGen      total 257536K, used 243550K [0x000000076b980000, 0x000000077e880000, 0x00000007c0000000)
  eden space 218112K, 98% used [0x000000076b980000,0x0000000778c3a670,0x0000000778e80000)
  from space 39424K, 70% used [0x0000000778e80000,0x000000077a99d3f0,0x000000077b500000)
  to   space 42496K, 0% used [0x000000077bf00000,0x000000077bf00000,0x000000077e880000)
 ParOldGen       total 491008K, used 229198K [0x00000006c2c00000, 0x00000006e0b80000, 0x000000076b980000)
  object space 491008K, 46% used [0x00000006c2c00000,0x00000006d0bd3958,0x00000006e0b80000)
 Metaspace       used 13993K, capacity 14544K, committed 14848K, reserved 1062912K
  class space    used 1827K, capacity 1996K, committed 2048K, reserved 1048576K
Event: 23.772 GC heap after
Heap after GC invocations=31 (full 5):
 PSYoungGen      total 265216K, used 27847K [0x000000076b980000, 0x000000077ed80000, 0x00000007c0000000)
  eden space 222720K, 0% used [0x000000076b980000,0x000000076b980000,0x0000000779300000)
  from space 42496K, 65% used [0x000000077bf00000,0x000000077da31df0,0x000000077e880000)
  to   space 45056K, 0% used [0x0000000779300000,0x0000000779300000,0x000000077bf00000)
 ParOldGen       total 491008K, used 229198K [0x00000006c2c00000, 0x00000006e0b80000, 0x000000076b980000)
  object space 491008K, 46% used [0x00000006c2c00000,0x00000006d0bd3958,0x00000006e0b80000)
 Metaspace       used 13993K, capacity 14544K, committed 14848K, reserved 1062912K
  class space    used 1827K, capacity 1996K, committed 2048K, reserved 1048576K
}
Event: 24.083 GC heap before
{Heap before GC invocations=32 (full 5):
 PSYoungGen      total 265216K, used 241937K [0x000000076b980000, 0x000000077ed80000, 0x00000007c0000000)
  eden space 222720K, 96% used [0x000000076b980000,0x0000000778a92638,0x0000000779300000)
  from space 42496K, 65% used [0x000000077bf00000,0x000000077da31df0,0x000000077e880000)
  to   space 45056K, 0% used [0x0000000779300000,0x0000000779300000,0x000000077bf00000)
 ParOldGen       total 491008K, used 229198K [0x00000006c2c00000, 0x00000006e0b80000, 0x000000076b980000)
  object space 491008K, 46% used [0x00000006c2c00000,0x00000006d0bd3958,0x00000006e0b80000)
 Metaspace       used 13994K, capacity 14544K, committed 14848K, reserved 1062912K
  class space    used 1827K, capacity 1996K, committed 2048K, reserved 1048576K
Event: 24.089 GC heap after
Heap after GC invocations=32 (full 5):
 PSYoungGen      total 267776K, used 28020K [0x000000076b980000, 0x000000077f600000, 0x00000007c0000000)
  eden space 222720K, 0% used [0x000000076b980000,0x000000076b980000,0x0000000779300000)
  from space 45056K, 62% used [0x0000000779300000,0x000000077ae5d150,0x000000077bf00000)
  to   space 46592K, 0% used [0x000000077c880000,0x000000077c880000,0x000000077f600000)
 ParOldGen       total 491008K, used 229198K [0x00000006c2c00000, 0x00000006e0b80000, 0x000000076b980000)
  object space 491008K, 46% used [0x00000006c2c00000,0x00000006d0bd3958,0x00000006e0b80000)
 Metaspace       used 13994K, capacity 14544K, committed 14848K, reserved 1062912K
  class space    used 1827K, capacity 1996K, committed 2048K, reserved 1048576K
}
Event: 25.606 GC heap before
{Heap before GC invocations=33 (full 5):
 PSYoungGen      total 267776K, used 248779K [0x000000076b980000, 0x000000077f600000, 0x00000007c0000000)
  eden space 222720K, 99% used [0x000000076b980000,0x0000000779115b50,0x0000000779300000)
  from space 45056K, 62% used [0x0000000779300000,0x000000077ae5d150,0x000000077bf00000)
  to   space 46592K, 0% used [0x000000077c880000,0x000000077c880000,0x000000077f600000)
 ParOldGen       total 491008K, used 229198K [0x00000006c2c00000, 0x00000006e0b80000, 0x000000076b980000)
  object space 491008K, 46% used [0x00000006c2c00000,0x00000006d0bd3958,0x00000006e0b80000)
 Metaspace       used 14004K, capacity 14544K, committed 14848K, reserved 1062912K
  class space    used 1827K, capacity 1996K, committed 2048K, reserved 1048576K
Event: 25.607 GC heap after
Heap after GC invocations=33 (full 5):
 PSYoungGen      total 273408K, used 1654K [0x000000076b980000, 0x000000077f380000, 0x00000007c0000000)
  eden space 229376K, 0% used [0x000000076b980000,0x000000076b980000,0x0000000779980000)
  from space 44032K, 3% used [0x000000077c880000,0x000000077ca1da50,0x000000077f380000)
  to   space 46080K, 0% used [0x0000000779980000,0x0000000779980000,0x000000077c680000)
 ParOldGen       total 491008K, used 229198K [0x00000006c2c00000, 0x00000006e0b80000, 0x000000076b980000)
  object space 491008K, 46% used [0x00000006c2c00000,0x00000006d0bd3958,0x00000006e0b80000)
 Metaspace       used 14004K, capacity 14544K, committed 14848K, reserved 1062912K
  class space    used 1827K, capacity 1996K, committed 2048K, reserved 1048576K
}
Event: 26.380 GC heap before
{Heap before GC invocations=34 (full 5):
 PSYoungGen      total 273408K, used 231030K [0x000000076b980000, 0x000000077f380000, 0x00000007c0000000)
  eden space 229376K, 100% used [0x000000076b980000,0x0000000779980000,0x0000000779980000)
  from space 44032K, 3% used [0x000000077c880000,0x000000077ca1da50,0x000000077f380000)
  to   space 46080K, 0% used [0x0000000779980000,0x0000000779980000,0x000000077c680000)
 ParOldGen       total 491008K, used 229198K [0x00000006c2c00000, 0x00000006e0b80000, 0x000000076b980000)
  object space 491008K, 46% used [0x00000006c2c00000,0x00000006d0bd3958,0x00000006e0b80000)
 Metaspace       used 14010K, capacity 14544K, committed 14848K, reserved 1062912K
  class space    used 1827K, capacity 1996K, committed 2048K, reserved 1048576K
Event: 26.381 GC heap after
Heap after GC invocations=34 (full 5):
 PSYoungGen      total 275456K, used 1731K [0x000000076b980000, 0x000000077f800000, 0x00000007c0000000)
  eden space 229376K, 0% used [0x000000076b980000,0x000000076b980000,0x0000000779980000)
  from space 46080K, 3% used [0x0000000779980000,0x0000000779b30fe0,0x000000077c680000)
  to   space 45568K, 0% used [0x000000077cb80000,0x000000077cb80000,0x000000077f800000)
 ParOldGen       total 491008K, used 229206K [0x00000006c2c00000, 0x00000006e0b80000, 0x000000076b980000)
  object space 491008K, 46% used [0x00000006c2c00000,0x00000006d0bd5958,0x00000006e0b80000)
 Metaspace       used 14010K, capacity 14544K, committed 14848K, reserved 1062912K
  class space    used 1827K, capacity 1996K, committed 2048K, reserved 1048576K
}

