# JRE version: Java(TM) SE Runtime Environment (8.0_261-b12) (build 1.8.0_261-b12)
# Java VM: Java HotSpot(TM) 64-Bit Server VM (25.261-b12 mixed mode windows-amd64 compressed oops)
Heap:
 PSYoungGen      total 253952K, used 172684K [0x000000076b980000, 0x000000077c700000, 0x00000007c0000000)
  eden space 242176K, 71% used [0x000000076b980000,0x00000007762230e8,0x000000077a600000)
  from space 11776K, 0% used [0x000000077b380000,0x000000077b380000,0x000000077bf00000)
  to   space 13824K, 0% used [0x000000077a600000,0x000000077a600000,0x000000077b380000)
 ParOldGen       total 245248K, used 224514K [0x00000006c2c00000, 0x00000006d1b80000, 0x000000076b980000)
  object space 245248K, 91% used [0x00000006c2c00000,0x00000006d0740ac0,0x00000006d1b80000)
 Metaspace       used 13166K, capacity 13686K, committed 13824K, reserved 1060864K
  class space    used 1823K, capacity 1995K, committed 2048K, reserved 1048576K
GC Heap History (10 events):
Event: 2.121 GC heap before
{Heap before GC invocations=6 (full 1):
 PSYoungGen      total 140800K, used 110690K [0x000000076b980000, 0x0000000774d80000, 0x00000007c0000000)
  eden space 130048K, 85% used [0x000000076b980000,0x00000007725989d0,0x0000000773880000)
  from space 10752K, 0% used [0x0000000774300000,0x0000000774300000,0x0000000774d80000)
  to   space 10752K, 0% used [0x0000000773880000,0x0000000773880000,0x0000000774300000)
 ParOldGen       total 292864K, used 157811K [0x00000006c2c00000, 0x00000006d4a00000, 0x000000076b980000)
  object space 292864K, 53% used [0x00000006c2c00000,0x00000006cc61ccc8,0x00000006d4a00000)
 Metaspace       used 12770K, capacity 13344K, committed 13568K, reserved 1060864K
  class space    used 1783K, capacity 1924K, committed 2048K, reserved 1048576K
Event: 2.142 GC heap after
Heap after GC invocations=6 (full 1):
 PSYoungGen      total 140800K, used 8139K [0x000000076b980000, 0x000000077bf00000, 0x00000007c0000000)
  eden space 130048K, 0% used [0x000000076b980000,0x000000076b980000,0x0000000773880000)
  from space 10752K, 75% used [0x0000000773880000,0x0000000774072fd8,0x0000000774300000)
  to   space 11776K, 0% used [0x000000077b380000,0x000000077b380000,0x000000077bf00000)
 ParOldGen       total 292864K, used 247819K [0x00000006c2c00000, 0x00000006d4a00000, 0x000000076b980000)
  object space 292864K, 84% used [0x00000006c2c00000,0x00000006d1e02d08,0x00000006d4a00000)
 Metaspace       used 12770K, capacity 13344K, committed 13568K, reserved 1060864K
  class space    used 1783K, capacity 1924K, committed 2048K, reserved 1048576K
}
Event: 2.142 GC heap before
{Heap before GC invocations=7 (full 2):
 PSYoungGen      total 140800K, used 8139K [0x000000076b980000, 0x000000077bf00000, 0x00000007c0000000)
  eden space 130048K, 0% used [0x000000076b980000,0x000000076b980000,0x0000000773880000)
  from space 10752K, 75% used [0x0000000773880000,0x0000000774072fd8,0x0000000774300000)
  to   space 11776K, 0% used [0x000000077b380000,0x000000077b380000,0x000000077bf00000)
 ParOldGen       total 292864K, used 247819K [0x00000006c2c00000, 0x00000006d4a00000, 0x000000076b980000)
  object space 292864K, 84% used [0x00000006c2c00000,0x00000006d1e02d08,0x00000006d4a00000)
 Metaspace       used 12770K, capacity 13344K, committed 13568K, reserved 1060864K
  class space    used 1783K, capacity 1924K, committed 2048K, reserved 1048576K
Event: 2.163 GC heap after
Heap after GC invocations=7 (full 2):
 PSYoungGen      total 140800K, used 0K [0x000000076b980000, 0x000000077bf00000, 0x00000007c0000000)
  eden space 130048K, 0% used [0x000000076b980000,0x000000076b980000,0x0000000773880000)
  from space 10752K, 0% used [0x0000000773880000,0x0000000773880000,0x0000000774300000)
  to   space 11776K, 0% used [0x000000077b380000,0x000000077b380000,0x000000077bf00000)
 ParOldGen       total 245248K, used 72414K [0x00000006c2c00000, 0x00000006d1b80000, 0x000000076b980000)
  object space 245248K, 29% used [0x00000006c2c00000,0x00000006c72b7bf0,0x00000006d1b80000)
 Metaspace       used 12770K, capacity 13344K, committed 13568K, reserved 1060864K
  class space    used 1783K, capacity 1924K, committed 2048K, reserved 1048576K
}
Event: 2.202 GC heap before
{Heap before GC invocations=8 (full 2):
 PSYoungGen      total 140800K, used 116155K [0x000000076b980000, 0x000000077bf00000, 0x00000007c0000000)
  eden space 130048K, 89% used [0x000000076b980000,0x0000000772aeec98,0x0000000773880000)
  from space 10752K, 0% used [0x0000000773880000,0x0000000773880000,0x0000000774300000)
  to   space 11776K, 0% used [0x000000077b380000,0x000000077b380000,0x000000077bf00000)
 ParOldGen       total 245248K, used 72414K [0x00000006c2c00000, 0x00000006d1b80000, 0x000000076b980000)
  object space 245248K, 29% used [0x00000006c2c00000,0x00000006c72b7bf0,0x00000006d1b80000)
 Metaspace       used 12771K, capacity 13344K, committed 13568K, reserved 1060864K
  class space    used 1783K, capacity 1924K, committed 2048K, reserved 1048576K
Event: 2.229 GC heap after
Heap after GC invocations=8 (full 2):
 PSYoungGen      total 253952K, used 922K [0x000000076b980000, 0x000000077c700000, 0x00000007c0000000)
  eden space 242176K, 0% used [0x000000076b980000,0x000000076b980000,0x000000077a600000)
  from space 11776K, 7% used [0x000000077b380000,0x000000077b466ae0,0x000000077bf00000)
  to   space 13824K, 0% used [0x000000077a600000,0x000000077a600000,0x000000077b380000)
 ParOldGen       total 245248K, used 184915K [0x00000006c2c00000, 0x00000006d1b80000, 0x000000076b980000)
  object space 245248K, 75% used [0x00000006c2c00000,0x00000006ce094c40,0x00000006d1b80000)
 Metaspace       used 12771K, capacity 13344K, committed 13568K, reserved 1060864K
  class space    used 1783K, capacity 1924K, committed 2048K, reserved 1048576K
}
Event: 2.229 GC heap before
{Heap before GC invocations=9 (full 3):
 PSYoungGen      total 253952K, used 922K [0x000000076b980000, 0x000000077c700000, 0x00000007c0000000)
  eden space 242176K, 0% used [0x000000076b980000,0x000000076b980000,0x000000077a600000)
  from space 11776K, 7% used [0x000000077b380000,0x000000077b466ae0,0x000000077bf00000)
  to   space 13824K, 0% used [0x000000077a600000,0x000000077a600000,0x000000077b380000)
 ParOldGen       total 245248K, used 184915K [0x00000006c2c00000, 0x00000006d1b80000, 0x000000076b980000)
  object space 245248K, 75% used [0x00000006c2c00000,0x00000006ce094c40,0x00000006d1b80000)
 Metaspace       used 12771K, capacity 13344K, committed 13568K, reserved 1060864K
  class space    used 1783K, capacity 1924K, committed 2048K, reserved 1048576K
Event: 2.341 GC heap after
Heap after GC invocations=9 (full 3):
 PSYoungGen      total 253952K, used 0K [0x000000076b980000, 0x000000077c700000, 0x00000007c0000000)
  eden space 242176K, 0% used [0x000000076b980000,0x000000076b980000,0x000000077a600000)
  from space 11776K, 0% used [0x000000077b380000,0x000000077b380000,0x000000077bf00000)
  to   space 13824K, 0% used [0x000000077a600000,0x000000077a600000,0x000000077b380000)
 ParOldGen       total 245248K, used 184840K [0x00000006c2c00000, 0x00000006d1b80000, 0x000000076b980000)
  object space 245248K, 75% used [0x00000006c2c00000,0x00000006ce082100,0x00000006d1b80000)
 Metaspace       used 12771K, capacity 13344K, committed 13568K, reserved 1060864K
  class space    used 1783K, capacity 1924K, committed 2048K, reserved 1048576K
}
Event: 2.789 GC heap before
{Heap before GC invocations=10 (full 4):
 PSYoungGen      total 253952K, used 240984K [0x000000076b980000, 0x000000077c700000, 0x00000007c0000000)
  eden space 242176K, 99% used [0x000000076b980000,0x000000077a4d6310,0x000000077a600000)
  from space 11776K, 0% used [0x000000077b380000,0x000000077b380000,0x000000077bf00000)
  to   space 13824K, 0% used [0x000000077a600000,0x000000077a600000,0x000000077b380000)
 ParOldGen       total 245248K, used 184840K [0x00000006c2c00000, 0x00000006d1b80000, 0x000000076b980000)
  object space 245248K, 75% used [0x00000006c2c00000,0x00000006ce082100,0x00000006d1b80000)
 Metaspace       used 12886K, capacity 13418K, committed 13568K, reserved 1060864K
  class space    used 1810K, capacity 1993K, committed 2048K, reserved 1048576K
Event: 2.827 GC heap after
Heap after GC invocations=10 (full 4):
 PSYoungGen      total 253952K, used 0K [0x000000076b980000, 0x000000077c700000, 0x00000007c0000000)
  eden space 242176K, 0% used [0x000000076b980000,0x000000076b980000,0x000000077a600000)
  from space 11776K, 0% used [0x000000077b380000,0x000000077b380000,0x000000077bf00000)
  to   space 13824K, 0% used [0x000000077a600000,0x000000077a600000,0x000000077b380000)
 ParOldGen       total 245248K, used 224514K [0x00000006c2c00000, 0x00000006d1b80000, 0x000000076b980000)
  object space 245248K, 91% used [0x00000006c2c00000,0x00000006d0740ac0,0x00000006d1b80000)
 Metaspace       used 12886K, capacity 13418K, committed 13568K, reserved 1060864K
  class space    used 1810K, capacity 1993K, committed 2048K, reserved 1048576K
}

