# JRE version: Java(TM) SE Runtime Environment (8.0_261-b12) (build 1.8.0_261-b12)
# Java VM: Java HotSpot(TM) 64-Bit Server VM (25.261-b12 mixed mode windows-amd64 compressed oops)
Heap:
 PSYoungGen      total 253440K, used 82231K [0x000000076b980000, 0x000000077c480000, 0x00000007c0000000)
  eden space 241664K, 34% used [0x000000076b980000,0x00000007709cdc00,0x000000077a580000)
  from space 11776K, 0% used [0x000000077b280000,0x000000077b280000,0x000000077be00000)
  to   space 13312K, 0% used [0x000000077a580000,0x000000077a580000,0x000000077b280000)
 ParOldGen       total 246272K, used 227791K [0x00000006c2c00000, 0x00000006d1c80000, 0x000000076b980000)
  object space 246272K, 92% used [0x00000006c2c00000,0x00000006d0a73d10,0x00000006d1c80000)
 Metaspace       used 13395K, capacity 13942K, committed 14080K, reserved 1060864K
  class space    used 1834K, capacity 1995K, committed 2048K, reserved 1048576K
GC Heap History (10 events):
Event: 2.198 GC heap before
{Heap before GC invocations=6 (full 1):
 PSYoungGen      total 140800K, used 110689K [0x000000076b980000, 0x0000000774d80000, 0x00000007c0000000)
  eden space 130048K, 85% used [0x000000076b980000,0x00000007725985c8,0x0000000773880000)
  from space 10752K, 0% used [0x0000000774300000,0x0000000774300000,0x0000000774d80000)
  to   space 10752K, 0% used [0x0000000773880000,0x0000000773880000,0x0000000774300000)
 ParOldGen       total 293376K, used 157810K [0x00000006c2c00000, 0x00000006d4a80000, 0x000000076b980000)
  object space 293376K, 53% used [0x00000006c2c00000,0x00000006cc61cbc8,0x00000006d4a80000)
 Metaspace       used 12784K, capacity 13344K, committed 13568K, reserved 1060864K
  class space    used 1783K, capacity 1924K, committed 2048K, reserved 1048576K
Event: 2.229 GC heap after
Heap after GC invocations=6 (full 1):
 PSYoungGen      total 140800K, used 8062K [0x000000076b980000, 0x000000077be00000, 0x00000007c0000000)
  eden space 130048K, 0% used [0x000000076b980000,0x000000076b980000,0x0000000773880000)
  from space 10752K, 74% used [0x0000000773880000,0x000000077405fa58,0x0000000774300000)
  to   space 11776K, 0% used [0x000000077b280000,0x000000077b280000,0x000000077be00000)
 ParOldGen       total 293376K, used 247819K [0x00000006c2c00000, 0x00000006d4a80000, 0x000000076b980000)
  object space 293376K, 84% used [0x00000006c2c00000,0x00000006d1e02c08,0x00000006d4a80000)
 Metaspace       used 12784K, capacity 13344K, committed 13568K, reserved 1060864K
  class space    used 1783K, capacity 1924K, committed 2048K, reserved 1048576K
}
Event: 2.229 GC heap before
{Heap before GC invocations=7 (full 2):
 PSYoungGen      total 140800K, used 8062K [0x000000076b980000, 0x000000077be00000, 0x00000007c0000000)
  eden space 130048K, 0% used [0x000000076b980000,0x000000076b980000,0x0000000773880000)
  from space 10752K, 74% used [0x0000000773880000,0x000000077405fa58,0x0000000774300000)
  to   space 11776K, 0% used [0x000000077b280000,0x000000077b280000,0x000000077be00000)
 ParOldGen       total 293376K, used 247819K [0x00000006c2c00000, 0x00000006d4a80000, 0x000000076b980000)
  object space 293376K, 84% used [0x00000006c2c00000,0x00000006d1e02c08,0x00000006d4a80000)
 Metaspace       used 12784K, capacity 13344K, committed 13568K, reserved 1060864K
  class space    used 1783K, capacity 1924K, committed 2048K, reserved 1048576K
Event: 2.251 GC heap after
Heap after GC invocations=7 (full 2):
 PSYoungGen      total 140800K, used 0K [0x000000076b980000, 0x000000077be00000, 0x00000007c0000000)
  eden space 130048K, 0% used [0x000000076b980000,0x000000076b980000,0x0000000773880000)
  from space 10752K, 0% used [0x0000000773880000,0x0000000773880000,0x0000000774300000)
  to   space 11776K, 0% used [0x000000077b280000,0x000000077b280000,0x000000077be00000)
 ParOldGen       total 246272K, used 72414K [0x00000006c2c00000, 0x00000006d1c80000, 0x000000076b980000)
  object space 246272K, 29% used [0x00000006c2c00000,0x00000006c72b79b8,0x00000006d1c80000)
 Metaspace       used 12784K, capacity 13344K, committed 13568K, reserved 1060864K
  class space    used 1783K, capacity 1924K, committed 2048K, reserved 1048576K
}
Event: 2.305 GC heap before
{Heap before GC invocations=8 (full 2):
 PSYoungGen      total 140800K, used 116155K [0x000000076b980000, 0x000000077be00000, 0x00000007c0000000)
  eden space 130048K, 89% used [0x000000076b980000,0x0000000772aeeca0,0x0000000773880000)
  from space 10752K, 0% used [0x0000000773880000,0x0000000773880000,0x0000000774300000)
  to   space 11776K, 0% used [0x000000077b280000,0x000000077b280000,0x000000077be00000)
 ParOldGen       total 246272K, used 72414K [0x00000006c2c00000, 0x00000006d1c80000, 0x000000076b980000)
  object space 246272K, 29% used [0x00000006c2c00000,0x00000006c72b79b8,0x00000006d1c80000)
 Metaspace       used 12784K, capacity 13344K, committed 13568K, reserved 1060864K
  class space    used 1783K, capacity 1924K, committed 2048K, reserved 1048576K
Event: 2.322 GC heap after
Heap after GC invocations=8 (full 2):
 PSYoungGen      total 253440K, used 890K [0x000000076b980000, 0x000000077c480000, 0x00000007c0000000)
  eden space 241664K, 0% used [0x000000076b980000,0x000000076b980000,0x000000077a580000)
  from space 11776K, 7% used [0x000000077b280000,0x000000077b35eae0,0x000000077be00000)
  to   space 13312K, 0% used [0x000000077a580000,0x000000077a580000,0x000000077b280000)
 ParOldGen       total 246272K, used 184914K [0x00000006c2c00000, 0x00000006d1c80000, 0x000000076b980000)
  object space 246272K, 75% used [0x00000006c2c00000,0x00000006ce094a08,0x00000006d1c80000)
 Metaspace       used 12784K, capacity 13344K, committed 13568K, reserved 1060864K
  class space    used 1783K, capacity 1924K, committed 2048K, reserved 1048576K
}
Event: 2.322 GC heap before
{Heap before GC invocations=9 (full 3):
 PSYoungGen      total 253440K, used 890K [0x000000076b980000, 0x000000077c480000, 0x00000007c0000000)
  eden space 241664K, 0% used [0x000000076b980000,0x000000076b980000,0x000000077a580000)
  from space 11776K, 7% used [0x000000077b280000,0x000000077b35eae0,0x000000077be00000)
  to   space 13312K, 0% used [0x000000077a580000,0x000000077a580000,0x000000077b280000)
 ParOldGen       total 246272K, used 184914K [0x00000006c2c00000, 0x00000006d1c80000, 0x000000076b980000)
  object space 246272K, 75% used [0x00000006c2c00000,0x00000006ce094a08,0x00000006d1c80000)
 Metaspace       used 12784K, capacity 13344K, committed 13568K, reserved 1060864K
  class space    used 1783K, capacity 1924K, committed 2048K, reserved 1048576K
Event: 2.380 GC heap after
Heap after GC invocations=9 (full 3):
 PSYoungGen      total 253440K, used 0K [0x000000076b980000, 0x000000077c480000, 0x00000007c0000000)
  eden space 241664K, 0% used [0x000000076b980000,0x000000076b980000,0x000000077a580000)
  from space 11776K, 0% used [0x000000077b280000,0x000000077b280000,0x000000077be00000)
  to   space 13312K, 0% used [0x000000077a580000,0x000000077a580000,0x000000077b280000)
 ParOldGen       total 246272K, used 184839K [0x00000006c2c00000, 0x00000006d1c80000, 0x000000076b980000)
  object space 246272K, 75% used [0x00000006c2c00000,0x00000006ce081f80,0x00000006d1c80000)
 Metaspace       used 12784K, capacity 13344K, committed 13568K, reserved 1060864K
  class space    used 1783K, capacity 1924K, committed 2048K, reserved 1048576K
}
Event: 2.937 GC heap before
{Heap before GC invocations=10 (full 4):
 PSYoungGen      total 253440K, used 228563K [0x000000076b980000, 0x000000077c480000, 0x00000007c0000000)
  eden space 241664K, 94% used [0x000000076b980000,0x00000007798b4d88,0x000000077a580000)
  from space 11776K, 0% used [0x000000077b280000,0x000000077b280000,0x000000077be00000)
  to   space 13312K, 0% used [0x000000077a580000,0x000000077a580000,0x000000077b280000)
 ParOldGen       total 246272K, used 184839K [0x00000006c2c00000, 0x00000006d1c80000, 0x000000076b980000)
  object space 246272K, 75% used [0x00000006c2c00000,0x00000006ce081f80,0x00000006d1c80000)
 Metaspace       used 12935K, capacity 13482K, committed 13568K, reserved 1060864K
  class space    used 1818K, capacity 1993K, committed 2048K, reserved 1048576K
Event: 2.981 GC heap after
Heap after GC invocations=10 (full 4):
 PSYoungGen      total 253440K, used 0K [0x000000076b980000, 0x000000077c480000, 0x00000007c0000000)
  eden space 241664K, 0% used [0x000000076b980000,0x000000076b980000,0x000000077a580000)
  from space 11776K, 0% used [0x000000077b280000,0x000000077b280000,0x000000077be00000)
  to   space 13312K, 0% used [0x000000077a580000,0x000000077a580000,0x000000077b280000)
 ParOldGen       total 246272K, used 227791K [0x00000006c2c00000, 0x00000006d1c80000, 0x000000076b980000)
  object space 246272K, 92% used [0x00000006c2c00000,0x00000006d0a73d10,0x00000006d1c80000)
 Metaspace       used 12935K, capacity 13482K, committed 13568K, reserved 1060864K
  class space    used 1818K, capacity 1993K, committed 2048K, reserved 1048576K
}

