# JRE version: Java(TM) SE Runtime Environment (8.0_261-b12) (build 1.8.0_261-b12)
# Java VM: Java HotSpot(TM) 64-Bit Server VM (25.261-b12 mixed mode windows-amd64 compressed oops)
Heap:
 PSYoungGen      total 140800K, used 115353K [0x000000076b980000, 0x000000077c000000, 0x00000007c0000000)
  eden space 130048K, 83% used [0x000000076b980000,0x000000077232af40,0x0000000773880000)
  from space 10752K, 66% used [0x0000000773880000,0x0000000773f7b5a0,0x0000000774300000)
  to   space 7680K, 0% used [0x000000077b880000,0x000000077b880000,0x000000077c000000)
 ParOldGen       total 278528K, used 178071K [0x00000006c2c00000, 0x00000006d3c00000, 0x000000076b980000)
  object space 278528K, 63% used [0x00000006c2c00000,0x00000006cd9e5ec0,0x00000006d3c00000)
 Metaspace       used 14954K, capacity 15568K, committed 15872K, reserved 1062912K
  class space    used 2032K, capacity 2206K, committed 2304K, reserved 1048576K
GC Heap History (10 events):
Event: 1.612 GC heap before
{Heap before GC invocations=2 (full 0):
 PSYoungGen      total 75776K, used 52697K [0x000000076b980000, 0x0000000770e00000, 0x00000007c0000000)
  eden space 65024K, 74% used [0x000000076b980000,0x000000076e8e5b88,0x000000076f900000)
  from space 10752K, 38% used [0x000000076f900000,0x000000076fd10c40,0x0000000770380000)
  to   space 10752K, 0% used [0x0000000770380000,0x0000000770380000,0x0000000770e00000)
 ParOldGen       total 173568K, used 16K [0x00000006c2c00000, 0x00000006cd580000, 0x000000076b980000)
  object space 173568K, 0% used [0x00000006c2c00000,0x00000006c2c04000,0x00000006cd580000)
 Metaspace       used 9301K, capacity 9568K, committed 9856K, reserved 1058816K
  class space    used 1198K, capacity 1305K, committed 1408K, reserved 1048576K
Event: 1.624 GC heap after
Heap after GC invocations=2 (full 0):
 PSYoungGen      total 75776K, used 5299K [0x000000076b980000, 0x0000000774d80000, 0x00000007c0000000)
  eden space 65024K, 0% used [0x000000076b980000,0x000000076b980000,0x000000076f900000)
  from space 10752K, 49% used [0x0000000770380000,0x00000007708acfb0,0x0000000770e00000)
  to   space 10752K, 0% used [0x000000076f900000,0x000000076f900000,0x0000000770380000)
 ParOldGen       total 173568K, used 45024K [0x00000006c2c00000, 0x00000006cd580000, 0x000000076b980000)
  object space 173568K, 25% used [0x00000006c2c00000,0x00000006c57f8020,0x00000006cd580000)
 Metaspace       used 9301K, capacity 9568K, committed 9856K, reserved 1058816K
  class space    used 1198K, capacity 1305K, committed 1408K, reserved 1048576K
}
Event: 1.639 GC heap before
{Heap before GC invocations=3 (full 0):
 PSYoungGen      total 75776K, used 52694K [0x000000076b980000, 0x0000000774d80000, 0x00000007c0000000)
  eden space 65024K, 72% used [0x000000076b980000,0x000000076e7c8b30,0x000000076f900000)
  from space 10752K, 49% used [0x0000000770380000,0x00000007708acfb0,0x0000000770e00000)
  to   space 10752K, 0% used [0x000000076f900000,0x000000076f900000,0x0000000770380000)
 ParOldGen       total 173568K, used 45024K [0x00000006c2c00000, 0x00000006cd580000, 0x000000076b980000)
  object space 173568K, 25% used [0x00000006c2c00000,0x00000006c57f8020,0x00000006cd580000)
 Metaspace       used 9301K, capacity 9568K, committed 9856K, reserved 1058816K
  class space    used 1198K, capacity 1305K, committed 1408K, reserved 1048576K
Event: 1.651 GC heap after
Heap after GC invocations=3 (full 0):
 PSYoungGen      total 75776K, used 5283K [0x000000076b980000, 0x0000000774d80000, 0x00000007c0000000)
  eden space 65024K, 0% used [0x000000076b980000,0x000000076b980000,0x000000076f900000)
  from space 10752K, 49% used [0x000000076f900000,0x000000076fe28fa0,0x0000000770380000)
  to   space 10752K, 0% used [0x0000000774300000,0x0000000774300000,0x0000000774d80000)
 ParOldGen       total 173568K, used 90024K [0x00000006c2c00000, 0x00000006cd580000, 0x000000076b980000)
  object space 173568K, 51% used [0x00000006c2c00000,0x00000006c83ea040,0x00000006cd580000)
 Metaspace       used 9301K, capacity 9568K, committed 9856K, reserved 1058816K
  class space    used 1198K, capacity 1305K, committed 1408K, reserved 1048576K
}
Event: 1.666 GC heap before
{Heap before GC invocations=4 (full 0):
 PSYoungGen      total 75776K, used 51880K [0x000000076b980000, 0x0000000774d80000, 0x00000007c0000000)
  eden space 65024K, 71% used [0x000000076b980000,0x000000076e701120,0x000000076f900000)
  from space 10752K, 49% used [0x000000076f900000,0x000000076fe28fa0,0x0000000770380000)
  to   space 10752K, 0% used [0x0000000774300000,0x0000000774300000,0x0000000774d80000)
 ParOldGen       total 173568K, used 90024K [0x00000006c2c00000, 0x00000006cd580000, 0x000000076b980000)
  object space 173568K, 51% used [0x00000006c2c00000,0x00000006c83ea040,0x00000006cd580000)
 Metaspace       used 9301K, capacity 9568K, committed 9856K, reserved 1058816K
  class space    used 1198K, capacity 1305K, committed 1408K, reserved 1048576K
Event: 1.678 GC heap after
Heap after GC invocations=4 (full 0):
 PSYoungGen      total 140800K, used 5267K [0x000000076b980000, 0x0000000774d80000, 0x00000007c0000000)
  eden space 130048K, 0% used [0x000000076b980000,0x000000076b980000,0x0000000773880000)
  from space 10752K, 48% used [0x0000000774300000,0x0000000774824fb0,0x0000000774d80000)
  to   space 10752K, 0% used [0x0000000773880000,0x0000000773880000,0x0000000774300000)
 ParOldGen       total 173568K, used 135024K [0x00000006c2c00000, 0x00000006cd580000, 0x000000076b980000)
  object space 173568K, 77% used [0x00000006c2c00000,0x00000006cafdc060,0x00000006cd580000)
 Metaspace       used 9301K, capacity 9568K, committed 9856K, reserved 1058816K
  class space    used 1198K, capacity 1305K, committed 1408K, reserved 1048576K
}
Event: 1.678 GC heap before
{Heap before GC invocations=5 (full 1):
 PSYoungGen      total 140800K, used 5267K [0x000000076b980000, 0x0000000774d80000, 0x00000007c0000000)
  eden space 130048K, 0% used [0x000000076b980000,0x000000076b980000,0x0000000773880000)
  from space 10752K, 48% used [0x0000000774300000,0x0000000774824fb0,0x0000000774d80000)
  to   space 10752K, 0% used [0x0000000773880000,0x0000000773880000,0x0000000774300000)
 ParOldGen       total 173568K, used 135024K [0x00000006c2c00000, 0x00000006cd580000, 0x000000076b980000)
  object space 173568K, 77% used [0x00000006c2c00000,0x00000006cafdc060,0x00000006cd580000)
 Metaspace       used 9301K, capacity 9568K, committed 9856K, reserved 1058816K
  class space    used 1198K, capacity 1305K, committed 1408K, reserved 1048576K
Event: 1.698 GC heap after
Heap after GC invocations=5 (full 1):
 PSYoungGen      total 140800K, used 0K [0x000000076b980000, 0x0000000774d80000, 0x00000007c0000000)
  eden space 130048K, 0% used [0x000000076b980000,0x000000076b980000,0x0000000773880000)
  from space 10752K, 0% used [0x0000000774300000,0x0000000774300000,0x0000000774d80000)
  to   space 10752K, 0% used [0x0000000773880000,0x0000000773880000,0x0000000774300000)
 ParOldGen       total 278528K, used 140088K [0x00000006c2c00000, 0x00000006d3c00000, 0x000000076b980000)
  object space 278528K, 50% used [0x00000006c2c00000,0x00000006cb4ce380,0x00000006d3c00000)
 Metaspace       used 9301K, capacity 9568K, committed 9856K, reserved 1058816K
  class space    used 1198K, capacity 1305K, committed 1408K, reserved 1048576K
}
Event: 2.686 GC heap before
{Heap before GC invocations=6 (full 1):
 PSYoungGen      total 140800K, used 127605K [0x000000076b980000, 0x0000000774d80000, 0x00000007c0000000)
  eden space 130048K, 98% used [0x000000076b980000,0x000000077361d720,0x0000000773880000)
  from space 10752K, 0% used [0x0000000774300000,0x0000000774300000,0x0000000774d80000)
  to   space 10752K, 0% used [0x0000000773880000,0x0000000773880000,0x0000000774300000)
 ParOldGen       total 278528K, used 140088K [0x00000006c2c00000, 0x00000006d3c00000, 0x000000076b980000)
  object space 278528K, 50% used [0x00000006c2c00000,0x00000006cb4ce380,0x00000006d3c00000)
 Metaspace       used 14289K, capacity 14834K, committed 14976K, reserved 1062912K
  class space    used 1997K, capacity 2138K, committed 2176K, reserved 1048576K
Event: 2.699 GC heap after
Heap after GC invocations=6 (full 1):
 PSYoungGen      total 140800K, used 7149K [0x000000076b980000, 0x000000077c000000, 0x00000007c0000000)
  eden space 130048K, 0% used [0x000000076b980000,0x000000076b980000,0x0000000773880000)
  from space 10752K, 66% used [0x0000000773880000,0x0000000773f7b5a0,0x0000000774300000)
  to   space 7680K, 0% used [0x000000077b880000,0x000000077b880000,0x000000077c000000)
 ParOldGen       total 278528K, used 178071K [0x00000006c2c00000, 0x00000006d3c00000, 0x000000076b980000)
  object space 278528K, 63% used [0x00000006c2c00000,0x00000006cd9e5ec0,0x00000006d3c00000)
 Metaspace       used 14289K, capacity 14834K, committed 14976K, reserved 1062912K
  class space    used 1997K, capacity 2138K, committed 2176K, reserved 1048576K
}

