# JRE version: Java(TM) SE Runtime Environment (8.0_261-b12) (build 1.8.0_261-b12)
# Java VM: Java HotSpot(TM) 64-Bit Server VM (25.261-b12 mixed mode windows-amd64 compressed oops)
Heap:
 PSYoungGen      total 249344K, used 175500K [0x000000076b980000, 0x000000077c000000, 0x00000007c0000000)
  eden space 240128K, 73% used [0x000000076b980000,0x00000007764e3260,0x000000077a400000)
  from space 9216K, 0% used [0x000000077b700000,0x000000077b700000,0x000000077c000000)
  to   space 14336K, 0% used [0x000000077a400000,0x000000077a400000,0x000000077b200000)
 ParOldGen       total 474624K, used 227859K [0x00000006c2c00000, 0x00000006dfb80000, 0x000000076b980000)
  object space 474624K, 48% used [0x00000006c2c00000,0x00000006d0a84e60,0x00000006dfb80000)
 Metaspace       used 13093K, capacity 13654K, committed 13824K, reserved 1060864K
  class space    used 1803K, capacity 1961K, committed 2048K, reserved 1048576K
GC Heap History (10 events):
Event: 1.556 GC heap before
{Heap before GC invocations=6 (full 1):
 PSYoungGen      total 140800K, used 125039K [0x000000076b980000, 0x0000000774d80000, 0x00000007c0000000)
  eden space 130048K, 96% used [0x000000076b980000,0x000000077339bea8,0x0000000773880000)
  from space 10752K, 0% used [0x0000000774300000,0x0000000774300000,0x0000000774d80000)
  to   space 10752K, 0% used [0x0000000773880000,0x0000000773880000,0x0000000774300000)
 ParOldGen       total 291840K, used 157811K [0x00000006c2c00000, 0x00000006d4900000, 0x000000076b980000)
  object space 291840K, 54% used [0x00000006c2c00000,0x00000006cc61ccd0,0x00000006d4900000)
 Metaspace       used 10477K, capacity 10882K, committed 11136K, reserved 1058816K
  class space    used 1470K, capacity 1571K, committed 1664K, reserved 1048576K
Event: 1.593 GC heap after
Heap after GC invocations=6 (full 1):
 PSYoungGen      total 140800K, used 2474K [0x000000076b980000, 0x000000077c400000, 0x00000007c0000000)
  eden space 130048K, 0% used [0x000000076b980000,0x000000076b980000,0x0000000773880000)
  from space 10752K, 23% used [0x0000000773880000,0x0000000773aea8d0,0x0000000774300000)
  to   space 13312K, 0% used [0x000000077b700000,0x000000077b700000,0x000000077c400000)
 ParOldGen       total 291840K, used 270319K [0x00000006c2c00000, 0x00000006d4900000, 0x000000076b980000)
  object space 291840K, 92% used [0x00000006c2c00000,0x00000006d33fbd20,0x00000006d4900000)
 Metaspace       used 10477K, capacity 10882K, committed 11136K, reserved 1058816K
  class space    used 1470K, capacity 1571K, committed 1664K, reserved 1048576K
}
Event: 1.593 GC heap before
{Heap before GC invocations=7 (full 2):
 PSYoungGen      total 140800K, used 2474K [0x000000076b980000, 0x000000077c400000, 0x00000007c0000000)
  eden space 130048K, 0% used [0x000000076b980000,0x000000076b980000,0x0000000773880000)
  from space 10752K, 23% used [0x0000000773880000,0x0000000773aea8d0,0x0000000774300000)
  to   space 13312K, 0% used [0x000000077b700000,0x000000077b700000,0x000000077c400000)
 ParOldGen       total 291840K, used 270319K [0x00000006c2c00000, 0x00000006d4900000, 0x000000076b980000)
  object space 291840K, 92% used [0x00000006c2c00000,0x00000006d33fbd20,0x00000006d4900000)
 Metaspace       used 10477K, capacity 10882K, committed 11136K, reserved 1058816K
  class space    used 1470K, capacity 1571K, committed 1664K, reserved 1048576K
Event: 1.781 GC heap after
Heap after GC invocations=7 (full 2):
 PSYoungGen      total 140800K, used 0K [0x000000076b980000, 0x000000077c400000, 0x00000007c0000000)
  eden space 130048K, 0% used [0x000000076b980000,0x000000076b980000,0x0000000773880000)
  from space 10752K, 0% used [0x0000000773880000,0x0000000773880000,0x0000000774300000)
  to   space 13312K, 0% used [0x000000077b700000,0x000000077b700000,0x000000077c400000)
 ParOldGen       total 461824K, used 271354K [0x00000006c2c00000, 0x00000006def00000, 0x000000076b980000)
  object space 461824K, 58% used [0x00000006c2c00000,0x00000006d34feba0,0x00000006def00000)
 Metaspace       used 10477K, capacity 10882K, committed 11136K, reserved 1058816K
  class space    used 1470K, capacity 1571K, committed 1664K, reserved 1048576K
}
Event: 1.824 GC heap before
{Heap before GC invocations=8 (full 2):
 PSYoungGen      total 140800K, used 116194K [0x000000076b980000, 0x000000077c400000, 0x00000007c0000000)
  eden space 130048K, 89% used [0x000000076b980000,0x0000000772af8998,0x0000000773880000)
  from space 10752K, 0% used [0x0000000773880000,0x0000000773880000,0x0000000774300000)
  to   space 13312K, 0% used [0x000000077b700000,0x000000077b700000,0x000000077c400000)
 ParOldGen       total 461824K, used 271354K [0x00000006c2c00000, 0x00000006def00000, 0x000000076b980000)
  object space 461824K, 58% used [0x00000006c2c00000,0x00000006d34feba0,0x00000006def00000)
 Metaspace       used 10477K, capacity 10882K, committed 11136K, reserved 1058816K
  class space    used 1470K, capacity 1571K, committed 1664K, reserved 1048576K
Event: 1.868 GC heap after
Heap after GC invocations=8 (full 2):
 PSYoungGen      total 249344K, used 923K [0x000000076b980000, 0x000000077c000000, 0x00000007c0000000)
  eden space 240128K, 0% used [0x000000076b980000,0x000000076b980000,0x000000077a400000)
  from space 9216K, 10% used [0x000000077b700000,0x000000077b7e6e58,0x000000077c000000)
  to   space 14336K, 0% used [0x000000077a400000,0x000000077a400000,0x000000077b200000)
 ParOldGen       total 461824K, used 383854K [0x00000006c2c00000, 0x00000006def00000, 0x000000076b980000)
  object space 461824K, 83% used [0x00000006c2c00000,0x00000006da2dbbf0,0x00000006def00000)
 Metaspace       used 10477K, capacity 10882K, committed 11136K, reserved 1058816K
  class space    used 1470K, capacity 1571K, committed 1664K, reserved 1048576K
}
Event: 1.868 GC heap before
{Heap before GC invocations=9 (full 3):
 PSYoungGen      total 249344K, used 923K [0x000000076b980000, 0x000000077c000000, 0x00000007c0000000)
  eden space 240128K, 0% used [0x000000076b980000,0x000000076b980000,0x000000077a400000)
  from space 9216K, 10% used [0x000000077b700000,0x000000077b7e6e58,0x000000077c000000)
  to   space 14336K, 0% used [0x000000077a400000,0x000000077a400000,0x000000077b200000)
 ParOldGen       total 461824K, used 383854K [0x00000006c2c00000, 0x00000006def00000, 0x000000076b980000)
  object space 461824K, 83% used [0x00000006c2c00000,0x00000006da2dbbf0,0x00000006def00000)
 Metaspace       used 10477K, capacity 10882K, committed 11136K, reserved 1058816K
  class space    used 1470K, capacity 1571K, committed 1664K, reserved 1048576K
Event: 1.959 GC heap after
Heap after GC invocations=9 (full 3):
 PSYoungGen      total 249344K, used 0K [0x000000076b980000, 0x000000077c000000, 0x00000007c0000000)
  eden space 240128K, 0% used [0x000000076b980000,0x000000076b980000,0x000000077a400000)
  from space 9216K, 0% used [0x000000077b700000,0x000000077b700000,0x000000077c000000)
  to   space 14336K, 0% used [0x000000077a400000,0x000000077a400000,0x000000077b200000)
 ParOldGen       total 461824K, used 383813K [0x00000006c2c00000, 0x00000006def00000, 0x000000076b980000)
  object space 461824K, 83% used [0x00000006c2c00000,0x00000006da2d1728,0x00000006def00000)
 Metaspace       used 10477K, capacity 10882K, committed 11136K, reserved 1058816K
  class space    used 1470K, capacity 1571K, committed 1664K, reserved 1048576K
}
Event: 3.660 GC heap before
{Heap before GC invocations=10 (full 4):
 PSYoungGen      total 249344K, used 232543K [0x000000076b980000, 0x000000077c000000, 0x00000007c0000000)
  eden space 240128K, 96% used [0x000000076b980000,0x0000000779c97c60,0x000000077a400000)
  from space 9216K, 0% used [0x000000077b700000,0x000000077b700000,0x000000077c000000)
  to   space 14336K, 0% used [0x000000077a400000,0x000000077a400000,0x000000077b200000)
 ParOldGen       total 461824K, used 383813K [0x00000006c2c00000, 0x00000006def00000, 0x000000076b980000)
  object space 461824K, 83% used [0x00000006c2c00000,0x00000006da2d1728,0x00000006def00000)
 Metaspace       used 12976K, capacity 13526K, committed 13824K, reserved 1060864K
  class space    used 1803K, capacity 1961K, committed 2048K, reserved 1048576K
Event: 3.706 GC heap after
Heap after GC invocations=10 (full 4):
 PSYoungGen      total 249344K, used 0K [0x000000076b980000, 0x000000077c000000, 0x00000007c0000000)
  eden space 240128K, 0% used [0x000000076b980000,0x000000076b980000,0x000000077a400000)
  from space 9216K, 0% used [0x000000077b700000,0x000000077b700000,0x000000077c000000)
  to   space 14336K, 0% used [0x000000077a400000,0x000000077a400000,0x000000077b200000)
 ParOldGen       total 474624K, used 227859K [0x00000006c2c00000, 0x00000006dfb80000, 0x000000076b980000)
  object space 474624K, 48% used [0x00000006c2c00000,0x00000006d0a84e60,0x00000006dfb80000)
 Metaspace       used 12976K, capacity 13526K, committed 13824K, reserved 1060864K
  class space    used 1803K, capacity 1961K, committed 2048K, reserved 1048576K
}

