# JRE version: Java(TM) SE Runtime Environment (8.0_261-b12) (build 1.8.0_261-b12)
# Java VM: Java HotSpot(TM) 64-Bit Server VM (25.261-b12 mixed mode windows-amd64 compressed oops)
Heap:
 PSYoungGen      total 247808K, used 72037K [0x000000076b980000, 0x000000077be00000, 0x00000007c0000000)
  eden space 238080K, 28% used [0x000000076b980000,0x000000076fbcec58,0x000000077a200000)
  from space 9728K, 42% used [0x000000077b480000,0x000000077b88a910,0x000000077be00000)
  to   space 14336K, 0% used [0x000000077a200000,0x000000077a200000,0x000000077b000000)
 ParOldGen       total 492032K, used 313792K [0x00000006c2c00000, 0x00000006e0c80000, 0x000000076b980000)
  object space 492032K, 63% used [0x00000006c2c00000,0x00000006d5e70088,0x00000006e0c80000)
 Metaspace       used 13490K, capacity 14040K, committed 14336K, reserved 1060864K
  class space    used 1800K, capacity 1962K, committed 2048K, reserved 1048576K
GC Heap History (10 events):
Event: 3.168 GC heap before
{Heap before GC invocations=10 (full 4):
 PSYoungGen      total 247808K, used 229795K [0x000000076b980000, 0x000000077be00000, 0x00000007c0000000)
  eden space 238080K, 96% used [0x000000076b980000,0x00000007799e8e30,0x000000077a200000)
  from space 9728K, 0% used [0x000000077b480000,0x000000077b480000,0x000000077be00000)
  to   space 14336K, 0% used [0x000000077a200000,0x000000077a200000,0x000000077b000000)
 ParOldGen       total 465408K, used 383813K [0x00000006c2c00000, 0x00000006df280000, 0x000000076b980000)
  object space 465408K, 82% used [0x00000006c2c00000,0x00000006da2d1720,0x00000006df280000)
 Metaspace       used 12836K, capacity 13398K, committed 13568K, reserved 1060864K
  class space    used 1789K, capacity 1961K, committed 2048K, reserved 1048576K
Event: 3.220 GC heap after
Heap after GC invocations=10 (full 4):
 PSYoungGen      total 247808K, used 0K [0x000000076b980000, 0x000000077be00000, 0x00000007c0000000)
  eden space 238080K, 0% used [0x000000076b980000,0x000000076b980000,0x000000077a200000)
  from space 9728K, 0% used [0x000000077b480000,0x000000077b480000,0x000000077be00000)
  to   space 14336K, 0% used [0x000000077a200000,0x000000077a200000,0x000000077b000000)
 ParOldGen       total 492032K, used 227797K [0x00000006c2c00000, 0x00000006e0c80000, 0x000000076b980000)
  object space 492032K, 46% used [0x00000006c2c00000,0x00000006d0a75608,0x00000006e0c80000)
 Metaspace       used 12836K, capacity 13398K, committed 13568K, reserved 1060864K
  class space    used 1789K, capacity 1961K, committed 2048K, reserved 1048576K
}
Event: 3.699 GC heap before
{Heap before GC invocations=11 (full 4):
 PSYoungGen      total 247808K, used 226520K [0x000000076b980000, 0x000000077be00000, 0x00000007c0000000)
  eden space 238080K, 95% used [0x000000076b980000,0x00000007796b62f8,0x000000077a200000)
  from space 9728K, 0% used [0x000000077b480000,0x000000077b480000,0x000000077be00000)
  to   space 14336K, 0% used [0x000000077a200000,0x000000077a200000,0x000000077b000000)
 ParOldGen       total 492032K, used 227797K [0x00000006c2c00000, 0x00000006e0c80000, 0x000000076b980000)
  object space 492032K, 46% used [0x00000006c2c00000,0x00000006d0a75608,0x00000006e0c80000)
 Metaspace       used 13193K, capacity 13720K, committed 13824K, reserved 1060864K
  class space    used 1799K, capacity 1962K, committed 2048K, reserved 1048576K
Event: 3.709 GC heap after
Heap after GC invocations=11 (full 4):
 PSYoungGen      total 252416K, used 13673K [0x000000076b980000, 0x000000077be00000, 0x00000007c0000000)
  eden space 238080K, 0% used [0x000000076b980000,0x000000076b980000,0x000000077a200000)
  from space 14336K, 95% used [0x000000077a200000,0x000000077af5a410,0x000000077b000000)
  to   space 9728K, 0% used [0x000000077b480000,0x000000077b480000,0x000000077be00000)
 ParOldGen       total 492032K, used 244336K [0x00000006c2c00000, 0x00000006e0c80000, 0x000000076b980000)
  object space 492032K, 49% used [0x00000006c2c00000,0x00000006d1a9c328,0x00000006e0c80000)
 Metaspace       used 13193K, capacity 13720K, committed 13824K, reserved 1060864K
  class space    used 1799K, capacity 1962K, committed 2048K, reserved 1048576K
}
Event: 3.941 GC heap before
{Heap before GC invocations=12 (full 4):
 PSYoungGen      total 252416K, used 242818K [0x000000076b980000, 0x000000077be00000, 0x00000007c0000000)
  eden space 238080K, 96% used [0x000000076b980000,0x0000000779946428,0x000000077a200000)
  from space 14336K, 95% used [0x000000077a200000,0x000000077af5a410,0x000000077b000000)
  to   space 9728K, 0% used [0x000000077b480000,0x000000077b480000,0x000000077be00000)
 ParOldGen       total 492032K, used 244336K [0x00000006c2c00000, 0x00000006e0c80000, 0x000000076b980000)
  object space 492032K, 49% used [0x00000006c2c00000,0x00000006d1a9c328,0x00000006e0c80000)
 Metaspace       used 13277K, capacity 13784K, committed 14080K, reserved 1060864K
  class space    used 1799K, capacity 1962K, committed 2048K, reserved 1048576K
Event: 3.948 GC heap after
Heap after GC invocations=12 (full 4):
 PSYoungGen      total 247808K, used 3882K [0x000000076b980000, 0x000000077be00000, 0x00000007c0000000)
  eden space 238080K, 0% used [0x000000076b980000,0x000000076b980000,0x000000077a200000)
  from space 9728K, 39% used [0x000000077b480000,0x000000077b84a910,0x000000077be00000)
  to   space 14336K, 0% used [0x000000077a200000,0x000000077a200000,0x000000077b000000)
 ParOldGen       total 492032K, used 270794K [0x00000006c2c00000, 0x00000006e0c80000, 0x000000076b980000)
  object space 492032K, 55% used [0x00000006c2c00000,0x00000006d3472b48,0x00000006e0c80000)
 Metaspace       used 13277K, capacity 13784K, committed 14080K, reserved 1060864K
  class space    used 1799K, capacity 1962K, committed 2048K, reserved 1048576K
}
Event: 4.246 GC heap before
{Heap before GC invocations=13 (full 4):
 PSYoungGen      total 247808K, used 241080K [0x000000076b980000, 0x000000077be00000, 0x00000007c0000000)
  eden space 238080K, 99% used [0x000000076b980000,0x000000077a123728,0x000000077a200000)
  from space 9728K, 39% used [0x000000077b480000,0x000000077b84a910,0x000000077be00000)
  to   space 14336K, 0% used [0x000000077a200000,0x000000077a200000,0x000000077b000000)
 ParOldGen       total 492032K, used 270794K [0x00000006c2c00000, 0x00000006e0c80000, 0x000000076b980000)
  object space 492032K, 55% used [0x00000006c2c00000,0x00000006d3472b48,0x00000006e0c80000)
 Metaspace       used 13416K, capacity 13912K, committed 14080K, reserved 1060864K
  class space    used 1800K, capacity 1962K, committed 2048K, reserved 1048576K
Event: 4.251 GC heap after
Heap after GC invocations=13 (full 4):
 PSYoungGen      total 252416K, used 13961K [0x000000076b980000, 0x000000077be00000, 0x00000007c0000000)
  eden space 238080K, 0% used [0x000000076b980000,0x000000076b980000,0x000000077a200000)
  from space 14336K, 97% used [0x000000077a200000,0x000000077afa2410,0x000000077b000000)
  to   space 9728K, 0% used [0x000000077b480000,0x000000077b480000,0x000000077be00000)
 ParOldGen       total 492032K, used 287334K [0x00000006c2c00000, 0x00000006e0c80000, 0x000000076b980000)
  object space 492032K, 58% used [0x00000006c2c00000,0x00000006d4499868,0x00000006e0c80000)
 Metaspace       used 13416K, capacity 13912K, committed 14080K, reserved 1060864K
  class space    used 1800K, capacity 1962K, committed 2048K, reserved 1048576K
}
Event: 4.462 GC heap before
{Heap before GC invocations=14 (full 4):
 PSYoungGen      total 252416K, used 243412K [0x000000076b980000, 0x000000077be00000, 0x00000007c0000000)
  eden space 238080K, 96% used [0x000000076b980000,0x0000000779992fb0,0x000000077a200000)
  from space 14336K, 97% used [0x000000077a200000,0x000000077afa2410,0x000000077b000000)
  to   space 9728K, 0% used [0x000000077b480000,0x000000077b480000,0x000000077be00000)
 ParOldGen       total 492032K, used 287334K [0x00000006c2c00000, 0x00000006e0c80000, 0x000000076b980000)
  object space 492032K, 58% used [0x00000006c2c00000,0x00000006d4499868,0x00000006e0c80000)
 Metaspace       used 13436K, capacity 13976K, committed 14080K, reserved 1060864K
  class space    used 1800K, capacity 1962K, committed 2048K, reserved 1048576K
Event: 4.466 GC heap after
Heap after GC invocations=14 (full 4):
 PSYoungGen      total 247808K, used 4138K [0x000000076b980000, 0x000000077be00000, 0x00000007c0000000)
  eden space 238080K, 0% used [0x000000076b980000,0x000000076b980000,0x000000077a200000)
  from space 9728K, 42% used [0x000000077b480000,0x000000077b88a910,0x000000077be00000)
  to   space 14336K, 0% used [0x000000077a200000,0x000000077a200000,0x000000077b000000)
 ParOldGen       total 492032K, used 313792K [0x00000006c2c00000, 0x00000006e0c80000, 0x000000076b980000)
  object space 492032K, 63% used [0x00000006c2c00000,0x00000006d5e70088,0x00000006e0c80000)
 Metaspace       used 13436K, capacity 13976K, committed 14080K, reserved 1060864K
  class space    used 1800K, capacity 1962K, committed 2048K, reserved 1048576K
}

