# JRE version: Java(TM) SE Runtime Environment (8.0_261-b12) (build 1.8.0_261-b12)
# Java VM: Java HotSpot(TM) 64-Bit Server VM (25.261-b12 mixed mode windows-amd64 compressed oops)
Heap:
 PSYoungGen      total 338944K, used 243791K [0x000000076b980000, 0x0000000786800000, 0x00000007c0000000)
  eden space 313856K, 72% used [0x000000076b980000,0x00000007796df1a8,0x000000077ec00000)
  from space 25088K, 68% used [0x000000077ec00000,0x000000077fcb4c40,0x0000000780480000)
  to   space 25600K, 0% used [0x0000000784f00000,0x0000000784f00000,0x0000000786800000)
 ParOldGen       total 461312K, used 254678K [0x00000006c2c00000, 0x00000006dee80000, 0x000000076b980000)
  object space 461312K, 55% used [0x00000006c2c00000,0x00000006d24b5a50,0x00000006dee80000)
 Metaspace       used 13884K, capacity 14488K, committed 14592K, reserved 1062912K
  class space    used 1823K, capacity 1996K, committed 2048K, reserved 1048576K
GC Heap History (10 events):
Event: 4.843 GC heap before
{Heap before GC invocations=11 (full 3):
 PSYoungGen      total 260096K, used 251472K [0x000000076b980000, 0x000000077c980000, 0x00000007c0000000)
  eden space 246272K, 96% used [0x000000076b980000,0x000000077a19aa28,0x000000077aa00000)
  from space 13824K, 99% used [0x000000077aa00000,0x000000077b779860,0x000000077b780000)
  to   space 11776K, 0% used [0x000000077b780000,0x000000077b780000,0x000000077c300000)
 ParOldGen       total 399360K, used 246378K [0x00000006c2c00000, 0x00000006db200000, 0x000000076b980000)
  object space 399360K, 61% used [0x00000006c2c00000,0x00000006d1c9a930,0x00000006db200000)
 Metaspace       used 13490K, capacity 14020K, committed 14080K, reserved 1060864K
  class space    used 1822K, capacity 1996K, committed 2048K, reserved 1048576K
Event: 4.857 GC heap after
Heap after GC invocations=11 (full 3):
 PSYoungGen      total 258048K, used 4103K [0x000000076b980000, 0x000000077c980000, 0x00000007c0000000)
  eden space 246272K, 0% used [0x000000076b980000,0x000000076b980000,0x000000077aa00000)
  from space 11776K, 34% used [0x000000077b780000,0x000000077bb81d60,0x000000077c300000)
  to   space 13824K, 0% used [0x000000077aa00000,0x000000077aa00000,0x000000077b780000)
 ParOldGen       total 399360K, used 272836K [0x00000006c2c00000, 0x00000006db200000, 0x000000076b980000)
  object space 399360K, 68% used [0x00000006c2c00000,0x00000006d3671150,0x00000006db200000)
 Metaspace       used 13490K, capacity 14020K, committed 14080K, reserved 1060864K
  class space    used 1822K, capacity 1996K, committed 2048K, reserved 1048576K
}
Event: 7.977 GC heap before
{Heap before GC invocations=12 (full 3):
 PSYoungGen      total 258048K, used 237186K [0x000000076b980000, 0x000000077c980000, 0x00000007c0000000)
  eden space 246272K, 94% used [0x000000076b980000,0x0000000779d1ecb8,0x000000077aa00000)
  from space 11776K, 34% used [0x000000077b780000,0x000000077bb81d60,0x000000077c300000)
  to   space 13824K, 0% used [0x000000077aa00000,0x000000077aa00000,0x000000077b780000)
 ParOldGen       total 399360K, used 272836K [0x00000006c2c00000, 0x00000006db200000, 0x000000076b980000)
  object space 399360K, 68% used [0x00000006c2c00000,0x00000006d3671150,0x00000006db200000)
 Metaspace       used 13622K, capacity 14160K, committed 14336K, reserved 1060864K
  class space    used 1823K, capacity 1996K, committed 2048K, reserved 1048576K
Event: 7.985 GC heap after
Heap after GC invocations=12 (full 3):
 PSYoungGen      total 260096K, used 13798K [0x000000076b980000, 0x0000000781c00000, 0x00000007c0000000)
  eden space 246272K, 0% used [0x000000076b980000,0x000000076b980000,0x000000077aa00000)
  from space 13824K, 99% used [0x000000077aa00000,0x000000077b779860,0x000000077b780000)
  to   space 24064K, 0% used [0x0000000780480000,0x0000000780480000,0x0000000781c00000)
 ParOldGen       total 399360K, used 289607K [0x00000006c2c00000, 0x00000006db200000, 0x000000076b980000)
  object space 399360K, 72% used [0x00000006c2c00000,0x00000006d46d1fa0,0x00000006db200000)
 Metaspace       used 13622K, capacity 14160K, committed 14336K, reserved 1060864K
  class space    used 1823K, capacity 1996K, committed 2048K, reserved 1048576K
}
Event: 7.985 GC heap before
{Heap before GC invocations=13 (full 4):
 PSYoungGen      total 260096K, used 13798K [0x000000076b980000, 0x0000000781c00000, 0x00000007c0000000)
  eden space 246272K, 0% used [0x000000076b980000,0x000000076b980000,0x000000077aa00000)
  from space 13824K, 99% used [0x000000077aa00000,0x000000077b779860,0x000000077b780000)
  to   space 24064K, 0% used [0x0000000780480000,0x0000000780480000,0x0000000781c00000)
 ParOldGen       total 399360K, used 289607K [0x00000006c2c00000, 0x00000006db200000, 0x000000076b980000)
  object space 399360K, 72% used [0x00000006c2c00000,0x00000006d46d1fa0,0x00000006db200000)
 Metaspace       used 13622K, capacity 14160K, committed 14336K, reserved 1060864K
  class space    used 1823K, capacity 1996K, committed 2048K, reserved 1048576K
Event: 8.027 GC heap after
Heap after GC invocations=13 (full 4):
 PSYoungGen      total 260096K, used 0K [0x000000076b980000, 0x0000000781c00000, 0x00000007c0000000)
  eden space 246272K, 0% used [0x000000076b980000,0x000000076b980000,0x000000077aa00000)
  from space 13824K, 0% used [0x000000077aa00000,0x000000077aa00000,0x000000077b780000)
  to   space 24064K, 0% used [0x0000000780480000,0x0000000780480000,0x0000000781c00000)
 ParOldGen       total 461312K, used 228212K [0x00000006c2c00000, 0x00000006dee80000, 0x000000076b980000)
  object space 461312K, 49% used [0x00000006c2c00000,0x00000006d0add230,0x00000006dee80000)
 Metaspace       used 13622K, capacity 14160K, committed 14336K, reserved 1060864K
  class space    used 1823K, capacity 1996K, committed 2048K, reserved 1048576K
}
Event: 8.831 GC heap before
{Heap before GC invocations=14 (full 4):
 PSYoungGen      total 260096K, used 236637K [0x000000076b980000, 0x0000000781c00000, 0x00000007c0000000)
  eden space 246272K, 96% used [0x000000076b980000,0x000000077a097588,0x000000077aa00000)
  from space 13824K, 0% used [0x000000077aa00000,0x000000077aa00000,0x000000077b780000)
  to   space 24064K, 0% used [0x0000000780480000,0x0000000780480000,0x0000000781c00000)
 ParOldGen       total 461312K, used 228212K [0x00000006c2c00000, 0x00000006dee80000, 0x000000076b980000)
  object space 461312K, 49% used [0x00000006c2c00000,0x00000006d0add230,0x00000006dee80000)
 Metaspace       used 13683K, capacity 14224K, committed 14336K, reserved 1060864K
  class space    used 1823K, capacity 1996K, committed 2048K, reserved 1048576K
Event: 8.842 GC heap after
Heap after GC invocations=14 (full 4):
 PSYoungGen      total 337920K, used 17055K [0x000000076b980000, 0x0000000781e80000, 0x00000007c0000000)
  eden space 313856K, 0% used [0x000000076b980000,0x000000076b980000,0x000000077ec00000)
  from space 24064K, 70% used [0x0000000780480000,0x0000000781527fa0,0x0000000781c00000)
  to   space 25088K, 0% used [0x000000077ec00000,0x000000077ec00000,0x0000000780480000)
 ParOldGen       total 461312K, used 241445K [0x00000006c2c00000, 0x00000006dee80000, 0x000000076b980000)
  object space 461312K, 52% used [0x00000006c2c00000,0x00000006d17c9640,0x00000006dee80000)
 Metaspace       used 13683K, capacity 14224K, committed 14336K, reserved 1060864K
  class space    used 1823K, capacity 1996K, committed 2048K, reserved 1048576K
}
Event: 10.061 GC heap before
{Heap before GC invocations=15 (full 4):
 PSYoungGen      total 337920K, used 328010K [0x000000076b980000, 0x0000000781e80000, 0x00000007c0000000)
  eden space 313856K, 99% used [0x000000076b980000,0x000000077e92a9f8,0x000000077ec00000)
  from space 24064K, 70% used [0x0000000780480000,0x0000000781527fa0,0x0000000781c00000)
  to   space 25088K, 0% used [0x000000077ec00000,0x000000077ec00000,0x0000000780480000)
 ParOldGen       total 461312K, used 241445K [0x00000006c2c00000, 0x00000006dee80000, 0x000000076b980000)
  object space 461312K, 52% used [0x00000006c2c00000,0x00000006d17c9640,0x00000006dee80000)
 Metaspace       used 13842K, capacity 14356K, committed 14592K, reserved 1062912K
  class space    used 1823K, capacity 1996K, committed 2048K, reserved 1048576K
Event: 10.072 GC heap after
Heap after GC invocations=15 (full 4):
 PSYoungGen      total 338944K, used 17107K [0x000000076b980000, 0x0000000786800000, 0x00000007c0000000)
  eden space 313856K, 0% used [0x000000076b980000,0x000000076b980000,0x000000077ec00000)
  from space 25088K, 68% used [0x000000077ec00000,0x000000077fcb4c40,0x0000000780480000)
  to   space 25600K, 0% used [0x0000000784f00000,0x0000000784f00000,0x0000000786800000)
 ParOldGen       total 461312K, used 254678K [0x00000006c2c00000, 0x00000006dee80000, 0x000000076b980000)
  object space 461312K, 55% used [0x00000006c2c00000,0x00000006d24b5a50,0x00000006dee80000)
 Metaspace       used 13842K, capacity 14356K, committed 14592K, reserved 1062912K
  class space    used 1823K, capacity 1996K, committed 2048K, reserved 1048576K
}

